--------------- Clean Started: 03/29/2018 16:46:03 Project: HomeAutomation, Configuration: ARM GCC 5.4-2016-q2-update Debug ---------------
Deleting file ".\CortexM0p\ARM_GCC_541\Debug\main.o"
Deleting file ".\CortexM0p\ARM_GCC_541\Debug\tiny_printf.o"
Deleting file ".\CortexM0p\ARM_GCC_541\Debug\cyfitter_cfg.o"
Deleting file ".\CortexM0p\ARM_GCC_541\Debug\cymetadata.o"
Deleting file ".\CortexM0p\ARM_GCC_541\Debug\Cm0plusStart.o"
Deleting file ".\CortexM0p\ARM_GCC_541\Debug\CyFlash.o"
Deleting file ".\CortexM0p\ARM_GCC_541\Debug\CyLib.o"
Deleting file ".\CortexM0p\ARM_GCC_541\Debug\cyPm.o"
Deleting file ".\CortexM0p\ARM_GCC_541\Debug\cyutils.o"
Deleting file ".\CortexM0p\ARM_GCC_541\Debug\CyBootAsmGnu.o"
Deleting file ".\CortexM0p\ARM_GCC_541\Debug\CyDMA.o"
Deleting file ".\CortexM0p\ARM_GCC_541\Debug\CyLFClk.o"
Deleting file ".\CortexM0p\ARM_GCC_541\Debug\cy_em_eeprom.o"
Deleting file ".\CortexM0p\ARM_GCC_541\Debug\user_pin_blue.o"
Deleting file ".\CortexM0p\ARM_GCC_541\Debug\user_pin_blue_PM.o"
Deleting file ".\CortexM0p\ARM_GCC_541\Debug\console.o"
Deleting file ".\CortexM0p\ARM_GCC_541\Debug\console_SPI_UART.o"
Deleting file ".\CortexM0p\ARM_GCC_541\Debug\console_SPI_UART_INT.o"
Deleting file ".\CortexM0p\ARM_GCC_541\Debug\console_PM.o"
Deleting file ".\CortexM0p\ARM_GCC_541\Debug\console_UART.o"
Deleting file ".\CortexM0p\ARM_GCC_541\Debug\console_BOOT.o"
Deleting file ".\CortexM0p\ARM_GCC_541\Debug\console_UART_BOOT.o"
Deleting file ".\CortexM0p\ARM_GCC_541\Debug\console_SCBCLK.o"
Deleting file ".\CortexM0p\ARM_GCC_541\Debug\console_tx.o"
Deleting file ".\CortexM0p\ARM_GCC_541\Debug\console_tx_PM.o"
Deleting file ".\CortexM0p\ARM_GCC_541\Debug\console_rx.o"
Deleting file ".\CortexM0p\ARM_GCC_541\Debug\console_rx_PM.o"
Deleting file ".\CortexM0p\ARM_GCC_541\Debug\user_sw1.o"
Deleting file ".\CortexM0p\ARM_GCC_541\Debug\user_sw1_PM.o"
Deleting file ".\CortexM0p\ARM_GCC_541\Debug\HomeAutomation.hex"
Deleting file ".\CortexM0p\ARM_GCC_541\Debug\HomeAutomation.elf"
Deleting file ".\CortexM0p\ARM_GCC_541\Debug\HomeAutomation.map"
Deleting file ".\HomeAutomation.rpt"
Deleting file ".\CortexM0p\ARM_GCC_541\Debug\.deps\SOURCE_C__ARM_GCC_GENERIC.P"
Deleting file ".\CortexM0p\ARM_GCC_541\Debug\.deps\SOURCE_ASM__ARM_GCC_GENERIC.P"
--------------- Clean Succeeded: 03/29/2018 16:46:03 ---------------
