ARM GAS  C:\Users\Banni\AppData\Local\Temp\cc93R5Ta.s 			page 1


   1              		.syntax unified
   2              		.cpu cortex-m0plus
   3              		.fpu softvfp
   4              		.eabi_attribute 20, 1
   5              		.eabi_attribute 21, 1
   6              		.eabi_attribute 23, 3
   7              		.eabi_attribute 24, 1
   8              		.eabi_attribute 25, 1
   9              		.eabi_attribute 26, 1
  10              		.eabi_attribute 30, 1
  11              		.eabi_attribute 34, 0
  12              		.eabi_attribute 18, 4
  13              		.thumb
  14              		.syntax unified
  15              		.file	"main.c"
  16              		.text
  17              	.Ltext0:
  18              		.cfi_sections	.debug_frame
  19              		.section	.text.main,"ax",%progbits
  20              		.align	2
  21              		.global	main
  22              		.code	16
  23              		.thumb_func
  24              		.type	main, %function
  25              	main:
  26              	.LFB33:
  27              		.file 1 "main.c"
   1:main.c        **** /* ========================================
   2:main.c        ****  *
   3:main.c        ****  * Copyright YOUR COMPANY, THE YEAR
   4:main.c        ****  * All Rights Reserved
   5:main.c        ****  * UNPUBLISHED, LICENSED SOFTWARE.
   6:main.c        ****  *
   7:main.c        ****  * CONFIDENTIAL AND PROPRIETARY INFORMATION
   8:main.c        ****  * WHICH IS THE PROPERTY OF your company.
   9:main.c        ****  *
  10:main.c        ****  * ========================================
  11:main.c        **** */
  12:main.c        **** #include "project.h"
  13:main.c        **** #include "tiny_printf.h"
  14:main.c        **** 
  15:main.c        **** int main(void)
  16:main.c        **** {
  28              		.loc 1 16 0
  29              		.cfi_startproc
  30              		@ args = 0, pretend = 0, frame = 0
  31              		@ frame_needed = 0, uses_anonymous_args = 0
  32 0000 10B5     		push	{r4, lr}
  33              		.cfi_def_cfa_offset 8
  34              		.cfi_offset 4, -8
  35              		.cfi_offset 14, -4
  17:main.c        ****     CyGlobalIntEnable; /* Enable global interrupts. */
  36              		.loc 1 17 0
  37              		.syntax divided
  38              	@ 17 "main.c" 1
  39 0002 62B6     		CPSIE   i
  40              	@ 0 "" 2
ARM GAS  C:\Users\Banni\AppData\Local\Temp\cc93R5Ta.s 			page 2


  18:main.c        ****     console_Start();
  41              		.loc 1 18 0
  42              		.thumb
  43              		.syntax unified
  44 0004 FFF7FEFF 		bl	console_Start
  45              	.LVL0:
  46              	.L3:
  47              	.LBB2:
  19:main.c        ****     /* Place your initialization/startup code here (e.g. MyInst_Start()) */
  20:main.c        ****     for(;;)
  21:main.c        ****     {
  22:main.c        ****         uint8_t switchState = ~user_sw1_Read();
  48              		.loc 1 22 0
  49 0008 FFF7FEFF 		bl	user_sw1_Read
  50              	.LVL1:
  51 000c C443     		mvns	r4, r0
  52 000e E4B2     		uxtb	r4, r4
  53              	.LVL2:
  23:main.c        ****         if (switchState == 0xFF)
  54              		.loc 1 23 0
  55 0010 FF2C     		cmp	r4, #255
  56 0012 02D1     		bne	.L2
  24:main.c        ****         {
  25:main.c        ****             tiny_printf("Just testing\n");
  57              		.loc 1 25 0
  58 0014 0348     		ldr	r0, .L4
  59 0016 FFF7FEFF 		bl	tiny_printf
  60              	.LVL3:
  61              	.L2:
  26:main.c        ****         }
  27:main.c        ****         
  28:main.c        ****         user_pin_blue_Write(switchState);
  62              		.loc 1 28 0
  63 001a 2000     		movs	r0, r4
  64 001c FFF7FEFF 		bl	user_pin_blue_Write
  65              	.LVL4:
  66              	.LBE2:
  29:main.c        ****         /* Place your application code here. */
  30:main.c        ****     }
  67              		.loc 1 30 0
  68 0020 F2E7     		b	.L3
  69              	.L5:
  70 0022 C046     		.align	2
  71              	.L4:
  72 0024 00000000 		.word	.LC0
  73              		.cfi_endproc
  74              	.LFE33:
  75              		.size	main, .-main
  76              		.section	.rodata.str1.4,"aMS",%progbits,1
  77              		.align	2
  78              	.LC0:
  79 0000 4A757374 		.ascii	"Just testing\012\000"
  79      20746573 
  79      74696E67 
  79      0A00
  80              		.text
  81              	.Letext0:
ARM GAS  C:\Users\Banni\AppData\Local\Temp\cc93R5Ta.s 			page 3


  82              		.file 2 "f:\\cypress\\psoc creator\\4.2\\psoc creator\\import\\gnu\\arm\\5.4.1\\arm-none-eabi\\inc
  83              		.file 3 "f:\\cypress\\psoc creator\\4.2\\psoc creator\\import\\gnu\\arm\\5.4.1\\arm-none-eabi\\inc
  84              		.file 4 "Generated_Source\\PSoC4/user_sw1.h"
  85              		.file 5 "tiny_printf.h"
  86              		.file 6 "Generated_Source\\PSoC4/user_pin_blue.h"
  87              		.file 7 "Generated_Source\\PSoC4/console.h"
  88              		.section	.debug_info,"",%progbits
  89              	.Ldebug_info0:
  90 0000 3B010000 		.4byte	0x13b
  91 0004 0400     		.2byte	0x4
  92 0006 00000000 		.4byte	.Ldebug_abbrev0
  93 000a 04       		.byte	0x4
  94 000b 01       		.uleb128 0x1
  95 000c B8000000 		.4byte	.LASF20
  96 0010 0C       		.byte	0xc
  97 0011 29000000 		.4byte	.LASF21
  98 0015 58010000 		.4byte	.LASF22
  99 0019 00000000 		.4byte	.Ldebug_ranges0+0
 100 001d 00000000 		.4byte	0
 101 0021 00000000 		.4byte	.Ldebug_line0
 102 0025 02       		.uleb128 0x2
 103 0026 01       		.byte	0x1
 104 0027 06       		.byte	0x6
 105 0028 C0010000 		.4byte	.LASF0
 106 002c 03       		.uleb128 0x3
 107 002d 78000000 		.4byte	.LASF9
 108 0031 02       		.byte	0x2
 109 0032 1D       		.byte	0x1d
 110 0033 37000000 		.4byte	0x37
 111 0037 02       		.uleb128 0x2
 112 0038 01       		.byte	0x1
 113 0039 08       		.byte	0x8
 114 003a 1B000000 		.4byte	.LASF1
 115 003e 02       		.uleb128 0x2
 116 003f 02       		.byte	0x2
 117 0040 05       		.byte	0x5
 118 0041 DE010000 		.4byte	.LASF2
 119 0045 02       		.uleb128 0x2
 120 0046 02       		.byte	0x2
 121 0047 07       		.byte	0x7
 122 0048 AD010000 		.4byte	.LASF3
 123 004c 02       		.uleb128 0x2
 124 004d 04       		.byte	0x4
 125 004e 05       		.byte	0x5
 126 004f 4F010000 		.4byte	.LASF4
 127 0053 02       		.uleb128 0x2
 128 0054 04       		.byte	0x4
 129 0055 07       		.byte	0x7
 130 0056 4F000000 		.4byte	.LASF5
 131 005a 02       		.uleb128 0x2
 132 005b 08       		.byte	0x8
 133 005c 05       		.byte	0x5
 134 005d 00000000 		.4byte	.LASF6
 135 0061 02       		.uleb128 0x2
 136 0062 08       		.byte	0x8
 137 0063 07       		.byte	0x7
 138 0064 61000000 		.4byte	.LASF7
ARM GAS  C:\Users\Banni\AppData\Local\Temp\cc93R5Ta.s 			page 4


 139 0068 04       		.uleb128 0x4
 140 0069 04       		.byte	0x4
 141 006a 05       		.byte	0x5
 142 006b 696E7400 		.ascii	"int\000"
 143 006f 02       		.uleb128 0x2
 144 0070 04       		.byte	0x4
 145 0071 07       		.byte	0x7
 146 0072 0E000000 		.4byte	.LASF8
 147 0076 03       		.uleb128 0x3
 148 0077 B0000000 		.4byte	.LASF10
 149 007b 03       		.byte	0x3
 150 007c 18       		.byte	0x18
 151 007d 2C000000 		.4byte	0x2c
 152 0081 02       		.uleb128 0x2
 153 0082 04       		.byte	0x4
 154 0083 04       		.byte	0x4
 155 0084 D8010000 		.4byte	.LASF11
 156 0088 02       		.uleb128 0x2
 157 0089 08       		.byte	0x8
 158 008a 04       		.byte	0x4
 159 008b A6010000 		.4byte	.LASF12
 160 008f 02       		.uleb128 0x2
 161 0090 01       		.byte	0x1
 162 0091 08       		.byte	0x8
 163 0092 4A010000 		.4byte	.LASF13
 164 0096 02       		.uleb128 0x2
 165 0097 08       		.byte	0x8
 166 0098 04       		.byte	0x4
 167 0099 CC010000 		.4byte	.LASF14
 168 009d 02       		.uleb128 0x2
 169 009e 04       		.byte	0x4
 170 009f 07       		.byte	0x7
 171 00a0 E8010000 		.4byte	.LASF15
 172 00a4 05       		.uleb128 0x5
 173 00a5 30000000 		.4byte	.LASF23
 174 00a9 01       		.byte	0x1
 175 00aa 0F       		.byte	0xf
 176 00ab 68000000 		.4byte	0x68
 177 00af 00000000 		.4byte	.LFB33
 178 00b3 28000000 		.4byte	.LFE33-.LFB33
 179 00b7 01       		.uleb128 0x1
 180 00b8 9C       		.byte	0x9c
 181 00b9 12010000 		.4byte	0x112
 182 00bd 06       		.uleb128 0x6
 183 00be 08000000 		.4byte	.LBB2
 184 00c2 18000000 		.4byte	.LBE2-.LBB2
 185 00c6 08010000 		.4byte	0x108
 186 00ca 07       		.uleb128 0x7
 187 00cb 90000000 		.4byte	.LASF24
 188 00cf 01       		.byte	0x1
 189 00d0 16       		.byte	0x16
 190 00d1 76000000 		.4byte	0x76
 191 00d5 01       		.uleb128 0x1
 192 00d6 54       		.byte	0x54
 193 00d7 08       		.uleb128 0x8
 194 00d8 0C000000 		.4byte	.LVL1
 195 00dc 12010000 		.4byte	0x112
ARM GAS  C:\Users\Banni\AppData\Local\Temp\cc93R5Ta.s 			page 5


 196 00e0 09       		.uleb128 0x9
 197 00e1 1A000000 		.4byte	.LVL3
 198 00e5 1D010000 		.4byte	0x11d
 199 00e9 F7000000 		.4byte	0xf7
 200 00ed 0A       		.uleb128 0xa
 201 00ee 01       		.uleb128 0x1
 202 00ef 50       		.byte	0x50
 203 00f0 05       		.uleb128 0x5
 204 00f1 03       		.byte	0x3
 205 00f2 00000000 		.4byte	.LC0
 206 00f6 00       		.byte	0
 207 00f7 0B       		.uleb128 0xb
 208 00f8 20000000 		.4byte	.LVL4
 209 00fc 28010000 		.4byte	0x128
 210 0100 0A       		.uleb128 0xa
 211 0101 01       		.uleb128 0x1
 212 0102 50       		.byte	0x50
 213 0103 02       		.uleb128 0x2
 214 0104 74       		.byte	0x74
 215 0105 00       		.sleb128 0
 216 0106 00       		.byte	0
 217 0107 00       		.byte	0
 218 0108 08       		.uleb128 0x8
 219 0109 08000000 		.4byte	.LVL0
 220 010d 33010000 		.4byte	0x133
 221 0111 00       		.byte	0
 222 0112 0C       		.uleb128 0xc
 223 0113 35000000 		.4byte	.LASF16
 224 0117 35000000 		.4byte	.LASF16
 225 011b 04       		.byte	0x4
 226 011c 32       		.byte	0x32
 227 011d 0C       		.uleb128 0xc
 228 011e 43000000 		.4byte	.LASF17
 229 0122 43000000 		.4byte	.LASF17
 230 0126 05       		.byte	0x5
 231 0127 06       		.byte	0x6
 232 0128 0C       		.uleb128 0xc
 233 0129 9C000000 		.4byte	.LASF18
 234 012d 9C000000 		.4byte	.LASF18
 235 0131 06       		.byte	0x6
 236 0132 33       		.byte	0x33
 237 0133 0C       		.uleb128 0xc
 238 0134 82000000 		.4byte	.LASF19
 239 0138 82000000 		.4byte	.LASF19
 240 013c 07       		.byte	0x7
 241 013d 72       		.byte	0x72
 242 013e 00       		.byte	0
 243              		.section	.debug_abbrev,"",%progbits
 244              	.Ldebug_abbrev0:
 245 0000 01       		.uleb128 0x1
 246 0001 11       		.uleb128 0x11
 247 0002 01       		.byte	0x1
 248 0003 25       		.uleb128 0x25
 249 0004 0E       		.uleb128 0xe
 250 0005 13       		.uleb128 0x13
 251 0006 0B       		.uleb128 0xb
 252 0007 03       		.uleb128 0x3
ARM GAS  C:\Users\Banni\AppData\Local\Temp\cc93R5Ta.s 			page 6


 253 0008 0E       		.uleb128 0xe
 254 0009 1B       		.uleb128 0x1b
 255 000a 0E       		.uleb128 0xe
 256 000b 55       		.uleb128 0x55
 257 000c 17       		.uleb128 0x17
 258 000d 11       		.uleb128 0x11
 259 000e 01       		.uleb128 0x1
 260 000f 10       		.uleb128 0x10
 261 0010 17       		.uleb128 0x17
 262 0011 00       		.byte	0
 263 0012 00       		.byte	0
 264 0013 02       		.uleb128 0x2
 265 0014 24       		.uleb128 0x24
 266 0015 00       		.byte	0
 267 0016 0B       		.uleb128 0xb
 268 0017 0B       		.uleb128 0xb
 269 0018 3E       		.uleb128 0x3e
 270 0019 0B       		.uleb128 0xb
 271 001a 03       		.uleb128 0x3
 272 001b 0E       		.uleb128 0xe
 273 001c 00       		.byte	0
 274 001d 00       		.byte	0
 275 001e 03       		.uleb128 0x3
 276 001f 16       		.uleb128 0x16
 277 0020 00       		.byte	0
 278 0021 03       		.uleb128 0x3
 279 0022 0E       		.uleb128 0xe
 280 0023 3A       		.uleb128 0x3a
 281 0024 0B       		.uleb128 0xb
 282 0025 3B       		.uleb128 0x3b
 283 0026 0B       		.uleb128 0xb
 284 0027 49       		.uleb128 0x49
 285 0028 13       		.uleb128 0x13
 286 0029 00       		.byte	0
 287 002a 00       		.byte	0
 288 002b 04       		.uleb128 0x4
 289 002c 24       		.uleb128 0x24
 290 002d 00       		.byte	0
 291 002e 0B       		.uleb128 0xb
 292 002f 0B       		.uleb128 0xb
 293 0030 3E       		.uleb128 0x3e
 294 0031 0B       		.uleb128 0xb
 295 0032 03       		.uleb128 0x3
 296 0033 08       		.uleb128 0x8
 297 0034 00       		.byte	0
 298 0035 00       		.byte	0
 299 0036 05       		.uleb128 0x5
 300 0037 2E       		.uleb128 0x2e
 301 0038 01       		.byte	0x1
 302 0039 3F       		.uleb128 0x3f
 303 003a 19       		.uleb128 0x19
 304 003b 03       		.uleb128 0x3
 305 003c 0E       		.uleb128 0xe
 306 003d 3A       		.uleb128 0x3a
 307 003e 0B       		.uleb128 0xb
 308 003f 3B       		.uleb128 0x3b
 309 0040 0B       		.uleb128 0xb
ARM GAS  C:\Users\Banni\AppData\Local\Temp\cc93R5Ta.s 			page 7


 310 0041 27       		.uleb128 0x27
 311 0042 19       		.uleb128 0x19
 312 0043 49       		.uleb128 0x49
 313 0044 13       		.uleb128 0x13
 314 0045 8701     		.uleb128 0x87
 315 0047 19       		.uleb128 0x19
 316 0048 11       		.uleb128 0x11
 317 0049 01       		.uleb128 0x1
 318 004a 12       		.uleb128 0x12
 319 004b 06       		.uleb128 0x6
 320 004c 40       		.uleb128 0x40
 321 004d 18       		.uleb128 0x18
 322 004e 9742     		.uleb128 0x2117
 323 0050 19       		.uleb128 0x19
 324 0051 01       		.uleb128 0x1
 325 0052 13       		.uleb128 0x13
 326 0053 00       		.byte	0
 327 0054 00       		.byte	0
 328 0055 06       		.uleb128 0x6
 329 0056 0B       		.uleb128 0xb
 330 0057 01       		.byte	0x1
 331 0058 11       		.uleb128 0x11
 332 0059 01       		.uleb128 0x1
 333 005a 12       		.uleb128 0x12
 334 005b 06       		.uleb128 0x6
 335 005c 01       		.uleb128 0x1
 336 005d 13       		.uleb128 0x13
 337 005e 00       		.byte	0
 338 005f 00       		.byte	0
 339 0060 07       		.uleb128 0x7
 340 0061 34       		.uleb128 0x34
 341 0062 00       		.byte	0
 342 0063 03       		.uleb128 0x3
 343 0064 0E       		.uleb128 0xe
 344 0065 3A       		.uleb128 0x3a
 345 0066 0B       		.uleb128 0xb
 346 0067 3B       		.uleb128 0x3b
 347 0068 0B       		.uleb128 0xb
 348 0069 49       		.uleb128 0x49
 349 006a 13       		.uleb128 0x13
 350 006b 02       		.uleb128 0x2
 351 006c 18       		.uleb128 0x18
 352 006d 00       		.byte	0
 353 006e 00       		.byte	0
 354 006f 08       		.uleb128 0x8
 355 0070 898201   		.uleb128 0x4109
 356 0073 00       		.byte	0
 357 0074 11       		.uleb128 0x11
 358 0075 01       		.uleb128 0x1
 359 0076 31       		.uleb128 0x31
 360 0077 13       		.uleb128 0x13
 361 0078 00       		.byte	0
 362 0079 00       		.byte	0
 363 007a 09       		.uleb128 0x9
 364 007b 898201   		.uleb128 0x4109
 365 007e 01       		.byte	0x1
 366 007f 11       		.uleb128 0x11
ARM GAS  C:\Users\Banni\AppData\Local\Temp\cc93R5Ta.s 			page 8


 367 0080 01       		.uleb128 0x1
 368 0081 31       		.uleb128 0x31
 369 0082 13       		.uleb128 0x13
 370 0083 01       		.uleb128 0x1
 371 0084 13       		.uleb128 0x13
 372 0085 00       		.byte	0
 373 0086 00       		.byte	0
 374 0087 0A       		.uleb128 0xa
 375 0088 8A8201   		.uleb128 0x410a
 376 008b 00       		.byte	0
 377 008c 02       		.uleb128 0x2
 378 008d 18       		.uleb128 0x18
 379 008e 9142     		.uleb128 0x2111
 380 0090 18       		.uleb128 0x18
 381 0091 00       		.byte	0
 382 0092 00       		.byte	0
 383 0093 0B       		.uleb128 0xb
 384 0094 898201   		.uleb128 0x4109
 385 0097 01       		.byte	0x1
 386 0098 11       		.uleb128 0x11
 387 0099 01       		.uleb128 0x1
 388 009a 31       		.uleb128 0x31
 389 009b 13       		.uleb128 0x13
 390 009c 00       		.byte	0
 391 009d 00       		.byte	0
 392 009e 0C       		.uleb128 0xc
 393 009f 2E       		.uleb128 0x2e
 394 00a0 00       		.byte	0
 395 00a1 3F       		.uleb128 0x3f
 396 00a2 19       		.uleb128 0x19
 397 00a3 3C       		.uleb128 0x3c
 398 00a4 19       		.uleb128 0x19
 399 00a5 6E       		.uleb128 0x6e
 400 00a6 0E       		.uleb128 0xe
 401 00a7 03       		.uleb128 0x3
 402 00a8 0E       		.uleb128 0xe
 403 00a9 3A       		.uleb128 0x3a
 404 00aa 0B       		.uleb128 0xb
 405 00ab 3B       		.uleb128 0x3b
 406 00ac 0B       		.uleb128 0xb
 407 00ad 00       		.byte	0
 408 00ae 00       		.byte	0
 409 00af 00       		.byte	0
 410              		.section	.debug_aranges,"",%progbits
 411 0000 1C000000 		.4byte	0x1c
 412 0004 0200     		.2byte	0x2
 413 0006 00000000 		.4byte	.Ldebug_info0
 414 000a 04       		.byte	0x4
 415 000b 00       		.byte	0
 416 000c 0000     		.2byte	0
 417 000e 0000     		.2byte	0
 418 0010 00000000 		.4byte	.LFB33
 419 0014 28000000 		.4byte	.LFE33-.LFB33
 420 0018 00000000 		.4byte	0
 421 001c 00000000 		.4byte	0
 422              		.section	.debug_ranges,"",%progbits
 423              	.Ldebug_ranges0:
ARM GAS  C:\Users\Banni\AppData\Local\Temp\cc93R5Ta.s 			page 9


 424 0000 00000000 		.4byte	.LFB33
 425 0004 28000000 		.4byte	.LFE33
 426 0008 00000000 		.4byte	0
 427 000c 00000000 		.4byte	0
 428              		.section	.debug_line,"",%progbits
 429              	.Ldebug_line0:
 430 0000 64010000 		.section	.debug_str,"MS",%progbits,1
 430      02004801 
 430      00000201 
 430      FB0E0D00 
 430      01010101 
 431              	.LASF6:
 432 0000 6C6F6E67 		.ascii	"long long int\000"
 432      206C6F6E 
 432      6720696E 
 432      7400
 433              	.LASF8:
 434 000e 756E7369 		.ascii	"unsigned int\000"
 434      676E6564 
 434      20696E74 
 434      00
 435              	.LASF1:
 436 001b 756E7369 		.ascii	"unsigned char\000"
 436      676E6564 
 436      20636861 
 436      7200
 437              	.LASF21:
 438 0029 6D61696E 		.ascii	"main.c\000"
 438      2E6300
 439              	.LASF23:
 440 0030 6D61696E 		.ascii	"main\000"
 440      00
 441              	.LASF16:
 442 0035 75736572 		.ascii	"user_sw1_Read\000"
 442      5F737731 
 442      5F526561 
 442      6400
 443              	.LASF17:
 444 0043 74696E79 		.ascii	"tiny_printf\000"
 444      5F707269 
 444      6E746600 
 445              	.LASF5:
 446 004f 6C6F6E67 		.ascii	"long unsigned int\000"
 446      20756E73 
 446      69676E65 
 446      6420696E 
 446      7400
 447              	.LASF7:
 448 0061 6C6F6E67 		.ascii	"long long unsigned int\000"
 448      206C6F6E 
 448      6720756E 
 448      7369676E 
 448      65642069 
 449              	.LASF9:
 450 0078 5F5F7569 		.ascii	"__uint8_t\000"
 450      6E74385F 
 450      7400
ARM GAS  C:\Users\Banni\AppData\Local\Temp\cc93R5Ta.s 			page 10


 451              	.LASF19:
 452 0082 636F6E73 		.ascii	"console_Start\000"
 452      6F6C655F 
 452      53746172 
 452      7400
 453              	.LASF24:
 454 0090 73776974 		.ascii	"switchState\000"
 454      63685374 
 454      61746500 
 455              	.LASF18:
 456 009c 75736572 		.ascii	"user_pin_blue_Write\000"
 456      5F70696E 
 456      5F626C75 
 456      655F5772 
 456      69746500 
 457              	.LASF10:
 458 00b0 75696E74 		.ascii	"uint8_t\000"
 458      385F7400 
 459              	.LASF20:
 460 00b8 474E5520 		.ascii	"GNU C11 5.4.1 20160609 (release) [ARM/embedded-5-br"
 460      43313120 
 460      352E342E 
 460      31203230 
 460      31363036 
 461 00eb 616E6368 		.ascii	"anch revision 237715] -mcpu=cortex-m0plus -mthumb -"
 461      20726576 
 461      6973696F 
 461      6E203233 
 461      37373135 
 462 011e 67202D4F 		.ascii	"g -Og -ffunction-sections -ffat-lto-objects\000"
 462      67202D66 
 462      66756E63 
 462      74696F6E 
 462      2D736563 
 463              	.LASF13:
 464 014a 63686172 		.ascii	"char\000"
 464      00
 465              	.LASF4:
 466 014f 6C6F6E67 		.ascii	"long int\000"
 466      20696E74 
 466      00
 467              	.LASF22:
 468 0158 433A5C55 		.ascii	"C:\\Users\\Banni\\Desktop\\BLE Project\\Workspace\\"
 468      73657273 
 468      5C42616E 
 468      6E695C44 
 468      65736B74 
 469 0185 43593843 		.ascii	"CY8C_149KIT\\HomeAutomation.cydsn\000"
 469      5F313439 
 469      4B49545C 
 469      486F6D65 
 469      4175746F 
 470              	.LASF12:
 471 01a6 646F7562 		.ascii	"double\000"
 471      6C6500
 472              	.LASF3:
 473 01ad 73686F72 		.ascii	"short unsigned int\000"
ARM GAS  C:\Users\Banni\AppData\Local\Temp\cc93R5Ta.s 			page 11


 473      7420756E 
 473      7369676E 
 473      65642069 
 473      6E7400
 474              	.LASF0:
 475 01c0 7369676E 		.ascii	"signed char\000"
 475      65642063 
 475      68617200 
 476              	.LASF14:
 477 01cc 6C6F6E67 		.ascii	"long double\000"
 477      20646F75 
 477      626C6500 
 478              	.LASF11:
 479 01d8 666C6F61 		.ascii	"float\000"
 479      7400
 480              	.LASF2:
 481 01de 73686F72 		.ascii	"short int\000"
 481      7420696E 
 481      7400
 482              	.LASF15:
 483 01e8 73697A65 		.ascii	"sizetype\000"
 483      74797065 
 483      00
 484              		.ident	"GCC: (GNU Tools for ARM Embedded Processors) 5.4.1 20160609 (release) [ARM/embedded-5-bran
