--------------- Build Started: 08/02/2018 20:00:04 Project: DebugUARTBridge, Configuration: ARM GCC 5.4-2016-q2-update Debug ---------------
cydsfit.exe -.appdatapath "C:\Users\munee\AppData\Local\Cypress Semiconductor\PSoC Creator\4.2" -.fdsnotice -.fdswarpdepfile=warp_dependencies.txt -.fdselabdepfile=elab_dependencies.txt -.fdsbldfile=generated_files.txt -.fdsreffile=referenced_files.txt -p C:\Users\munee\OneDrive\Documents\cypress\CY8C_149KIT\DebugUARTBridge.cydsn\DebugUARTBridge.cyprj -d CY8C4147AZI-S475 -s C:\Users\munee\OneDrive\Documents\cypress\CY8C_149KIT\DebugUARTBridge.cydsn\Generated_Source\PSoC4 -- -yv2 -q10 -ygs -o2 -v3 -.fftcfgtype=LE
Elaborating Design...
HDL Generation...
Synthesis...
Tech Mapping...
Analog Placement...
Analog Routing...
Analog Code Generation...
Digital Placement...
Digital Routing...
Bitstream Generation...
Bitstream Verification...
Static timing analysis...
API Generation...
Dependency Generation...
Cleanup...
arm-none-eabi-gcc.exe -mcpu=cortex-m0plus -mthumb -I. -IGenerated_Source\PSoC4 -Wa,-alh=.\CortexM0p\ARM_GCC_541\Debug/main.lst -g -D DEBUG -D CY_CORE_ID=0 -Wall -ffunction-sections -ffat-lto-objects -Og -c main.c -o .\CortexM0p\ARM_GCC_541\Debug\main.o
arm-none-eabi-gcc.exe -mcpu=cortex-m0plus -mthumb -I. -IGenerated_Source\PSoC4 -Wa,-alh=.\CortexM0p\ARM_GCC_541\Debug/cyfitter_cfg.lst -g -D DEBUG -D CY_CORE_ID=0 -Wall -ffunction-sections -ffat-lto-objects -Og -c Generated_Source\PSoC4\cyfitter_cfg.c -o .\CortexM0p\ARM_GCC_541\Debug\cyfitter_cfg.o
arm-none-eabi-gcc.exe -mcpu=cortex-m0plus -mthumb -I. -IGenerated_Source\PSoC4 -Wa,-alh=.\CortexM0p\ARM_GCC_541\Debug/cymetadata.lst -g -D DEBUG -D CY_CORE_ID=0 -Wall -ffunction-sections -ffat-lto-objects -Og -c Generated_Source\PSoC4\cymetadata.c -o .\CortexM0p\ARM_GCC_541\Debug\cymetadata.o
arm-none-eabi-gcc.exe -mcpu=cortex-m0plus -mthumb -I. -IGenerated_Source\PSoC4 -Wa,-alh=.\CortexM0p\ARM_GCC_541\Debug/from_ble.lst -g -D DEBUG -D CY_CORE_ID=0 -Wall -ffunction-sections -ffat-lto-objects -Og -c Generated_Source\PSoC4\from_ble.c -o .\CortexM0p\ARM_GCC_541\Debug\from_ble.o
arm-none-eabi-gcc.exe -mcpu=cortex-m0plus -mthumb -I. -IGenerated_Source\PSoC4 -Wa,-alh=.\CortexM0p\ARM_GCC_541\Debug/from_ble_SPI_UART.lst -g -D DEBUG -D CY_CORE_ID=0 -Wall -ffunction-sections -ffat-lto-objects -Og -c Generated_Source\PSoC4\from_ble_SPI_UART.c -o .\CortexM0p\ARM_GCC_541\Debug\from_ble_SPI_UART.o
arm-none-eabi-gcc.exe -mcpu=cortex-m0plus -mthumb -I. -IGenerated_Source\PSoC4 -Wa,-alh=.\CortexM0p\ARM_GCC_541\Debug/from_ble_SPI_UART_INT.lst -g -D DEBUG -D CY_CORE_ID=0 -Wall -ffunction-sections -ffat-lto-objects -Og -c Generated_Source\PSoC4\from_ble_SPI_UART_INT.c -o .\CortexM0p\ARM_GCC_541\Debug\from_ble_SPI_UART_INT.o
arm-none-eabi-gcc.exe -mcpu=cortex-m0plus -mthumb -I. -IGenerated_Source\PSoC4 -Wa,-alh=.\CortexM0p\ARM_GCC_541\Debug/from_ble_PM.lst -g -D DEBUG -D CY_CORE_ID=0 -Wall -ffunction-sections -ffat-lto-objects -Og -c Generated_Source\PSoC4\from_ble_PM.c -o .\CortexM0p\ARM_GCC_541\Debug\from_ble_PM.o
arm-none-eabi-gcc.exe -mcpu=cortex-m0plus -mthumb -I. -IGenerated_Source\PSoC4 -Wa,-alh=.\CortexM0p\ARM_GCC_541\Debug/from_ble_UART.lst -g -D DEBUG -D CY_CORE_ID=0 -Wall -ffunction-sections -ffat-lto-objects -Og -c Generated_Source\PSoC4\from_ble_UART.c -o .\CortexM0p\ARM_GCC_541\Debug\from_ble_UART.o
arm-none-eabi-gcc.exe -mcpu=cortex-m0plus -mthumb -I. -IGenerated_Source\PSoC4 -Wa,-alh=.\CortexM0p\ARM_GCC_541\Debug/from_ble_BOOT.lst -g -D DEBUG -D CY_CORE_ID=0 -Wall -ffunction-sections -ffat-lto-objects -Og -c Generated_Source\PSoC4\from_ble_BOOT.c -o .\CortexM0p\ARM_GCC_541\Debug\from_ble_BOOT.o
arm-none-eabi-gcc.exe -mcpu=cortex-m0plus -mthumb -I. -IGenerated_Source\PSoC4 -Wa,-alh=.\CortexM0p\ARM_GCC_541\Debug/from_ble_UART_BOOT.lst -g -D DEBUG -D CY_CORE_ID=0 -Wall -ffunction-sections -ffat-lto-objects -Og -c Generated_Source\PSoC4\from_ble_UART_BOOT.c -o .\CortexM0p\ARM_GCC_541\Debug\from_ble_UART_BOOT.o
arm-none-eabi-gcc.exe -mcpu=cortex-m0plus -mthumb -I. -IGenerated_Source\PSoC4 -Wa,-alh=.\CortexM0p\ARM_GCC_541\Debug/to_comp.lst -g -D DEBUG -D CY_CORE_ID=0 -Wall -ffunction-sections -ffat-lto-objects -Og -c Generated_Source\PSoC4\to_comp.c -o .\CortexM0p\ARM_GCC_541\Debug\to_comp.o
arm-none-eabi-gcc.exe -mcpu=cortex-m0plus -mthumb -I. -IGenerated_Source\PSoC4 -Wa,-alh=.\CortexM0p\ARM_GCC_541\Debug/to_comp_SPI_UART.lst -g -D DEBUG -D CY_CORE_ID=0 -Wall -ffunction-sections -ffat-lto-objects -Og -c Generated_Source\PSoC4\to_comp_SPI_UART.c -o .\CortexM0p\ARM_GCC_541\Debug\to_comp_SPI_UART.o
arm-none-eabi-gcc.exe -mcpu=cortex-m0plus -mthumb -I. -IGenerated_Source\PSoC4 -Wa,-alh=.\CortexM0p\ARM_GCC_541\Debug/to_comp_SPI_UART_INT.lst -g -D DEBUG -D CY_CORE_ID=0 -Wall -ffunction-sections -ffat-lto-objects -Og -c Generated_Source\PSoC4\to_comp_SPI_UART_INT.c -o .\CortexM0p\ARM_GCC_541\Debug\to_comp_SPI_UART_INT.o
arm-none-eabi-gcc.exe -mcpu=cortex-m0plus -mthumb -I. -IGenerated_Source\PSoC4 -Wa,-alh=.\CortexM0p\ARM_GCC_541\Debug/to_comp_PM.lst -g -D DEBUG -D CY_CORE_ID=0 -Wall -ffunction-sections -ffat-lto-objects -Og -c Generated_Source\PSoC4\to_comp_PM.c -o .\CortexM0p\ARM_GCC_541\Debug\to_comp_PM.o
arm-none-eabi-gcc.exe -mcpu=cortex-m0plus -mthumb -I. -IGenerated_Source\PSoC4 -Wa,-alh=.\CortexM0p\ARM_GCC_541\Debug/to_comp_UART.lst -g -D DEBUG -D CY_CORE_ID=0 -Wall -ffunction-sections -ffat-lto-objects -Og -c Generated_Source\PSoC4\to_comp_UART.c -o .\CortexM0p\ARM_GCC_541\Debug\to_comp_UART.o
arm-none-eabi-gcc.exe -mcpu=cortex-m0plus -mthumb -I. -IGenerated_Source\PSoC4 -Wa,-alh=.\CortexM0p\ARM_GCC_541\Debug/to_comp_BOOT.lst -g -D DEBUG -D CY_CORE_ID=0 -Wall -ffunction-sections -ffat-lto-objects -Og -c Generated_Source\PSoC4\to_comp_BOOT.c -o .\CortexM0p\ARM_GCC_541\Debug\to_comp_BOOT.o
arm-none-eabi-gcc.exe -mcpu=cortex-m0plus -mthumb -I. -IGenerated_Source\PSoC4 -Wa,-alh=.\CortexM0p\ARM_GCC_541\Debug/to_comp_UART_BOOT.lst -g -D DEBUG -D CY_CORE_ID=0 -Wall -ffunction-sections -ffat-lto-objects -Og -c Generated_Source\PSoC4\to_comp_UART_BOOT.c -o .\CortexM0p\ARM_GCC_541\Debug\to_comp_UART_BOOT.o
arm-none-eabi-gcc.exe -mcpu=cortex-m0plus -mthumb -I. -IGenerated_Source\PSoC4 -Wa,-alh=.\CortexM0p\ARM_GCC_541\Debug/from_ble_SCBCLK.lst -g -D DEBUG -D CY_CORE_ID=0 -Wall -ffunction-sections -ffat-lto-objects -Og -c Generated_Source\PSoC4\from_ble_SCBCLK.c -o .\CortexM0p\ARM_GCC_541\Debug\from_ble_SCBCLK.o
arm-none-eabi-gcc.exe -mcpu=cortex-m0plus -mthumb -I. -IGenerated_Source\PSoC4 -Wa,-alh=.\CortexM0p\ARM_GCC_541\Debug/from_ble_tx.lst -g -D DEBUG -D CY_CORE_ID=0 -Wall -ffunction-sections -ffat-lto-objects -Og -c Generated_Source\PSoC4\from_ble_tx.c -o .\CortexM0p\ARM_GCC_541\Debug\from_ble_tx.o
arm-none-eabi-gcc.exe -mcpu=cortex-m0plus -mthumb -I. -IGenerated_Source\PSoC4 -Wa,-alh=.\CortexM0p\ARM_GCC_541\Debug/from_ble_tx_PM.lst -g -D DEBUG -D CY_CORE_ID=0 -Wall -ffunction-sections -ffat-lto-objects -Og -c Generated_Source\PSoC4\from_ble_tx_PM.c -o .\CortexM0p\ARM_GCC_541\Debug\from_ble_tx_PM.o
arm-none-eabi-gcc.exe -mcpu=cortex-m0plus -mthumb -I. -IGenerated_Source\PSoC4 -Wa,-alh=.\CortexM0p\ARM_GCC_541\Debug/from_ble_rx.lst -g -D DEBUG -D CY_CORE_ID=0 -Wall -ffunction-sections -ffat-lto-objects -Og -c Generated_Source\PSoC4\from_ble_rx.c -o .\CortexM0p\ARM_GCC_541\Debug\from_ble_rx.o
arm-none-eabi-gcc.exe -mcpu=cortex-m0plus -mthumb -I. -IGenerated_Source\PSoC4 -Wa,-alh=.\CortexM0p\ARM_GCC_541\Debug/from_ble_rx_PM.lst -g -D DEBUG -D CY_CORE_ID=0 -Wall -ffunction-sections -ffat-lto-objects -Og -c Generated_Source\PSoC4\from_ble_rx_PM.c -o .\CortexM0p\ARM_GCC_541\Debug\from_ble_rx_PM.o
arm-none-eabi-gcc.exe -mcpu=cortex-m0plus -mthumb -I. -IGenerated_Source\PSoC4 -Wa,-alh=.\CortexM0p\ARM_GCC_541\Debug/to_comp_SCBCLK.lst -g -D DEBUG -D CY_CORE_ID=0 -Wall -ffunction-sections -ffat-lto-objects -Og -c Generated_Source\PSoC4\to_comp_SCBCLK.c -o .\CortexM0p\ARM_GCC_541\Debug\to_comp_SCBCLK.o
arm-none-eabi-gcc.exe -mcpu=cortex-m0plus -mthumb -I. -IGenerated_Source\PSoC4 -Wa,-alh=.\CortexM0p\ARM_GCC_541\Debug/to_comp_tx.lst -g -D DEBUG -D CY_CORE_ID=0 -Wall -ffunction-sections -ffat-lto-objects -Og -c Generated_Source\PSoC4\to_comp_tx.c -o .\CortexM0p\ARM_GCC_541\Debug\to_comp_tx.o
arm-none-eabi-gcc.exe -mcpu=cortex-m0plus -mthumb -I. -IGenerated_Source\PSoC4 -Wa,-alh=.\CortexM0p\ARM_GCC_541\Debug/to_comp_tx_PM.lst -g -D DEBUG -D CY_CORE_ID=0 -Wall -ffunction-sections -ffat-lto-objects -Og -c Generated_Source\PSoC4\to_comp_tx_PM.c -o .\CortexM0p\ARM_GCC_541\Debug\to_comp_tx_PM.o
arm-none-eabi-gcc.exe -mcpu=cortex-m0plus -mthumb -I. -IGenerated_Source\PSoC4 -Wa,-alh=.\CortexM0p\ARM_GCC_541\Debug/to_comp_rx.lst -g -D DEBUG -D CY_CORE_ID=0 -Wall -ffunction-sections -ffat-lto-objects -Og -c Generated_Source\PSoC4\to_comp_rx.c -o .\CortexM0p\ARM_GCC_541\Debug\to_comp_rx.o
arm-none-eabi-gcc.exe -mcpu=cortex-m0plus -mthumb -I. -IGenerated_Source\PSoC4 -Wa,-alh=.\CortexM0p\ARM_GCC_541\Debug/to_comp_rx_PM.lst -g -D DEBUG -D CY_CORE_ID=0 -Wall -ffunction-sections -ffat-lto-objects -Og -c Generated_Source\PSoC4\to_comp_rx_PM.c -o .\CortexM0p\ARM_GCC_541\Debug\to_comp_rx_PM.o
arm-none-eabi-gcc.exe -mcpu=cortex-m0plus -mthumb -I. -IGenerated_Source\PSoC4 -Wa,-alh=.\CortexM0p\ARM_GCC_541\Debug/Cm0plusStart.lst -g -D DEBUG -D CY_CORE_ID=0 -Wall -ffunction-sections -ffat-lto-objects -Og -c Generated_Source\PSoC4\Cm0plusStart.c -o .\CortexM0p\ARM_GCC_541\Debug\Cm0plusStart.o
arm-none-eabi-gcc.exe -mcpu=cortex-m0plus -mthumb -I. -IGenerated_Source\PSoC4 -Wa,-alh=.\CortexM0p\ARM_GCC_541\Debug/CyFlash.lst -g -D DEBUG -D CY_CORE_ID=0 -Wall -ffunction-sections -ffat-lto-objects -Og -c Generated_Source\PSoC4\CyFlash.c -o .\CortexM0p\ARM_GCC_541\Debug\CyFlash.o
arm-none-eabi-gcc.exe -mcpu=cortex-m0plus -mthumb -I. -IGenerated_Source\PSoC4 -Wa,-alh=.\CortexM0p\ARM_GCC_541\Debug/CyLib.lst -g -D DEBUG -D CY_CORE_ID=0 -Wall -ffunction-sections -ffat-lto-objects -Og -c Generated_Source\PSoC4\CyLib.c -o .\CortexM0p\ARM_GCC_541\Debug\CyLib.o
arm-none-eabi-gcc.exe -mcpu=cortex-m0plus -mthumb -I. -IGenerated_Source\PSoC4 -Wa,-alh=.\CortexM0p\ARM_GCC_541\Debug/cyPm.lst -g -D DEBUG -D CY_CORE_ID=0 -Wall -ffunction-sections -ffat-lto-objects -Og -c Generated_Source\PSoC4\cyPm.c -o .\CortexM0p\ARM_GCC_541\Debug\cyPm.o
arm-none-eabi-gcc.exe -mcpu=cortex-m0plus -mthumb -I. -IGenerated_Source\PSoC4 -Wa,-alh=.\CortexM0p\ARM_GCC_541\Debug/cyutils.lst -g -D DEBUG -D CY_CORE_ID=0 -Wall -ffunction-sections -ffat-lto-objects -Og -c Generated_Source\PSoC4\cyutils.c -o .\CortexM0p\ARM_GCC_541\Debug\cyutils.o
arm-none-eabi-gcc.exe -mcpu=cortex-m0plus -mthumb -I. -IGenerated_Source\PSoC4 -Wa,-alh=.\CortexM0p\ARM_GCC_541\Debug/CyDMA.lst -g -D DEBUG -D CY_CORE_ID=0 -Wall -ffunction-sections -ffat-lto-objects -Og -c Generated_Source\PSoC4\CyDMA.c -o .\CortexM0p\ARM_GCC_541\Debug\CyDMA.o
arm-none-eabi-gcc.exe -mcpu=cortex-m0plus -mthumb -I. -IGenerated_Source\PSoC4 -Wa,-alh=.\CortexM0p\ARM_GCC_541\Debug/CyLFClk.lst -g -D DEBUG -D CY_CORE_ID=0 -Wall -ffunction-sections -ffat-lto-objects -Og -c Generated_Source\PSoC4\CyLFClk.c -o .\CortexM0p\ARM_GCC_541\Debug\CyLFClk.o
arm-none-eabi-gcc.exe -mcpu=cortex-m0plus -mthumb -I. -IGenerated_Source\PSoC4 -Wa,-alh=.\CortexM0p\ARM_GCC_541\Debug/cy_em_eeprom.lst -g -D DEBUG -D CY_CORE_ID=0 -Wall -ffunction-sections -ffat-lto-objects -Og -c Generated_Source\PSoC4\cy_em_eeprom.c -o .\CortexM0p\ARM_GCC_541\Debug\cy_em_eeprom.o
arm-none-eabi-as.exe -mcpu=cortex-m0plus -mthumb -I. -IGenerated_Source\PSoC4 -alh=.\CortexM0p\ARM_GCC_541\Debug/CyBootAsmGnu.lst -g -W -o .\CortexM0p\ARM_GCC_541\Debug\CyBootAsmGnu.o Generated_Source\PSoC4\CyBootAsmGnu.s
arm-none-eabi-ar.exe -rs .\CortexM0p\ARM_GCC_541\Debug\DebugUARTBridge.a .\CortexM0p\ARM_GCC_541\Debug\from_ble.o .\CortexM0p\ARM_GCC_541\Debug\from_ble_SPI_UART.o .\CortexM0p\ARM_GCC_541\Debug\from_ble_SPI_UART_INT.o .\CortexM0p\ARM_GCC_541\Debug\from_ble_PM.o .\CortexM0p\ARM_GCC_541\Debug\from_ble_UART.o .\CortexM0p\ARM_GCC_541\Debug\from_ble_BOOT.o .\CortexM0p\ARM_GCC_541\Debug\from_ble_UART_BOOT.o .\CortexM0p\ARM_GCC_541\Debug\to_comp.o .\CortexM0p\ARM_GCC_541\Debug\to_comp_SPI_UART.o .\CortexM0p\ARM_GCC_541\Debug\to_comp_SPI_UART_INT.o .\CortexM0p\ARM_GCC_541\Debug\to_comp_PM.o .\CortexM0p\ARM_GCC_541\Debug\to_comp_UART.o .\CortexM0p\ARM_GCC_541\Debug\to_comp_BOOT.o .\CortexM0p\ARM_GCC_541\Debug\to_comp_UART_BOOT.o .\CortexM0p\ARM_GCC_541\Debug\from_ble_SCBCLK.o .\CortexM0p\ARM_GCC_541\Debug\from_ble_tx.o .\CortexM0p\ARM_GCC_541\Debug\from_ble_tx_PM.o .\CortexM0p\ARM_GCC_541\Debug\from_ble_rx.o .\CortexM0p\ARM_GCC_541\Debug\from_ble_rx_PM.o .\CortexM0p\ARM_GCC_541\Debug\to_comp_SCBCLK.o .\CortexM0p\ARM_GCC_541\Debug\to_comp_tx.o .\CortexM0p\ARM_GCC_541\Debug\to_comp_tx_PM.o .\CortexM0p\ARM_GCC_541\Debug\to_comp_rx.o .\CortexM0p\ARM_GCC_541\Debug\to_comp_rx_PM.o .\CortexM0p\ARM_GCC_541\Debug\CyFlash.o .\CortexM0p\ARM_GCC_541\Debug\CyLib.o .\CortexM0p\ARM_GCC_541\Debug\cyPm.o .\CortexM0p\ARM_GCC_541\Debug\cyutils.o .\CortexM0p\ARM_GCC_541\Debug\CyDMA.o .\CortexM0p\ARM_GCC_541\Debug\CyLFClk.o .\CortexM0p\ARM_GCC_541\Debug\cy_em_eeprom.o .\CortexM0p\ARM_GCC_541\Debug\CyBootAsmGnu.o
arm-none-eabi-ar.exe: creating .\CortexM0p\ARM_GCC_541\Debug\DebugUARTBridge.a
arm-none-eabi-gcc.exe -Wl,--start-group -o C:\Users\munee\OneDrive\Documents\cypress\CY8C_149KIT\DebugUARTBridge.cydsn\CortexM0p\ARM_GCC_541\Debug\DebugUARTBridge.elf .\CortexM0p\ARM_GCC_541\Debug\main.o .\CortexM0p\ARM_GCC_541\Debug\cyfitter_cfg.o .\CortexM0p\ARM_GCC_541\Debug\cymetadata.o .\CortexM0p\ARM_GCC_541\Debug\Cm0plusStart.o .\CortexM0p\ARM_GCC_541\Debug\DebugUARTBridge.a -mcpu=cortex-m0plus -mthumb -L Generated_Source\PSoC4 -Wl,-Map,.\CortexM0p\ARM_GCC_541\Debug/DebugUARTBridge.map -T Generated_Source\PSoC4\cm0plusgcc.ld -specs=nano.specs -Wl,--gc-sections -g -ffunction-sections -Og -ffat-lto-objects -Wl,--end-group
cyelftool.exe -C C:\Users\munee\OneDrive\Documents\cypress\CY8C_149KIT\DebugUARTBridge.cydsn\CortexM0p\ARM_GCC_541\Debug\DebugUARTBridge.elf --flash_row_size 256 --flash_size 131072 --flash_offset 0x00000000
cyelftool.exe -S C:\Users\munee\OneDrive\Documents\cypress\CY8C_149KIT\DebugUARTBridge.cydsn\CortexM0p\ARM_GCC_541\Debug\DebugUARTBridge.elf
Flash used: 2592 of 131072 bytes (2.0%).
SRAM used: 2544 of 16384 bytes (15.5%). Stack: 2048 bytes. Heap: 128 bytes.
--------------- Build Succeeded: 08/02/2018 20:00:14 ---------------
