--------------- Clean Started: 04/09/2018 21:25:31 Project: BLEModule, Configuration: ARM GCC 5.4-2016-q2-update Debug ---------------
Deleting file ".\CortexM0\ARM_GCC_541\Debug\main.o"
Deleting file ".\CortexM0\ARM_GCC_541\Debug\tiny_printf.o"
Deleting file ".\CortexM0\ARM_GCC_541\Debug\cyfitter_cfg.o"
Deleting file ".\CortexM0\ARM_GCC_541\Debug\cymetadata.o"
Deleting file ".\CortexM0\ARM_GCC_541\Debug\Cm0Start.o"
Deleting file ".\CortexM0\ARM_GCC_541\Debug\CyFlash.o"
Deleting file ".\CortexM0\ARM_GCC_541\Debug\CyLib.o"
Deleting file ".\CortexM0\ARM_GCC_541\Debug\cyPm.o"
Deleting file ".\CortexM0\ARM_GCC_541\Debug\cyutils.o"
Deleting file ".\CortexM0\ARM_GCC_541\Debug\CyBootAsmGnu.o"
Deleting file ".\CortexM0\ARM_GCC_541\Debug\CyLFClk.o"
Deleting file ".\CortexM0\ARM_GCC_541\Debug\BLE_1.o"
Deleting file ".\CortexM0\ARM_GCC_541\Debug\BLE_1_gatt.o"
Deleting file ".\CortexM0\ARM_GCC_541\Debug\BLE_1_eventHandler.o"
Deleting file ".\CortexM0\ARM_GCC_541\Debug\BLE_1_HAL_INT.o"
Deleting file ".\CortexM0\ARM_GCC_541\Debug\BLE_1_HAL_PVT.o"
Deleting file ".\CortexM0\ARM_GCC_541\Debug\BLE_1_custom.o"
Deleting file ".\CortexM0\ARM_GCC_541\Debug\BLE_1_bless_isr.o"
Deleting file ".\CortexM0\ARM_GCC_541\Debug\Clock_1.o"
Deleting file ".\CortexM0\ARM_GCC_541\Debug\cy_em_eeprom.o"
Deleting file ".\CortexM0\ARM_GCC_541\Debug\console.o"
Deleting file ".\CortexM0\ARM_GCC_541\Debug\console_SPI_UART.o"
Deleting file ".\CortexM0\ARM_GCC_541\Debug\console_SPI_UART_INT.o"
Deleting file ".\CortexM0\ARM_GCC_541\Debug\console_PM.o"
Deleting file ".\CortexM0\ARM_GCC_541\Debug\console_UART.o"
Deleting file ".\CortexM0\ARM_GCC_541\Debug\console_BOOT.o"
Deleting file ".\CortexM0\ARM_GCC_541\Debug\console_UART_BOOT.o"
Deleting file ".\CortexM0\ARM_GCC_541\Debug\console_SCBCLK.o"
Deleting file ".\CortexM0\ARM_GCC_541\Debug\console_tx.o"
Deleting file ".\CortexM0\ARM_GCC_541\Debug\console_tx_PM.o"
Deleting file ".\CortexM0\ARM_GCC_541\Debug\console_rx.o"
Deleting file ".\CortexM0\ARM_GCC_541\Debug\console_rx_PM.o"
Deleting file ".\CortexM0\ARM_GCC_541\Debug\input_sw.o"
Deleting file ".\CortexM0\ARM_GCC_541\Debug\input_sw_PM.o"
Deleting file ".\CortexM0\ARM_GCC_541\Debug\LED.o"
Deleting file ".\CortexM0\ARM_GCC_541\Debug\LED_PM.o"
Deleting file ".\CortexM0\ARM_GCC_541\Debug\debounceTimerIntr.o"
Deleting file ".\CortexM0\ARM_GCC_541\Debug\DebounceTimer.o"
Deleting file ".\CortexM0\ARM_GCC_541\Debug\DebounceTimer_PM.o"
Deleting file ".\CortexM0\ARM_GCC_541\Debug\Clock_2.o"
Deleting file ".\CortexM0\ARM_GCC_541\Debug\sw_interrupt.o"
Deleting file ".\CortexM0\ARM_GCC_541\Debug\BLEModule.hex"
Deleting file ".\CortexM0\ARM_GCC_541\Debug\BLEModule.elf"
Deleting file ".\CortexM0\ARM_GCC_541\Debug\BLEModule.map"
Deleting file ".\BLEModule.cycdx"
Deleting file ".\BLEModule.svd"
Deleting file ".\BLEModule.rpt"
Deleting file ".\BLEModule_timing.html"
Deleting file ".\CortexM0\ARM_GCC_541\Debug\.deps\SOURCE_C__ARM_GCC_GENERIC.P"
Deleting file ".\CortexM0\ARM_GCC_541\Debug\.deps\SOURCE_ASM__ARM_GCC_GENERIC.P"
--------------- Clean Succeeded: 04/09/2018 21:25:31 ---------------
