ARM GAS  C:\Users\munee\AppData\Local\Temp\ccD0Uebk.s 			page 1


   1              		.syntax unified
   2              		.cpu cortex-m0plus
   3              		.fpu softvfp
   4              		.eabi_attribute 20, 1
   5              		.eabi_attribute 21, 1
   6              		.eabi_attribute 23, 3
   7              		.eabi_attribute 24, 1
   8              		.eabi_attribute 25, 1
   9              		.eabi_attribute 26, 1
  10              		.eabi_attribute 30, 1
  11              		.eabi_attribute 34, 0
  12              		.eabi_attribute 18, 4
  13              		.thumb
  14              		.syntax unified
  15              		.file	"main.c"
  16              		.text
  17              	.Ltext0:
  18              		.cfi_sections	.debug_frame
  19              		.section	.text.main,"ax",%progbits
  20              		.align	2
  21              		.global	main
  22              		.code	16
  23              		.thumb_func
  24              		.type	main, %function
  25              	main:
  26              	.LFB33:
  27              		.file 1 "main.c"
   1:main.c        **** /* ========================================
   2:main.c        ****  *
   3:main.c        ****  * Copyright YOUR COMPANY, THE YEAR
   4:main.c        ****  * All Rights Reserved
   5:main.c        ****  * UNPUBLISHED, LICENSED SOFTWARE.
   6:main.c        ****  *
   7:main.c        ****  * CONFIDENTIAL AND PROPRIETARY INFORMATION
   8:main.c        ****  * WHICH IS THE PROPERTY OF your company.
   9:main.c        ****  *
  10:main.c        ****  * ========================================
  11:main.c        **** */
  12:main.c        **** #include "project.h"
  13:main.c        **** 
  14:main.c        **** int main(void)
  15:main.c        **** {
  28              		.loc 1 15 0
  29              		.cfi_startproc
  30              		@ Volatile: function does not return.
  31              		@ args = 0, pretend = 0, frame = 0
  32              		@ frame_needed = 0, uses_anonymous_args = 0
  33 0000 10B5     		push	{r4, lr}
  34              		.cfi_def_cfa_offset 8
  35              		.cfi_offset 4, -8
  36              		.cfi_offset 14, -4
  16:main.c        ****     CyGlobalIntEnable; /* Enable global interrupts. */
  37              		.loc 1 16 0
  38              		.syntax divided
  39              	@ 16 "main.c" 1
  40 0002 62B6     		CPSIE   i
  41              	@ 0 "" 2
ARM GAS  C:\Users\munee\AppData\Local\Temp\ccD0Uebk.s 			page 2


  17:main.c        **** 
  18:main.c        ****     /* Place your initialization/startup code here (e.g. MyInst_Start()) */
  19:main.c        ****     from_ble_Start();
  42              		.loc 1 19 0
  43              		.thumb
  44              		.syntax unified
  45 0004 FFF7FEFF 		bl	from_ble_Start
  46              	.LVL0:
  20:main.c        ****     to_comp_Start();
  47              		.loc 1 20 0
  48 0008 FFF7FEFF 		bl	to_comp_Start
  49              	.LVL1:
  50              	.L2:
  21:main.c        ****     
  22:main.c        ****     for(;;)
  23:main.c        ****     {
  24:main.c        ****         to_comp_UartPutChar(from_ble_UartGetChar());
  51              		.loc 1 24 0 discriminator 1
  52 000c FFF7FEFF 		bl	from_ble_UartGetChar
  53              	.LVL2:
  54 0010 FFF7FEFF 		bl	to_comp_SpiUartWriteTxData
  55              	.LVL3:
  56 0014 FAE7     		b	.L2
  57              		.cfi_endproc
  58              	.LFE33:
  59              		.size	main, .-main
  60 0016 C046     		.text
  61              	.Letext0:
  62              		.file 2 "Generated_Source\\PSoC4/from_ble.h"
  63              		.file 3 "Generated_Source\\PSoC4/to_comp.h"
  64              		.file 4 "Generated_Source\\PSoC4/from_ble_SPI_UART.h"
  65              		.file 5 "Generated_Source\\PSoC4/to_comp_SPI_UART.h"
  66              		.file 6 "Generated_Source\\PSoC4/cytypes.h"
  67              		.section	.debug_info,"",%progbits
  68              	.Ldebug_info0:
  69 0000 03010000 		.4byte	0x103
  70 0004 0400     		.2byte	0x4
  71 0006 00000000 		.4byte	.Ldebug_abbrev0
  72 000a 04       		.byte	0x4
  73 000b 01       		.uleb128 0x1
  74 000c 8E000000 		.4byte	.LASF18
  75 0010 0C       		.byte	0xc
  76 0011 30000000 		.4byte	.LASF19
  77 0015 25010000 		.4byte	.LASF20
  78 0019 00000000 		.4byte	.Ldebug_ranges0+0
  79 001d 00000000 		.4byte	0
  80 0021 00000000 		.4byte	.Ldebug_line0
  81 0025 02       		.uleb128 0x2
  82 0026 01       		.byte	0x1
  83 0027 06       		.byte	0x6
  84 0028 9D010000 		.4byte	.LASF0
  85 002c 02       		.uleb128 0x2
  86 002d 01       		.byte	0x1
  87 002e 08       		.byte	0x8
  88 002f 22000000 		.4byte	.LASF1
  89 0033 02       		.uleb128 0x2
  90 0034 02       		.byte	0x2
ARM GAS  C:\Users\munee\AppData\Local\Temp\ccD0Uebk.s 			page 3


  91 0035 05       		.byte	0x5
  92 0036 BB010000 		.4byte	.LASF2
  93 003a 02       		.uleb128 0x2
  94 003b 02       		.byte	0x2
  95 003c 07       		.byte	0x7
  96 003d 8A010000 		.4byte	.LASF3
  97 0041 02       		.uleb128 0x2
  98 0042 04       		.byte	0x4
  99 0043 05       		.byte	0x5
 100 0044 78010000 		.4byte	.LASF4
 101 0048 02       		.uleb128 0x2
 102 0049 04       		.byte	0x4
 103 004a 07       		.byte	0x7
 104 004b 65000000 		.4byte	.LASF5
 105 004f 02       		.uleb128 0x2
 106 0050 08       		.byte	0x8
 107 0051 05       		.byte	0x5
 108 0052 00000000 		.4byte	.LASF6
 109 0056 02       		.uleb128 0x2
 110 0057 08       		.byte	0x8
 111 0058 07       		.byte	0x7
 112 0059 77000000 		.4byte	.LASF7
 113 005d 03       		.uleb128 0x3
 114 005e 04       		.byte	0x4
 115 005f 05       		.byte	0x5
 116 0060 696E7400 		.ascii	"int\000"
 117 0064 02       		.uleb128 0x2
 118 0065 04       		.byte	0x4
 119 0066 07       		.byte	0x7
 120 0067 15000000 		.4byte	.LASF8
 121 006b 04       		.uleb128 0x4
 122 006c 0E000000 		.4byte	.LASF21
 123 0070 06       		.byte	0x6
 124 0071 E601     		.2byte	0x1e6
 125 0073 48000000 		.4byte	0x48
 126 0077 02       		.uleb128 0x2
 127 0078 04       		.byte	0x4
 128 0079 04       		.byte	0x4
 129 007a B5010000 		.4byte	.LASF9
 130 007e 02       		.uleb128 0x2
 131 007f 08       		.byte	0x8
 132 0080 04       		.byte	0x4
 133 0081 71010000 		.4byte	.LASF10
 134 0085 02       		.uleb128 0x2
 135 0086 01       		.byte	0x1
 136 0087 08       		.byte	0x8
 137 0088 20010000 		.4byte	.LASF11
 138 008c 02       		.uleb128 0x2
 139 008d 08       		.byte	0x8
 140 008e 04       		.byte	0x4
 141 008f A9010000 		.4byte	.LASF12
 142 0093 02       		.uleb128 0x2
 143 0094 04       		.byte	0x4
 144 0095 07       		.byte	0x7
 145 0096 81010000 		.4byte	.LASF13
 146 009a 05       		.uleb128 0x5
 147 009b 37000000 		.4byte	.LASF22
ARM GAS  C:\Users\munee\AppData\Local\Temp\ccD0Uebk.s 			page 4


 148 009f 01       		.byte	0x1
 149 00a0 0E       		.byte	0xe
 150 00a1 5D000000 		.4byte	0x5d
 151 00a5 00000000 		.4byte	.LFB33
 152 00a9 16000000 		.4byte	.LFE33-.LFB33
 153 00ad 01       		.uleb128 0x1
 154 00ae 9C       		.byte	0x9c
 155 00af D8000000 		.4byte	0xd8
 156 00b3 06       		.uleb128 0x6
 157 00b4 08000000 		.4byte	.LVL0
 158 00b8 D8000000 		.4byte	0xd8
 159 00bc 06       		.uleb128 0x6
 160 00bd 0C000000 		.4byte	.LVL1
 161 00c1 E3000000 		.4byte	0xe3
 162 00c5 06       		.uleb128 0x6
 163 00c6 10000000 		.4byte	.LVL2
 164 00ca EE000000 		.4byte	0xee
 165 00ce 06       		.uleb128 0x6
 166 00cf 14000000 		.4byte	.LVL3
 167 00d3 FA000000 		.4byte	0xfa
 168 00d7 00       		.byte	0
 169 00d8 07       		.uleb128 0x7
 170 00d9 DA010000 		.4byte	.LASF14
 171 00dd DA010000 		.4byte	.LASF14
 172 00e1 02       		.byte	0x2
 173 00e2 72       		.byte	0x72
 174 00e3 07       		.uleb128 0x7
 175 00e4 57000000 		.4byte	.LASF15
 176 00e8 57000000 		.4byte	.LASF15
 177 00ec 03       		.byte	0x3
 178 00ed 72       		.byte	0x72
 179 00ee 08       		.uleb128 0x8
 180 00ef C5010000 		.4byte	.LASF16
 181 00f3 C5010000 		.4byte	.LASF16
 182 00f7 04       		.byte	0x4
 183 00f8 0F03     		.2byte	0x30f
 184 00fa 08       		.uleb128 0x8
 185 00fb 3C000000 		.4byte	.LASF17
 186 00ff 3C000000 		.4byte	.LASF17
 187 0103 05       		.byte	0x5
 188 0104 4403     		.2byte	0x344
 189 0106 00       		.byte	0
 190              		.section	.debug_abbrev,"",%progbits
 191              	.Ldebug_abbrev0:
 192 0000 01       		.uleb128 0x1
 193 0001 11       		.uleb128 0x11
 194 0002 01       		.byte	0x1
 195 0003 25       		.uleb128 0x25
 196 0004 0E       		.uleb128 0xe
 197 0005 13       		.uleb128 0x13
 198 0006 0B       		.uleb128 0xb
 199 0007 03       		.uleb128 0x3
 200 0008 0E       		.uleb128 0xe
 201 0009 1B       		.uleb128 0x1b
 202 000a 0E       		.uleb128 0xe
 203 000b 55       		.uleb128 0x55
 204 000c 17       		.uleb128 0x17
ARM GAS  C:\Users\munee\AppData\Local\Temp\ccD0Uebk.s 			page 5


 205 000d 11       		.uleb128 0x11
 206 000e 01       		.uleb128 0x1
 207 000f 10       		.uleb128 0x10
 208 0010 17       		.uleb128 0x17
 209 0011 00       		.byte	0
 210 0012 00       		.byte	0
 211 0013 02       		.uleb128 0x2
 212 0014 24       		.uleb128 0x24
 213 0015 00       		.byte	0
 214 0016 0B       		.uleb128 0xb
 215 0017 0B       		.uleb128 0xb
 216 0018 3E       		.uleb128 0x3e
 217 0019 0B       		.uleb128 0xb
 218 001a 03       		.uleb128 0x3
 219 001b 0E       		.uleb128 0xe
 220 001c 00       		.byte	0
 221 001d 00       		.byte	0
 222 001e 03       		.uleb128 0x3
 223 001f 24       		.uleb128 0x24
 224 0020 00       		.byte	0
 225 0021 0B       		.uleb128 0xb
 226 0022 0B       		.uleb128 0xb
 227 0023 3E       		.uleb128 0x3e
 228 0024 0B       		.uleb128 0xb
 229 0025 03       		.uleb128 0x3
 230 0026 08       		.uleb128 0x8
 231 0027 00       		.byte	0
 232 0028 00       		.byte	0
 233 0029 04       		.uleb128 0x4
 234 002a 16       		.uleb128 0x16
 235 002b 00       		.byte	0
 236 002c 03       		.uleb128 0x3
 237 002d 0E       		.uleb128 0xe
 238 002e 3A       		.uleb128 0x3a
 239 002f 0B       		.uleb128 0xb
 240 0030 3B       		.uleb128 0x3b
 241 0031 05       		.uleb128 0x5
 242 0032 49       		.uleb128 0x49
 243 0033 13       		.uleb128 0x13
 244 0034 00       		.byte	0
 245 0035 00       		.byte	0
 246 0036 05       		.uleb128 0x5
 247 0037 2E       		.uleb128 0x2e
 248 0038 01       		.byte	0x1
 249 0039 3F       		.uleb128 0x3f
 250 003a 19       		.uleb128 0x19
 251 003b 03       		.uleb128 0x3
 252 003c 0E       		.uleb128 0xe
 253 003d 3A       		.uleb128 0x3a
 254 003e 0B       		.uleb128 0xb
 255 003f 3B       		.uleb128 0x3b
 256 0040 0B       		.uleb128 0xb
 257 0041 27       		.uleb128 0x27
 258 0042 19       		.uleb128 0x19
 259 0043 49       		.uleb128 0x49
 260 0044 13       		.uleb128 0x13
 261 0045 8701     		.uleb128 0x87
ARM GAS  C:\Users\munee\AppData\Local\Temp\ccD0Uebk.s 			page 6


 262 0047 19       		.uleb128 0x19
 263 0048 11       		.uleb128 0x11
 264 0049 01       		.uleb128 0x1
 265 004a 12       		.uleb128 0x12
 266 004b 06       		.uleb128 0x6
 267 004c 40       		.uleb128 0x40
 268 004d 18       		.uleb128 0x18
 269 004e 9742     		.uleb128 0x2117
 270 0050 19       		.uleb128 0x19
 271 0051 01       		.uleb128 0x1
 272 0052 13       		.uleb128 0x13
 273 0053 00       		.byte	0
 274 0054 00       		.byte	0
 275 0055 06       		.uleb128 0x6
 276 0056 898201   		.uleb128 0x4109
 277 0059 00       		.byte	0
 278 005a 11       		.uleb128 0x11
 279 005b 01       		.uleb128 0x1
 280 005c 31       		.uleb128 0x31
 281 005d 13       		.uleb128 0x13
 282 005e 00       		.byte	0
 283 005f 00       		.byte	0
 284 0060 07       		.uleb128 0x7
 285 0061 2E       		.uleb128 0x2e
 286 0062 00       		.byte	0
 287 0063 3F       		.uleb128 0x3f
 288 0064 19       		.uleb128 0x19
 289 0065 3C       		.uleb128 0x3c
 290 0066 19       		.uleb128 0x19
 291 0067 6E       		.uleb128 0x6e
 292 0068 0E       		.uleb128 0xe
 293 0069 03       		.uleb128 0x3
 294 006a 0E       		.uleb128 0xe
 295 006b 3A       		.uleb128 0x3a
 296 006c 0B       		.uleb128 0xb
 297 006d 3B       		.uleb128 0x3b
 298 006e 0B       		.uleb128 0xb
 299 006f 00       		.byte	0
 300 0070 00       		.byte	0
 301 0071 08       		.uleb128 0x8
 302 0072 2E       		.uleb128 0x2e
 303 0073 00       		.byte	0
 304 0074 3F       		.uleb128 0x3f
 305 0075 19       		.uleb128 0x19
 306 0076 3C       		.uleb128 0x3c
 307 0077 19       		.uleb128 0x19
 308 0078 6E       		.uleb128 0x6e
 309 0079 0E       		.uleb128 0xe
 310 007a 03       		.uleb128 0x3
 311 007b 0E       		.uleb128 0xe
 312 007c 3A       		.uleb128 0x3a
 313 007d 0B       		.uleb128 0xb
 314 007e 3B       		.uleb128 0x3b
 315 007f 05       		.uleb128 0x5
 316 0080 00       		.byte	0
 317 0081 00       		.byte	0
 318 0082 00       		.byte	0
ARM GAS  C:\Users\munee\AppData\Local\Temp\ccD0Uebk.s 			page 7


 319              		.section	.debug_aranges,"",%progbits
 320 0000 1C000000 		.4byte	0x1c
 321 0004 0200     		.2byte	0x2
 322 0006 00000000 		.4byte	.Ldebug_info0
 323 000a 04       		.byte	0x4
 324 000b 00       		.byte	0
 325 000c 0000     		.2byte	0
 326 000e 0000     		.2byte	0
 327 0010 00000000 		.4byte	.LFB33
 328 0014 16000000 		.4byte	.LFE33-.LFB33
 329 0018 00000000 		.4byte	0
 330 001c 00000000 		.4byte	0
 331              		.section	.debug_ranges,"",%progbits
 332              	.Ldebug_ranges0:
 333 0000 00000000 		.4byte	.LFB33
 334 0004 16000000 		.4byte	.LFE33
 335 0008 00000000 		.4byte	0
 336 000c 00000000 		.4byte	0
 337              		.section	.debug_line,"",%progbits
 338              	.Ldebug_line0:
 339 0000 A6000000 		.section	.debug_str,"MS",%progbits,1
 339      02008900 
 339      00000201 
 339      FB0E0D00 
 339      01010101 
 340              	.LASF6:
 341 0000 6C6F6E67 		.ascii	"long long int\000"
 341      206C6F6E 
 341      6720696E 
 341      7400
 342              	.LASF21:
 343 000e 75696E74 		.ascii	"uint32\000"
 343      333200
 344              	.LASF8:
 345 0015 756E7369 		.ascii	"unsigned int\000"
 345      676E6564 
 345      20696E74 
 345      00
 346              	.LASF1:
 347 0022 756E7369 		.ascii	"unsigned char\000"
 347      676E6564 
 347      20636861 
 347      7200
 348              	.LASF19:
 349 0030 6D61696E 		.ascii	"main.c\000"
 349      2E6300
 350              	.LASF22:
 351 0037 6D61696E 		.ascii	"main\000"
 351      00
 352              	.LASF17:
 353 003c 746F5F63 		.ascii	"to_comp_SpiUartWriteTxData\000"
 353      6F6D705F 
 353      53706955 
 353      61727457 
 353      72697465 
 354              	.LASF15:
 355 0057 746F5F63 		.ascii	"to_comp_Start\000"
ARM GAS  C:\Users\munee\AppData\Local\Temp\ccD0Uebk.s 			page 8


 355      6F6D705F 
 355      53746172 
 355      7400
 356              	.LASF5:
 357 0065 6C6F6E67 		.ascii	"long unsigned int\000"
 357      20756E73 
 357      69676E65 
 357      6420696E 
 357      7400
 358              	.LASF7:
 359 0077 6C6F6E67 		.ascii	"long long unsigned int\000"
 359      206C6F6E 
 359      6720756E 
 359      7369676E 
 359      65642069 
 360              	.LASF18:
 361 008e 474E5520 		.ascii	"GNU C11 5.4.1 20160609 (release) [ARM/embedded-5-br"
 361      43313120 
 361      352E342E 
 361      31203230 
 361      31363036 
 362 00c1 616E6368 		.ascii	"anch revision 237715] -mcpu=cortex-m0plus -mthumb -"
 362      20726576 
 362      6973696F 
 362      6E203233 
 362      37373135 
 363 00f4 67202D4F 		.ascii	"g -Og -ffunction-sections -ffat-lto-objects\000"
 363      67202D66 
 363      66756E63 
 363      74696F6E 
 363      2D736563 
 364              	.LASF11:
 365 0120 63686172 		.ascii	"char\000"
 365      00
 366              	.LASF20:
 367 0125 433A5C55 		.ascii	"C:\\Users\\munee\\OneDrive\\Documents\\cypress\\CY8"
 367      73657273 
 367      5C6D756E 
 367      65655C4F 
 367      6E654472 
 368 0152 435F3134 		.ascii	"C_149KIT\\DebugUARTBridge.cydsn\000"
 368      394B4954 
 368      5C446562 
 368      75675541 
 368      52544272 
 369              	.LASF10:
 370 0171 646F7562 		.ascii	"double\000"
 370      6C6500
 371              	.LASF4:
 372 0178 6C6F6E67 		.ascii	"long int\000"
 372      20696E74 
 372      00
 373              	.LASF13:
 374 0181 73697A65 		.ascii	"sizetype\000"
 374      74797065 
 374      00
 375              	.LASF3:
ARM GAS  C:\Users\munee\AppData\Local\Temp\ccD0Uebk.s 			page 9


 376 018a 73686F72 		.ascii	"short unsigned int\000"
 376      7420756E 
 376      7369676E 
 376      65642069 
 376      6E7400
 377              	.LASF0:
 378 019d 7369676E 		.ascii	"signed char\000"
 378      65642063 
 378      68617200 
 379              	.LASF12:
 380 01a9 6C6F6E67 		.ascii	"long double\000"
 380      20646F75 
 380      626C6500 
 381              	.LASF9:
 382 01b5 666C6F61 		.ascii	"float\000"
 382      7400
 383              	.LASF2:
 384 01bb 73686F72 		.ascii	"short int\000"
 384      7420696E 
 384      7400
 385              	.LASF16:
 386 01c5 66726F6D 		.ascii	"from_ble_UartGetChar\000"
 386      5F626C65 
 386      5F556172 
 386      74476574 
 386      43686172 
 387              	.LASF14:
 388 01da 66726F6D 		.ascii	"from_ble_Start\000"
 388      5F626C65 
 388      5F537461 
 388      727400
 389              		.ident	"GCC: (GNU Tools for ARM Embedded Processors) 5.4.1 20160609 (release) [ARM/embedded-5-bran
