ARM GAS  C:\Users\Muneeb\AppData\Local\Temp\cceorGjV.s 			page 1


   1              		.syntax unified
   2              		.cpu cortex-m0
   3              		.fpu softvfp
   4              		.eabi_attribute 20, 1
   5              		.eabi_attribute 21, 1
   6              		.eabi_attribute 23, 3
   7              		.eabi_attribute 24, 1
   8              		.eabi_attribute 25, 1
   9              		.eabi_attribute 26, 1
  10              		.eabi_attribute 30, 6
  11              		.eabi_attribute 34, 0
  12              		.eabi_attribute 18, 4
  13              		.thumb
  14              		.syntax unified
  15              		.file	"ledDimmer_PM.c"
  16              		.text
  17              	.Ltext0:
  18              		.cfi_sections	.debug_frame
  19              		.bss
  20              		.align	2
  21              	ledDimmer_backup:
  22 0000 00000000 		.space	8
  22      00000000 
  23              		.section	.text.ledDimmer_SaveConfig,"ax",%progbits
  24              		.align	2
  25              		.global	ledDimmer_SaveConfig
  26              		.code	16
  27              		.thumb_func
  28              		.type	ledDimmer_SaveConfig, %function
  29              	ledDimmer_SaveConfig:
  30              	.LFB2:
  31              		.file 1 "Generated_Source\\PSoC4\\ledDimmer_PM.c"
   1:Generated_Source\PSoC4/ledDimmer_PM.c **** /*******************************************************************************
   2:Generated_Source\PSoC4/ledDimmer_PM.c **** * File Name: ledDimmer_PM.c
   3:Generated_Source\PSoC4/ledDimmer_PM.c **** * Version 3.30
   4:Generated_Source\PSoC4/ledDimmer_PM.c **** *
   5:Generated_Source\PSoC4/ledDimmer_PM.c **** * Description:
   6:Generated_Source\PSoC4/ledDimmer_PM.c **** *  This file provides the power management source code to API for the
   7:Generated_Source\PSoC4/ledDimmer_PM.c **** *  PWM.
   8:Generated_Source\PSoC4/ledDimmer_PM.c **** *
   9:Generated_Source\PSoC4/ledDimmer_PM.c **** * Note:
  10:Generated_Source\PSoC4/ledDimmer_PM.c **** *
  11:Generated_Source\PSoC4/ledDimmer_PM.c **** ********************************************************************************
  12:Generated_Source\PSoC4/ledDimmer_PM.c **** * Copyright 2008-2014, Cypress Semiconductor Corporation.  All rights reserved.
  13:Generated_Source\PSoC4/ledDimmer_PM.c **** * You may use this file only in accordance with the license, terms, conditions,
  14:Generated_Source\PSoC4/ledDimmer_PM.c **** * disclaimers, and limitations in the end user license agreement accompanying
  15:Generated_Source\PSoC4/ledDimmer_PM.c **** * the software package with which this file was provided.
  16:Generated_Source\PSoC4/ledDimmer_PM.c **** *******************************************************************************/
  17:Generated_Source\PSoC4/ledDimmer_PM.c **** 
  18:Generated_Source\PSoC4/ledDimmer_PM.c **** #include "ledDimmer.h"
  19:Generated_Source\PSoC4/ledDimmer_PM.c **** 
  20:Generated_Source\PSoC4/ledDimmer_PM.c **** static ledDimmer_backupStruct ledDimmer_backup;
  21:Generated_Source\PSoC4/ledDimmer_PM.c **** 
  22:Generated_Source\PSoC4/ledDimmer_PM.c **** 
  23:Generated_Source\PSoC4/ledDimmer_PM.c **** /*******************************************************************************
  24:Generated_Source\PSoC4/ledDimmer_PM.c **** * Function Name: ledDimmer_SaveConfig
  25:Generated_Source\PSoC4/ledDimmer_PM.c **** ********************************************************************************
ARM GAS  C:\Users\Muneeb\AppData\Local\Temp\cceorGjV.s 			page 2


  26:Generated_Source\PSoC4/ledDimmer_PM.c **** *
  27:Generated_Source\PSoC4/ledDimmer_PM.c **** * Summary:
  28:Generated_Source\PSoC4/ledDimmer_PM.c **** *  Saves the current user configuration of the component.
  29:Generated_Source\PSoC4/ledDimmer_PM.c **** *
  30:Generated_Source\PSoC4/ledDimmer_PM.c **** * Parameters:
  31:Generated_Source\PSoC4/ledDimmer_PM.c **** *  None
  32:Generated_Source\PSoC4/ledDimmer_PM.c **** *
  33:Generated_Source\PSoC4/ledDimmer_PM.c **** * Return:
  34:Generated_Source\PSoC4/ledDimmer_PM.c **** *  None
  35:Generated_Source\PSoC4/ledDimmer_PM.c **** *
  36:Generated_Source\PSoC4/ledDimmer_PM.c **** * Global variables:
  37:Generated_Source\PSoC4/ledDimmer_PM.c **** *  ledDimmer_backup:  Variables of this global structure are modified to
  38:Generated_Source\PSoC4/ledDimmer_PM.c **** *  store the values of non retention configuration registers when Sleep() API is
  39:Generated_Source\PSoC4/ledDimmer_PM.c **** *  called.
  40:Generated_Source\PSoC4/ledDimmer_PM.c **** *
  41:Generated_Source\PSoC4/ledDimmer_PM.c **** *******************************************************************************/
  42:Generated_Source\PSoC4/ledDimmer_PM.c **** void ledDimmer_SaveConfig(void) 
  43:Generated_Source\PSoC4/ledDimmer_PM.c **** {
  32              		.loc 1 43 0
  33              		.cfi_startproc
  34              		@ args = 0, pretend = 0, frame = 0
  35              		@ frame_needed = 1, uses_anonymous_args = 0
  36 0000 80B5     		push	{r7, lr}
  37              		.cfi_def_cfa_offset 8
  38              		.cfi_offset 7, -8
  39              		.cfi_offset 14, -4
  40 0002 00AF     		add	r7, sp, #0
  41              		.cfi_def_cfa_register 7
  44:Generated_Source\PSoC4/ledDimmer_PM.c **** 
  45:Generated_Source\PSoC4/ledDimmer_PM.c ****     #if(!ledDimmer_UsingFixedFunction)
  46:Generated_Source\PSoC4/ledDimmer_PM.c ****         #if(!ledDimmer_PWMModeIsCenterAligned)
  47:Generated_Source\PSoC4/ledDimmer_PM.c ****             ledDimmer_backup.PWMPeriod = ledDimmer_ReadPeriod();
  42              		.loc 1 47 0
  43 0004 FFF7FEFF 		bl	ledDimmer_ReadPeriod
  44 0008 0300     		movs	r3, r0
  45 000a 1A00     		movs	r2, r3
  46 000c 0A4B     		ldr	r3, .L2
  47 000e 9A80     		strh	r2, [r3, #4]
  48:Generated_Source\PSoC4/ledDimmer_PM.c ****         #endif /* (!ledDimmer_PWMModeIsCenterAligned) */
  49:Generated_Source\PSoC4/ledDimmer_PM.c ****         ledDimmer_backup.PWMUdb = ledDimmer_ReadCounter();
  48              		.loc 1 49 0
  49 0010 FFF7FEFF 		bl	ledDimmer_ReadCounter
  50 0014 0300     		movs	r3, r0
  51 0016 1A00     		movs	r2, r3
  52 0018 074B     		ldr	r3, .L2
  53 001a 5A80     		strh	r2, [r3, #2]
  50:Generated_Source\PSoC4/ledDimmer_PM.c ****         #if (ledDimmer_UseStatus)
  51:Generated_Source\PSoC4/ledDimmer_PM.c ****             ledDimmer_backup.InterruptMaskValue = ledDimmer_STATUS_MASK;
  54              		.loc 1 51 0
  55 001c 074B     		ldr	r3, .L2+4
  56 001e 1B78     		ldrb	r3, [r3]
  57 0020 DAB2     		uxtb	r2, r3
  58 0022 054B     		ldr	r3, .L2
  59 0024 9A71     		strb	r2, [r3, #6]
  52:Generated_Source\PSoC4/ledDimmer_PM.c ****         #endif /* (ledDimmer_UseStatus) */
  53:Generated_Source\PSoC4/ledDimmer_PM.c **** 
  54:Generated_Source\PSoC4/ledDimmer_PM.c ****         #if(ledDimmer_DeadBandMode == ledDimmer__B_PWM__DBM_256_CLOCKS || \
ARM GAS  C:\Users\Muneeb\AppData\Local\Temp\cceorGjV.s 			page 3


  55:Generated_Source\PSoC4/ledDimmer_PM.c ****             ledDimmer_DeadBandMode == ledDimmer__B_PWM__DBM_2_4_CLOCKS)
  56:Generated_Source\PSoC4/ledDimmer_PM.c ****             ledDimmer_backup.PWMdeadBandValue = ledDimmer_ReadDeadTime();
  57:Generated_Source\PSoC4/ledDimmer_PM.c ****         #endif /*  deadband count is either 2-4 clocks or 256 clocks */
  58:Generated_Source\PSoC4/ledDimmer_PM.c **** 
  59:Generated_Source\PSoC4/ledDimmer_PM.c ****         #if(ledDimmer_KillModeMinTime)
  60:Generated_Source\PSoC4/ledDimmer_PM.c ****              ledDimmer_backup.PWMKillCounterPeriod = ledDimmer_ReadKillTime();
  61:Generated_Source\PSoC4/ledDimmer_PM.c ****         #endif /* (ledDimmer_KillModeMinTime) */
  62:Generated_Source\PSoC4/ledDimmer_PM.c **** 
  63:Generated_Source\PSoC4/ledDimmer_PM.c ****         #if(ledDimmer_UseControl)
  64:Generated_Source\PSoC4/ledDimmer_PM.c ****             ledDimmer_backup.PWMControlRegister = ledDimmer_ReadControlRegister();
  60              		.loc 1 64 0
  61 0026 FFF7FEFF 		bl	ledDimmer_ReadControlRegister
  62 002a 0300     		movs	r3, r0
  63 002c 1A00     		movs	r2, r3
  64 002e 024B     		ldr	r3, .L2
  65 0030 DA71     		strb	r2, [r3, #7]
  65:Generated_Source\PSoC4/ledDimmer_PM.c ****         #endif /* (ledDimmer_UseControl) */
  66:Generated_Source\PSoC4/ledDimmer_PM.c ****     #endif  /* (!ledDimmer_UsingFixedFunction) */
  67:Generated_Source\PSoC4/ledDimmer_PM.c **** }
  66              		.loc 1 67 0
  67 0032 C046     		nop
  68 0034 BD46     		mov	sp, r7
  69              		@ sp needed
  70 0036 80BD     		pop	{r7, pc}
  71              	.L3:
  72              		.align	2
  73              	.L2:
  74 0038 00000000 		.word	ledDimmer_backup
  75 003c 83000F40 		.word	1074724995
  76              		.cfi_endproc
  77              	.LFE2:
  78              		.size	ledDimmer_SaveConfig, .-ledDimmer_SaveConfig
  79              		.section	.text.ledDimmer_RestoreConfig,"ax",%progbits
  80              		.align	2
  81              		.global	ledDimmer_RestoreConfig
  82              		.code	16
  83              		.thumb_func
  84              		.type	ledDimmer_RestoreConfig, %function
  85              	ledDimmer_RestoreConfig:
  86              	.LFB3:
  68:Generated_Source\PSoC4/ledDimmer_PM.c **** 
  69:Generated_Source\PSoC4/ledDimmer_PM.c **** 
  70:Generated_Source\PSoC4/ledDimmer_PM.c **** /*******************************************************************************
  71:Generated_Source\PSoC4/ledDimmer_PM.c **** * Function Name: ledDimmer_RestoreConfig
  72:Generated_Source\PSoC4/ledDimmer_PM.c **** ********************************************************************************
  73:Generated_Source\PSoC4/ledDimmer_PM.c **** *
  74:Generated_Source\PSoC4/ledDimmer_PM.c **** * Summary:
  75:Generated_Source\PSoC4/ledDimmer_PM.c **** *  Restores the current user configuration of the component.
  76:Generated_Source\PSoC4/ledDimmer_PM.c **** *
  77:Generated_Source\PSoC4/ledDimmer_PM.c **** * Parameters:
  78:Generated_Source\PSoC4/ledDimmer_PM.c **** *  None
  79:Generated_Source\PSoC4/ledDimmer_PM.c **** *
  80:Generated_Source\PSoC4/ledDimmer_PM.c **** * Return:
  81:Generated_Source\PSoC4/ledDimmer_PM.c **** *  None
  82:Generated_Source\PSoC4/ledDimmer_PM.c **** *
  83:Generated_Source\PSoC4/ledDimmer_PM.c **** * Global variables:
  84:Generated_Source\PSoC4/ledDimmer_PM.c **** *  ledDimmer_backup:  Variables of this global structure are used to
ARM GAS  C:\Users\Muneeb\AppData\Local\Temp\cceorGjV.s 			page 4


  85:Generated_Source\PSoC4/ledDimmer_PM.c **** *  restore the values of non retention registers on wakeup from sleep mode.
  86:Generated_Source\PSoC4/ledDimmer_PM.c **** *
  87:Generated_Source\PSoC4/ledDimmer_PM.c **** *******************************************************************************/
  88:Generated_Source\PSoC4/ledDimmer_PM.c **** void ledDimmer_RestoreConfig(void) 
  89:Generated_Source\PSoC4/ledDimmer_PM.c **** {
  87              		.loc 1 89 0
  88              		.cfi_startproc
  89              		@ args = 0, pretend = 0, frame = 0
  90              		@ frame_needed = 1, uses_anonymous_args = 0
  91 0000 80B5     		push	{r7, lr}
  92              		.cfi_def_cfa_offset 8
  93              		.cfi_offset 7, -8
  94              		.cfi_offset 14, -4
  95 0002 00AF     		add	r7, sp, #0
  96              		.cfi_def_cfa_register 7
  90:Generated_Source\PSoC4/ledDimmer_PM.c ****         #if(!ledDimmer_UsingFixedFunction)
  91:Generated_Source\PSoC4/ledDimmer_PM.c ****             #if(!ledDimmer_PWMModeIsCenterAligned)
  92:Generated_Source\PSoC4/ledDimmer_PM.c ****                 ledDimmer_WritePeriod(ledDimmer_backup.PWMPeriod);
  97              		.loc 1 92 0
  98 0004 0A4B     		ldr	r3, .L5
  99 0006 9B88     		ldrh	r3, [r3, #4]
 100 0008 1800     		movs	r0, r3
 101 000a FFF7FEFF 		bl	ledDimmer_WritePeriod
  93:Generated_Source\PSoC4/ledDimmer_PM.c ****             #endif /* (!ledDimmer_PWMModeIsCenterAligned) */
  94:Generated_Source\PSoC4/ledDimmer_PM.c **** 
  95:Generated_Source\PSoC4/ledDimmer_PM.c ****             ledDimmer_WriteCounter(ledDimmer_backup.PWMUdb);
 102              		.loc 1 95 0
 103 000e 084B     		ldr	r3, .L5
 104 0010 5B88     		ldrh	r3, [r3, #2]
 105 0012 1800     		movs	r0, r3
 106 0014 FFF7FEFF 		bl	ledDimmer_WriteCounter
  96:Generated_Source\PSoC4/ledDimmer_PM.c **** 
  97:Generated_Source\PSoC4/ledDimmer_PM.c ****             #if (ledDimmer_UseStatus)
  98:Generated_Source\PSoC4/ledDimmer_PM.c ****                 ledDimmer_STATUS_MASK = ledDimmer_backup.InterruptMaskValue;
 107              		.loc 1 98 0
 108 0018 064A     		ldr	r2, .L5+4
 109 001a 054B     		ldr	r3, .L5
 110 001c 9B79     		ldrb	r3, [r3, #6]
 111 001e 1370     		strb	r3, [r2]
  99:Generated_Source\PSoC4/ledDimmer_PM.c ****             #endif /* (ledDimmer_UseStatus) */
 100:Generated_Source\PSoC4/ledDimmer_PM.c **** 
 101:Generated_Source\PSoC4/ledDimmer_PM.c ****             #if(ledDimmer_DeadBandMode == ledDimmer__B_PWM__DBM_256_CLOCKS || \
 102:Generated_Source\PSoC4/ledDimmer_PM.c ****                 ledDimmer_DeadBandMode == ledDimmer__B_PWM__DBM_2_4_CLOCKS)
 103:Generated_Source\PSoC4/ledDimmer_PM.c ****                 ledDimmer_WriteDeadTime(ledDimmer_backup.PWMdeadBandValue);
 104:Generated_Source\PSoC4/ledDimmer_PM.c ****             #endif /* deadband count is either 2-4 clocks or 256 clocks */
 105:Generated_Source\PSoC4/ledDimmer_PM.c **** 
 106:Generated_Source\PSoC4/ledDimmer_PM.c ****             #if(ledDimmer_KillModeMinTime)
 107:Generated_Source\PSoC4/ledDimmer_PM.c ****                 ledDimmer_WriteKillTime(ledDimmer_backup.PWMKillCounterPeriod);
 108:Generated_Source\PSoC4/ledDimmer_PM.c ****             #endif /* (ledDimmer_KillModeMinTime) */
 109:Generated_Source\PSoC4/ledDimmer_PM.c **** 
 110:Generated_Source\PSoC4/ledDimmer_PM.c ****             #if(ledDimmer_UseControl)
 111:Generated_Source\PSoC4/ledDimmer_PM.c ****                 ledDimmer_WriteControlRegister(ledDimmer_backup.PWMControlRegister);
 112              		.loc 1 111 0
 113 0020 034B     		ldr	r3, .L5
 114 0022 DB79     		ldrb	r3, [r3, #7]
 115 0024 1800     		movs	r0, r3
 116 0026 FFF7FEFF 		bl	ledDimmer_WriteControlRegister
ARM GAS  C:\Users\Muneeb\AppData\Local\Temp\cceorGjV.s 			page 5


 112:Generated_Source\PSoC4/ledDimmer_PM.c ****             #endif /* (ledDimmer_UseControl) */
 113:Generated_Source\PSoC4/ledDimmer_PM.c ****         #endif  /* (!ledDimmer_UsingFixedFunction) */
 114:Generated_Source\PSoC4/ledDimmer_PM.c ****     }
 117              		.loc 1 114 0
 118 002a C046     		nop
 119 002c BD46     		mov	sp, r7
 120              		@ sp needed
 121 002e 80BD     		pop	{r7, pc}
 122              	.L6:
 123              		.align	2
 124              	.L5:
 125 0030 00000000 		.word	ledDimmer_backup
 126 0034 83000F40 		.word	1074724995
 127              		.cfi_endproc
 128              	.LFE3:
 129              		.size	ledDimmer_RestoreConfig, .-ledDimmer_RestoreConfig
 130              		.section	.text.ledDimmer_Sleep,"ax",%progbits
 131              		.align	2
 132              		.global	ledDimmer_Sleep
 133              		.code	16
 134              		.thumb_func
 135              		.type	ledDimmer_Sleep, %function
 136              	ledDimmer_Sleep:
 137              	.LFB4:
 115:Generated_Source\PSoC4/ledDimmer_PM.c **** 
 116:Generated_Source\PSoC4/ledDimmer_PM.c **** 
 117:Generated_Source\PSoC4/ledDimmer_PM.c **** /*******************************************************************************
 118:Generated_Source\PSoC4/ledDimmer_PM.c **** * Function Name: ledDimmer_Sleep
 119:Generated_Source\PSoC4/ledDimmer_PM.c **** ********************************************************************************
 120:Generated_Source\PSoC4/ledDimmer_PM.c **** *
 121:Generated_Source\PSoC4/ledDimmer_PM.c **** * Summary:
 122:Generated_Source\PSoC4/ledDimmer_PM.c **** *  Disables block's operation and saves the user configuration. Should be called
 123:Generated_Source\PSoC4/ledDimmer_PM.c **** *  just prior to entering sleep.
 124:Generated_Source\PSoC4/ledDimmer_PM.c **** *
 125:Generated_Source\PSoC4/ledDimmer_PM.c **** * Parameters:
 126:Generated_Source\PSoC4/ledDimmer_PM.c **** *  None
 127:Generated_Source\PSoC4/ledDimmer_PM.c **** *
 128:Generated_Source\PSoC4/ledDimmer_PM.c **** * Return:
 129:Generated_Source\PSoC4/ledDimmer_PM.c **** *  None
 130:Generated_Source\PSoC4/ledDimmer_PM.c **** *
 131:Generated_Source\PSoC4/ledDimmer_PM.c **** * Global variables:
 132:Generated_Source\PSoC4/ledDimmer_PM.c **** *  ledDimmer_backup.PWMEnableState:  Is modified depending on the enable
 133:Generated_Source\PSoC4/ledDimmer_PM.c **** *  state of the block before entering sleep mode.
 134:Generated_Source\PSoC4/ledDimmer_PM.c **** *
 135:Generated_Source\PSoC4/ledDimmer_PM.c **** *******************************************************************************/
 136:Generated_Source\PSoC4/ledDimmer_PM.c **** void ledDimmer_Sleep(void) 
 137:Generated_Source\PSoC4/ledDimmer_PM.c **** {
 138              		.loc 1 137 0
 139              		.cfi_startproc
 140              		@ args = 0, pretend = 0, frame = 0
 141              		@ frame_needed = 1, uses_anonymous_args = 0
 142 0000 80B5     		push	{r7, lr}
 143              		.cfi_def_cfa_offset 8
 144              		.cfi_offset 7, -8
 145              		.cfi_offset 14, -4
 146 0002 00AF     		add	r7, sp, #0
 147              		.cfi_def_cfa_register 7
ARM GAS  C:\Users\Muneeb\AppData\Local\Temp\cceorGjV.s 			page 6


 138:Generated_Source\PSoC4/ledDimmer_PM.c ****     #if(ledDimmer_UseControl)
 139:Generated_Source\PSoC4/ledDimmer_PM.c ****         if(ledDimmer_CTRL_ENABLE == (ledDimmer_CONTROL & ledDimmer_CTRL_ENABLE))
 148              		.loc 1 139 0
 149 0004 094B     		ldr	r3, .L10
 150 0006 1B78     		ldrb	r3, [r3]
 151 0008 DBB2     		uxtb	r3, r3
 152 000a 5BB2     		sxtb	r3, r3
 153 000c 002B     		cmp	r3, #0
 154 000e 03DA     		bge	.L8
 140:Generated_Source\PSoC4/ledDimmer_PM.c ****         {
 141:Generated_Source\PSoC4/ledDimmer_PM.c ****             /*Component is enabled */
 142:Generated_Source\PSoC4/ledDimmer_PM.c ****             ledDimmer_backup.PWMEnableState = 1u;
 155              		.loc 1 142 0
 156 0010 074B     		ldr	r3, .L10+4
 157 0012 0122     		movs	r2, #1
 158 0014 1A70     		strb	r2, [r3]
 159 0016 02E0     		b	.L9
 160              	.L8:
 143:Generated_Source\PSoC4/ledDimmer_PM.c ****         }
 144:Generated_Source\PSoC4/ledDimmer_PM.c ****         else
 145:Generated_Source\PSoC4/ledDimmer_PM.c ****         {
 146:Generated_Source\PSoC4/ledDimmer_PM.c ****             /* Component is disabled */
 147:Generated_Source\PSoC4/ledDimmer_PM.c ****             ledDimmer_backup.PWMEnableState = 0u;
 161              		.loc 1 147 0
 162 0018 054B     		ldr	r3, .L10+4
 163 001a 0022     		movs	r2, #0
 164 001c 1A70     		strb	r2, [r3]
 165              	.L9:
 148:Generated_Source\PSoC4/ledDimmer_PM.c ****         }
 149:Generated_Source\PSoC4/ledDimmer_PM.c ****     #endif /* (ledDimmer_UseControl) */
 150:Generated_Source\PSoC4/ledDimmer_PM.c **** 
 151:Generated_Source\PSoC4/ledDimmer_PM.c ****     /* Stop component */
 152:Generated_Source\PSoC4/ledDimmer_PM.c ****     ledDimmer_Stop();
 166              		.loc 1 152 0
 167 001e FFF7FEFF 		bl	ledDimmer_Stop
 153:Generated_Source\PSoC4/ledDimmer_PM.c **** 
 154:Generated_Source\PSoC4/ledDimmer_PM.c ****     /* Save registers configuration */
 155:Generated_Source\PSoC4/ledDimmer_PM.c ****     ledDimmer_SaveConfig();
 168              		.loc 1 155 0
 169 0022 FFF7FEFF 		bl	ledDimmer_SaveConfig
 156:Generated_Source\PSoC4/ledDimmer_PM.c **** }
 170              		.loc 1 156 0
 171 0026 C046     		nop
 172 0028 BD46     		mov	sp, r7
 173              		@ sp needed
 174 002a 80BD     		pop	{r7, pc}
 175              	.L11:
 176              		.align	2
 177              	.L10:
 178 002c 73000F40 		.word	1074724979
 179 0030 00000000 		.word	ledDimmer_backup
 180              		.cfi_endproc
 181              	.LFE4:
 182              		.size	ledDimmer_Sleep, .-ledDimmer_Sleep
 183              		.section	.text.ledDimmer_Wakeup,"ax",%progbits
 184              		.align	2
 185              		.global	ledDimmer_Wakeup
ARM GAS  C:\Users\Muneeb\AppData\Local\Temp\cceorGjV.s 			page 7


 186              		.code	16
 187              		.thumb_func
 188              		.type	ledDimmer_Wakeup, %function
 189              	ledDimmer_Wakeup:
 190              	.LFB5:
 157:Generated_Source\PSoC4/ledDimmer_PM.c **** 
 158:Generated_Source\PSoC4/ledDimmer_PM.c **** 
 159:Generated_Source\PSoC4/ledDimmer_PM.c **** /*******************************************************************************
 160:Generated_Source\PSoC4/ledDimmer_PM.c **** * Function Name: ledDimmer_Wakeup
 161:Generated_Source\PSoC4/ledDimmer_PM.c **** ********************************************************************************
 162:Generated_Source\PSoC4/ledDimmer_PM.c **** *
 163:Generated_Source\PSoC4/ledDimmer_PM.c **** * Summary:
 164:Generated_Source\PSoC4/ledDimmer_PM.c **** *  Restores and enables the user configuration. Should be called just after
 165:Generated_Source\PSoC4/ledDimmer_PM.c **** *  awaking from sleep.
 166:Generated_Source\PSoC4/ledDimmer_PM.c **** *
 167:Generated_Source\PSoC4/ledDimmer_PM.c **** * Parameters:
 168:Generated_Source\PSoC4/ledDimmer_PM.c **** *  None
 169:Generated_Source\PSoC4/ledDimmer_PM.c **** *
 170:Generated_Source\PSoC4/ledDimmer_PM.c **** * Return:
 171:Generated_Source\PSoC4/ledDimmer_PM.c **** *  None
 172:Generated_Source\PSoC4/ledDimmer_PM.c **** *
 173:Generated_Source\PSoC4/ledDimmer_PM.c **** * Global variables:
 174:Generated_Source\PSoC4/ledDimmer_PM.c **** *  ledDimmer_backup.pwmEnable:  Is used to restore the enable state of
 175:Generated_Source\PSoC4/ledDimmer_PM.c **** *  block on wakeup from sleep mode.
 176:Generated_Source\PSoC4/ledDimmer_PM.c **** *
 177:Generated_Source\PSoC4/ledDimmer_PM.c **** *******************************************************************************/
 178:Generated_Source\PSoC4/ledDimmer_PM.c **** void ledDimmer_Wakeup(void) 
 179:Generated_Source\PSoC4/ledDimmer_PM.c **** {
 191              		.loc 1 179 0
 192              		.cfi_startproc
 193              		@ args = 0, pretend = 0, frame = 0
 194              		@ frame_needed = 1, uses_anonymous_args = 0
 195 0000 80B5     		push	{r7, lr}
 196              		.cfi_def_cfa_offset 8
 197              		.cfi_offset 7, -8
 198              		.cfi_offset 14, -4
 199 0002 00AF     		add	r7, sp, #0
 200              		.cfi_def_cfa_register 7
 180:Generated_Source\PSoC4/ledDimmer_PM.c ****      /* Restore registers values */
 181:Generated_Source\PSoC4/ledDimmer_PM.c ****     ledDimmer_RestoreConfig();
 201              		.loc 1 181 0
 202 0004 FFF7FEFF 		bl	ledDimmer_RestoreConfig
 182:Generated_Source\PSoC4/ledDimmer_PM.c **** 
 183:Generated_Source\PSoC4/ledDimmer_PM.c ****     if(ledDimmer_backup.PWMEnableState != 0u)
 203              		.loc 1 183 0
 204 0008 044B     		ldr	r3, .L15
 205 000a 1B78     		ldrb	r3, [r3]
 206 000c 002B     		cmp	r3, #0
 207 000e 01D0     		beq	.L14
 184:Generated_Source\PSoC4/ledDimmer_PM.c ****     {
 185:Generated_Source\PSoC4/ledDimmer_PM.c ****         /* Enable component's operation */
 186:Generated_Source\PSoC4/ledDimmer_PM.c ****         ledDimmer_Enable();
 208              		.loc 1 186 0
 209 0010 FFF7FEFF 		bl	ledDimmer_Enable
 210              	.L14:
 187:Generated_Source\PSoC4/ledDimmer_PM.c ****     } /* Do nothing if component's block was disabled before */
 188:Generated_Source\PSoC4/ledDimmer_PM.c **** 
ARM GAS  C:\Users\Muneeb\AppData\Local\Temp\cceorGjV.s 			page 8


 189:Generated_Source\PSoC4/ledDimmer_PM.c **** }
 211              		.loc 1 189 0
 212 0014 C046     		nop
 213 0016 BD46     		mov	sp, r7
 214              		@ sp needed
 215 0018 80BD     		pop	{r7, pc}
 216              	.L16:
 217 001a C046     		.align	2
 218              	.L15:
 219 001c 00000000 		.word	ledDimmer_backup
 220              		.cfi_endproc
 221              	.LFE5:
 222              		.size	ledDimmer_Wakeup, .-ledDimmer_Wakeup
 223              		.text
 224              	.Letext0:
 225              		.file 2 "Generated_Source\\PSoC4\\cytypes.h"
 226              		.file 3 "Generated_Source\\PSoC4\\ledDimmer.h"
 227              		.section	.debug_info,"",%progbits
 228              	.Ldebug_info0:
 229 0000 59010000 		.4byte	0x159
 230 0004 0400     		.2byte	0x4
 231 0006 00000000 		.4byte	.Ldebug_abbrev0
 232 000a 04       		.byte	0x4
 233 000b 01       		.uleb128 0x1
 234 000c DA000000 		.4byte	.LASF27
 235 0010 0C       		.byte	0xc
 236 0011 07000000 		.4byte	.LASF28
 237 0015 4C000000 		.4byte	.LASF29
 238 0019 00000000 		.4byte	.Ldebug_ranges0+0
 239 001d 00000000 		.4byte	0
 240 0021 00000000 		.4byte	.Ldebug_line0
 241 0025 02       		.uleb128 0x2
 242 0026 01       		.byte	0x1
 243 0027 06       		.byte	0x6
 244 0028 3E020000 		.4byte	.LASF0
 245 002c 02       		.uleb128 0x2
 246 002d 01       		.byte	0x1
 247 002e 08       		.byte	0x8
 248 002f A5000000 		.4byte	.LASF1
 249 0033 02       		.uleb128 0x2
 250 0034 02       		.byte	0x2
 251 0035 05       		.byte	0x5
 252 0036 1F020000 		.4byte	.LASF2
 253 003a 02       		.uleb128 0x2
 254 003b 02       		.byte	0x2
 255 003c 07       		.byte	0x7
 256 003d 8C000000 		.4byte	.LASF3
 257 0041 02       		.uleb128 0x2
 258 0042 04       		.byte	0x4
 259 0043 05       		.byte	0x5
 260 0044 29020000 		.4byte	.LASF4
 261 0048 02       		.uleb128 0x2
 262 0049 04       		.byte	0x4
 263 004a 07       		.byte	0x7
 264 004b C2000000 		.4byte	.LASF5
 265 004f 02       		.uleb128 0x2
 266 0050 08       		.byte	0x8
ARM GAS  C:\Users\Muneeb\AppData\Local\Temp\cceorGjV.s 			page 9


 267 0051 05       		.byte	0x5
 268 0052 E3010000 		.4byte	.LASF6
 269 0056 02       		.uleb128 0x2
 270 0057 08       		.byte	0x8
 271 0058 07       		.byte	0x7
 272 0059 A7010000 		.4byte	.LASF7
 273 005d 03       		.uleb128 0x3
 274 005e 04       		.byte	0x4
 275 005f 05       		.byte	0x5
 276 0060 696E7400 		.ascii	"int\000"
 277 0064 02       		.uleb128 0x2
 278 0065 04       		.byte	0x4
 279 0066 07       		.byte	0x7
 280 0067 9A010000 		.4byte	.LASF8
 281 006b 04       		.uleb128 0x4
 282 006c D4000000 		.4byte	.LASF9
 283 0070 02       		.byte	0x2
 284 0071 D201     		.2byte	0x1d2
 285 0073 2C000000 		.4byte	0x2c
 286 0077 04       		.uleb128 0x4
 287 0078 82010000 		.4byte	.LASF10
 288 007c 02       		.byte	0x2
 289 007d D301     		.2byte	0x1d3
 290 007f 3A000000 		.4byte	0x3a
 291 0083 02       		.uleb128 0x2
 292 0084 04       		.byte	0x4
 293 0085 04       		.byte	0x4
 294 0086 9F000000 		.4byte	.LASF11
 295 008a 02       		.uleb128 0x2
 296 008b 08       		.byte	0x8
 297 008c 04       		.byte	0x4
 298 008d 7B010000 		.4byte	.LASF12
 299 0091 02       		.uleb128 0x2
 300 0092 01       		.byte	0x1
 301 0093 08       		.byte	0x8
 302 0094 F1010000 		.4byte	.LASF13
 303 0098 04       		.uleb128 0x4
 304 0099 BE010000 		.4byte	.LASF14
 305 009d 02       		.byte	0x2
 306 009e 7C02     		.2byte	0x27c
 307 00a0 A4000000 		.4byte	0xa4
 308 00a4 05       		.uleb128 0x5
 309 00a5 6B000000 		.4byte	0x6b
 310 00a9 02       		.uleb128 0x2
 311 00aa 08       		.byte	0x8
 312 00ab 04       		.byte	0x4
 313 00ac 32020000 		.4byte	.LASF15
 314 00b0 02       		.uleb128 0x2
 315 00b1 04       		.byte	0x4
 316 00b2 07       		.byte	0x7
 317 00b3 C3010000 		.4byte	.LASF16
 318 00b7 06       		.uleb128 0x6
 319 00b8 08       		.byte	0x8
 320 00b9 03       		.byte	0x3
 321 00ba 6B       		.byte	0x6b
 322 00bb FC000000 		.4byte	0xfc
 323 00bf 07       		.uleb128 0x7
ARM GAS  C:\Users\Muneeb\AppData\Local\Temp\cceorGjV.s 			page 10


 324 00c0 B3000000 		.4byte	.LASF17
 325 00c4 03       		.byte	0x3
 326 00c5 6E       		.byte	0x6e
 327 00c6 6B000000 		.4byte	0x6b
 328 00ca 00       		.byte	0
 329 00cb 07       		.uleb128 0x7
 330 00cc 00000000 		.4byte	.LASF18
 331 00d0 03       		.byte	0x3
 332 00d1 71       		.byte	0x71
 333 00d2 77000000 		.4byte	0x77
 334 00d6 02       		.byte	0x2
 335 00d7 07       		.uleb128 0x7
 336 00d8 2D000000 		.4byte	.LASF19
 337 00dc 03       		.byte	0x3
 338 00dd 73       		.byte	0x73
 339 00de 77000000 		.4byte	0x77
 340 00e2 04       		.byte	0x4
 341 00e3 07       		.uleb128 0x7
 342 00e4 4A020000 		.4byte	.LASF20
 343 00e8 03       		.byte	0x3
 344 00e9 76       		.byte	0x76
 345 00ea 6B000000 		.4byte	0x6b
 346 00ee 06       		.byte	0x6
 347 00ef 07       		.uleb128 0x7
 348 00f0 68010000 		.4byte	.LASF21
 349 00f4 03       		.byte	0x3
 350 00f5 86       		.byte	0x86
 351 00f6 6B000000 		.4byte	0x6b
 352 00fa 07       		.byte	0x7
 353 00fb 00       		.byte	0
 354 00fc 08       		.uleb128 0x8
 355 00fd CC010000 		.4byte	.LASF22
 356 0101 03       		.byte	0x3
 357 0102 8B       		.byte	0x8b
 358 0103 B7000000 		.4byte	0xb7
 359 0107 09       		.uleb128 0x9
 360 0108 37000000 		.4byte	.LASF23
 361 010c 01       		.byte	0x1
 362 010d 2A       		.byte	0x2a
 363 010e 00000000 		.4byte	.LFB2
 364 0112 40000000 		.4byte	.LFE2-.LFB2
 365 0116 01       		.uleb128 0x1
 366 0117 9C       		.byte	0x9c
 367 0118 09       		.uleb128 0x9
 368 0119 F6010000 		.4byte	.LASF24
 369 011d 01       		.byte	0x1
 370 011e 58       		.byte	0x58
 371 011f 00000000 		.4byte	.LFB3
 372 0123 38000000 		.4byte	.LFE3-.LFB3
 373 0127 01       		.uleb128 0x1
 374 0128 9C       		.byte	0x9c
 375 0129 09       		.uleb128 0x9
 376 012a 7C000000 		.4byte	.LASF25
 377 012e 01       		.byte	0x1
 378 012f 88       		.byte	0x88
 379 0130 00000000 		.4byte	.LFB4
 380 0134 34000000 		.4byte	.LFE4-.LFB4
ARM GAS  C:\Users\Muneeb\AppData\Local\Temp\cceorGjV.s 			page 11


 381 0138 01       		.uleb128 0x1
 382 0139 9C       		.byte	0x9c
 383 013a 09       		.uleb128 0x9
 384 013b 0E020000 		.4byte	.LASF26
 385 013f 01       		.byte	0x1
 386 0140 B2       		.byte	0xb2
 387 0141 00000000 		.4byte	.LFB5
 388 0145 20000000 		.4byte	.LFE5-.LFB5
 389 0149 01       		.uleb128 0x1
 390 014a 9C       		.byte	0x9c
 391 014b 0A       		.uleb128 0xa
 392 014c 89010000 		.4byte	.LASF30
 393 0150 01       		.byte	0x1
 394 0151 14       		.byte	0x14
 395 0152 FC000000 		.4byte	0xfc
 396 0156 05       		.uleb128 0x5
 397 0157 03       		.byte	0x3
 398 0158 00000000 		.4byte	ledDimmer_backup
 399 015c 00       		.byte	0
 400              		.section	.debug_abbrev,"",%progbits
 401              	.Ldebug_abbrev0:
 402 0000 01       		.uleb128 0x1
 403 0001 11       		.uleb128 0x11
 404 0002 01       		.byte	0x1
 405 0003 25       		.uleb128 0x25
 406 0004 0E       		.uleb128 0xe
 407 0005 13       		.uleb128 0x13
 408 0006 0B       		.uleb128 0xb
 409 0007 03       		.uleb128 0x3
 410 0008 0E       		.uleb128 0xe
 411 0009 1B       		.uleb128 0x1b
 412 000a 0E       		.uleb128 0xe
 413 000b 55       		.uleb128 0x55
 414 000c 17       		.uleb128 0x17
 415 000d 11       		.uleb128 0x11
 416 000e 01       		.uleb128 0x1
 417 000f 10       		.uleb128 0x10
 418 0010 17       		.uleb128 0x17
 419 0011 00       		.byte	0
 420 0012 00       		.byte	0
 421 0013 02       		.uleb128 0x2
 422 0014 24       		.uleb128 0x24
 423 0015 00       		.byte	0
 424 0016 0B       		.uleb128 0xb
 425 0017 0B       		.uleb128 0xb
 426 0018 3E       		.uleb128 0x3e
 427 0019 0B       		.uleb128 0xb
 428 001a 03       		.uleb128 0x3
 429 001b 0E       		.uleb128 0xe
 430 001c 00       		.byte	0
 431 001d 00       		.byte	0
 432 001e 03       		.uleb128 0x3
 433 001f 24       		.uleb128 0x24
 434 0020 00       		.byte	0
 435 0021 0B       		.uleb128 0xb
 436 0022 0B       		.uleb128 0xb
 437 0023 3E       		.uleb128 0x3e
ARM GAS  C:\Users\Muneeb\AppData\Local\Temp\cceorGjV.s 			page 12


 438 0024 0B       		.uleb128 0xb
 439 0025 03       		.uleb128 0x3
 440 0026 08       		.uleb128 0x8
 441 0027 00       		.byte	0
 442 0028 00       		.byte	0
 443 0029 04       		.uleb128 0x4
 444 002a 16       		.uleb128 0x16
 445 002b 00       		.byte	0
 446 002c 03       		.uleb128 0x3
 447 002d 0E       		.uleb128 0xe
 448 002e 3A       		.uleb128 0x3a
 449 002f 0B       		.uleb128 0xb
 450 0030 3B       		.uleb128 0x3b
 451 0031 05       		.uleb128 0x5
 452 0032 49       		.uleb128 0x49
 453 0033 13       		.uleb128 0x13
 454 0034 00       		.byte	0
 455 0035 00       		.byte	0
 456 0036 05       		.uleb128 0x5
 457 0037 35       		.uleb128 0x35
 458 0038 00       		.byte	0
 459 0039 49       		.uleb128 0x49
 460 003a 13       		.uleb128 0x13
 461 003b 00       		.byte	0
 462 003c 00       		.byte	0
 463 003d 06       		.uleb128 0x6
 464 003e 13       		.uleb128 0x13
 465 003f 01       		.byte	0x1
 466 0040 0B       		.uleb128 0xb
 467 0041 0B       		.uleb128 0xb
 468 0042 3A       		.uleb128 0x3a
 469 0043 0B       		.uleb128 0xb
 470 0044 3B       		.uleb128 0x3b
 471 0045 0B       		.uleb128 0xb
 472 0046 01       		.uleb128 0x1
 473 0047 13       		.uleb128 0x13
 474 0048 00       		.byte	0
 475 0049 00       		.byte	0
 476 004a 07       		.uleb128 0x7
 477 004b 0D       		.uleb128 0xd
 478 004c 00       		.byte	0
 479 004d 03       		.uleb128 0x3
 480 004e 0E       		.uleb128 0xe
 481 004f 3A       		.uleb128 0x3a
 482 0050 0B       		.uleb128 0xb
 483 0051 3B       		.uleb128 0x3b
 484 0052 0B       		.uleb128 0xb
 485 0053 49       		.uleb128 0x49
 486 0054 13       		.uleb128 0x13
 487 0055 38       		.uleb128 0x38
 488 0056 0B       		.uleb128 0xb
 489 0057 00       		.byte	0
 490 0058 00       		.byte	0
 491 0059 08       		.uleb128 0x8
 492 005a 16       		.uleb128 0x16
 493 005b 00       		.byte	0
 494 005c 03       		.uleb128 0x3
ARM GAS  C:\Users\Muneeb\AppData\Local\Temp\cceorGjV.s 			page 13


 495 005d 0E       		.uleb128 0xe
 496 005e 3A       		.uleb128 0x3a
 497 005f 0B       		.uleb128 0xb
 498 0060 3B       		.uleb128 0x3b
 499 0061 0B       		.uleb128 0xb
 500 0062 49       		.uleb128 0x49
 501 0063 13       		.uleb128 0x13
 502 0064 00       		.byte	0
 503 0065 00       		.byte	0
 504 0066 09       		.uleb128 0x9
 505 0067 2E       		.uleb128 0x2e
 506 0068 00       		.byte	0
 507 0069 3F       		.uleb128 0x3f
 508 006a 19       		.uleb128 0x19
 509 006b 03       		.uleb128 0x3
 510 006c 0E       		.uleb128 0xe
 511 006d 3A       		.uleb128 0x3a
 512 006e 0B       		.uleb128 0xb
 513 006f 3B       		.uleb128 0x3b
 514 0070 0B       		.uleb128 0xb
 515 0071 27       		.uleb128 0x27
 516 0072 19       		.uleb128 0x19
 517 0073 11       		.uleb128 0x11
 518 0074 01       		.uleb128 0x1
 519 0075 12       		.uleb128 0x12
 520 0076 06       		.uleb128 0x6
 521 0077 40       		.uleb128 0x40
 522 0078 18       		.uleb128 0x18
 523 0079 9642     		.uleb128 0x2116
 524 007b 19       		.uleb128 0x19
 525 007c 00       		.byte	0
 526 007d 00       		.byte	0
 527 007e 0A       		.uleb128 0xa
 528 007f 34       		.uleb128 0x34
 529 0080 00       		.byte	0
 530 0081 03       		.uleb128 0x3
 531 0082 0E       		.uleb128 0xe
 532 0083 3A       		.uleb128 0x3a
 533 0084 0B       		.uleb128 0xb
 534 0085 3B       		.uleb128 0x3b
 535 0086 0B       		.uleb128 0xb
 536 0087 49       		.uleb128 0x49
 537 0088 13       		.uleb128 0x13
 538 0089 02       		.uleb128 0x2
 539 008a 18       		.uleb128 0x18
 540 008b 00       		.byte	0
 541 008c 00       		.byte	0
 542 008d 00       		.byte	0
 543              		.section	.debug_aranges,"",%progbits
 544 0000 34000000 		.4byte	0x34
 545 0004 0200     		.2byte	0x2
 546 0006 00000000 		.4byte	.Ldebug_info0
 547 000a 04       		.byte	0x4
 548 000b 00       		.byte	0
 549 000c 0000     		.2byte	0
 550 000e 0000     		.2byte	0
 551 0010 00000000 		.4byte	.LFB2
ARM GAS  C:\Users\Muneeb\AppData\Local\Temp\cceorGjV.s 			page 14


 552 0014 40000000 		.4byte	.LFE2-.LFB2
 553 0018 00000000 		.4byte	.LFB3
 554 001c 38000000 		.4byte	.LFE3-.LFB3
 555 0020 00000000 		.4byte	.LFB4
 556 0024 34000000 		.4byte	.LFE4-.LFB4
 557 0028 00000000 		.4byte	.LFB5
 558 002c 20000000 		.4byte	.LFE5-.LFB5
 559 0030 00000000 		.4byte	0
 560 0034 00000000 		.4byte	0
 561              		.section	.debug_ranges,"",%progbits
 562              	.Ldebug_ranges0:
 563 0000 00000000 		.4byte	.LFB2
 564 0004 40000000 		.4byte	.LFE2
 565 0008 00000000 		.4byte	.LFB3
 566 000c 38000000 		.4byte	.LFE3
 567 0010 00000000 		.4byte	.LFB4
 568 0014 34000000 		.4byte	.LFE4
 569 0018 00000000 		.4byte	.LFB5
 570 001c 20000000 		.4byte	.LFE5
 571 0020 00000000 		.4byte	0
 572 0024 00000000 		.4byte	0
 573              		.section	.debug_line,"",%progbits
 574              	.Ldebug_line0:
 575 0000 B5000000 		.section	.debug_str,"MS",%progbits,1
 575      02005800 
 575      00000201 
 575      FB0E0D00 
 575      01010101 
 576              	.LASF18:
 577 0000 50574D55 		.ascii	"PWMUdb\000"
 577      646200
 578              	.LASF28:
 579 0007 47656E65 		.ascii	"Generated_Source\\PSoC4\\ledDimmer_PM.c\000"
 579      72617465 
 579      645F536F 
 579      75726365 
 579      5C50536F 
 580              	.LASF19:
 581 002d 50574D50 		.ascii	"PWMPeriod\000"
 581      6572696F 
 581      6400
 582              	.LASF23:
 583 0037 6C656444 		.ascii	"ledDimmer_SaveConfig\000"
 583      696D6D65 
 583      725F5361 
 583      7665436F 
 583      6E666967 
 584              	.LASF29:
 585 004c 433A5C63 		.ascii	"C:\\cypressWorkspace\\CY8C_149KIT\\BLEModule.cydsn\000"
 585      79707265 
 585      7373576F 
 585      726B7370 
 585      6163655C 
 586              	.LASF25:
 587 007c 6C656444 		.ascii	"ledDimmer_Sleep\000"
 587      696D6D65 
 587      725F536C 
ARM GAS  C:\Users\Muneeb\AppData\Local\Temp\cceorGjV.s 			page 15


 587      65657000 
 588              	.LASF3:
 589 008c 73686F72 		.ascii	"short unsigned int\000"
 589      7420756E 
 589      7369676E 
 589      65642069 
 589      6E7400
 590              	.LASF11:
 591 009f 666C6F61 		.ascii	"float\000"
 591      7400
 592              	.LASF1:
 593 00a5 756E7369 		.ascii	"unsigned char\000"
 593      676E6564 
 593      20636861 
 593      7200
 594              	.LASF17:
 595 00b3 50574D45 		.ascii	"PWMEnableState\000"
 595      6E61626C 
 595      65537461 
 595      746500
 596              	.LASF5:
 597 00c2 6C6F6E67 		.ascii	"long unsigned int\000"
 597      20756E73 
 597      69676E65 
 597      6420696E 
 597      7400
 598              	.LASF9:
 599 00d4 75696E74 		.ascii	"uint8\000"
 599      3800
 600              	.LASF27:
 601 00da 474E5520 		.ascii	"GNU C11 5.4.1 20160609 (release) [ARM/embedded-5-br"
 601      43313120 
 601      352E342E 
 601      31203230 
 601      31363036 
 602 010d 616E6368 		.ascii	"anch revision 237715] -mcpu=cortex-m0 -mthumb -g -O"
 602      20726576 
 602      6973696F 
 602      6E203233 
 602      37373135 
 603 0140 30202D66 		.ascii	"0 -ffunction-sections -ffat-lto-objects\000"
 603      66756E63 
 603      74696F6E 
 603      2D736563 
 603      74696F6E 
 604              	.LASF21:
 605 0168 50574D43 		.ascii	"PWMControlRegister\000"
 605      6F6E7472 
 605      6F6C5265 
 605      67697374 
 605      657200
 606              	.LASF12:
 607 017b 646F7562 		.ascii	"double\000"
 607      6C6500
 608              	.LASF10:
 609 0182 75696E74 		.ascii	"uint16\000"
 609      313600
ARM GAS  C:\Users\Muneeb\AppData\Local\Temp\cceorGjV.s 			page 16


 610              	.LASF30:
 611 0189 6C656444 		.ascii	"ledDimmer_backup\000"
 611      696D6D65 
 611      725F6261 
 611      636B7570 
 611      00
 612              	.LASF8:
 613 019a 756E7369 		.ascii	"unsigned int\000"
 613      676E6564 
 613      20696E74 
 613      00
 614              	.LASF7:
 615 01a7 6C6F6E67 		.ascii	"long long unsigned int\000"
 615      206C6F6E 
 615      6720756E 
 615      7369676E 
 615      65642069 
 616              	.LASF14:
 617 01be 72656738 		.ascii	"reg8\000"
 617      00
 618              	.LASF16:
 619 01c3 73697A65 		.ascii	"sizetype\000"
 619      74797065 
 619      00
 620              	.LASF22:
 621 01cc 6C656444 		.ascii	"ledDimmer_backupStruct\000"
 621      696D6D65 
 621      725F6261 
 621      636B7570 
 621      53747275 
 622              	.LASF6:
 623 01e3 6C6F6E67 		.ascii	"long long int\000"
 623      206C6F6E 
 623      6720696E 
 623      7400
 624              	.LASF13:
 625 01f1 63686172 		.ascii	"char\000"
 625      00
 626              	.LASF24:
 627 01f6 6C656444 		.ascii	"ledDimmer_RestoreConfig\000"
 627      696D6D65 
 627      725F5265 
 627      73746F72 
 627      65436F6E 
 628              	.LASF26:
 629 020e 6C656444 		.ascii	"ledDimmer_Wakeup\000"
 629      696D6D65 
 629      725F5761 
 629      6B657570 
 629      00
 630              	.LASF2:
 631 021f 73686F72 		.ascii	"short int\000"
 631      7420696E 
 631      7400
 632              	.LASF4:
 633 0229 6C6F6E67 		.ascii	"long int\000"
 633      20696E74 
ARM GAS  C:\Users\Muneeb\AppData\Local\Temp\cceorGjV.s 			page 17


 633      00
 634              	.LASF15:
 635 0232 6C6F6E67 		.ascii	"long double\000"
 635      20646F75 
 635      626C6500 
 636              	.LASF0:
 637 023e 7369676E 		.ascii	"signed char\000"
 637      65642063 
 637      68617200 
 638              	.LASF20:
 639 024a 496E7465 		.ascii	"InterruptMaskValue\000"
 639      72727570 
 639      744D6173 
 639      6B56616C 
 639      756500
 640              		.ident	"GCC: (GNU Tools for ARM Embedded Processors) 5.4.1 20160609 (release) [ARM/embedded-5-bran
