ARM GAS  C:\Users\munee\AppData\Local\Temp\ccxYelPU.s 			page 1


   1              		.syntax unified
   2              		.cpu cortex-m0
   3              		.fpu softvfp
   4              		.eabi_attribute 20, 1
   5              		.eabi_attribute 21, 1
   6              		.eabi_attribute 23, 3
   7              		.eabi_attribute 24, 1
   8              		.eabi_attribute 25, 1
   9              		.eabi_attribute 26, 1
  10              		.eabi_attribute 30, 6
  11              		.eabi_attribute 34, 0
  12              		.eabi_attribute 18, 4
  13              		.thumb
  14              		.syntax unified
  15              		.file	"main.c"
  16              		.text
  17              	.Ltext0:
  18              		.cfi_sections	.debug_frame
  19              		.comm	connectionHandle,2,4
  20              		.global	isConnected
  21              		.bss
  22              		.type	isConnected, %object
  23              		.size	isConnected, 1
  24              	isConnected:
  25 0000 00       		.space	1
  26              		.global	notificationsEnabled
  27              		.type	notificationsEnabled, %object
  28              		.size	notificationsEnabled, 1
  29              	notificationsEnabled:
  30 0001 00       		.space	1
  31              		.global	compareValue
  32              		.type	compareValue, %object
  33              		.size	compareValue, 1
  34              	compareValue:
  35 0002 00       		.space	1
  36              		.global	isButtonPressed
  37              		.type	isButtonPressed, %object
  38              		.size	isButtonPressed, 1
  39              	isButtonPressed:
  40 0003 00       		.space	1
  41              		.global	delayValue
  42              		.data
  43              		.align	1
  44              		.type	delayValue, %object
  45              		.size	delayValue, 2
  46              	delayValue:
  47 0000 C800     		.short	200
  48              		.section	.rodata
  49              		.align	2
  50              	.LC0:
  51 0000 42757474 		.ascii	"Button pressed\000"
  51      6F6E2070 
  51      72657373 
  51      656400
  52 000f 00       		.align	2
  53              	.LC3:
  54 0010 42757474 		.ascii	"Button released\000"
ARM GAS  C:\Users\munee\AppData\Local\Temp\ccxYelPU.s 			page 2


  54      6F6E2072 
  54      656C6561 
  54      73656400 
  55              		.section	.text.switch_interrupt_handler,"ax",%progbits
  56              		.align	2
  57              		.global	switch_interrupt_handler
  58              		.code	16
  59              		.thumb_func
  60              		.type	switch_interrupt_handler, %function
  61              	switch_interrupt_handler:
  62              	.LFB35:
  63              		.file 1 "main.c"
   1:main.c        **** /* ========================================
   2:main.c        ****  *
   3:main.c        ****  * Copyright YOUR COMPANY, THE YEAR
   4:main.c        ****  * All Rights Reserved
   5:main.c        ****  * UNPUBLISHED, LICENSED SOFTWARE.
   6:main.c        ****  *
   7:main.c        ****  * CONFIDENTIAL AND PROPRIETARY INFORMATION
   8:main.c        ****  * WHICH IS THE PROPERTY OF your company.
   9:main.c        ****  *
  10:main.c        ****  * ========================================
  11:main.c        **** */
  12:main.c        **** #include <project.h>
  13:main.c        **** #include "tiny_printf.h"
  14:main.c        **** 
  15:main.c        **** CYBLE_CONN_HANDLE_T connectionHandle;
  16:main.c        **** uint8_t isConnected = 0;
  17:main.c        **** uint8_t notificationsEnabled = 0;
  18:main.c        **** uint8_t compareValue=0;
  19:main.c        **** uint8_t isButtonPressed=0;
  20:main.c        **** uint16_t delayValue=200;
  21:main.c        **** 
  22:main.c        **** CY_ISR(switch_interrupt_handler)
  23:main.c        **** {
  64              		.loc 1 23 0
  65              		.cfi_startproc
  66              		@ args = 0, pretend = 0, frame = 0
  67              		@ frame_needed = 1, uses_anonymous_args = 0
  68 0000 80B5     		push	{r7, lr}
  69              		.cfi_def_cfa_offset 8
  70              		.cfi_offset 7, -8
  71              		.cfi_offset 14, -4
  72 0002 00AF     		add	r7, sp, #0
  73              		.cfi_def_cfa_register 7
  24:main.c        ****     tiny_printf("Button pressed");
  74              		.loc 1 24 0
  75 0004 0D4B     		ldr	r3, .L4
  76 0006 1800     		movs	r0, r3
  77 0008 FFF7FEFF 		bl	tiny_printf
  25:main.c        ****     if (!isButtonPressed)
  78              		.loc 1 25 0
  79 000c 0C4B     		ldr	r3, .L4+4
  80 000e 1B78     		ldrb	r3, [r3]
  81 0010 002B     		cmp	r3, #0
  82 0012 07D1     		bne	.L2
  26:main.c        ****     {
ARM GAS  C:\Users\munee\AppData\Local\Temp\ccxYelPU.s 			page 3


  27:main.c        ****         //DebounceTimer_TriggerCommand(DebounceTimer_MASK, DebounceTimer_CMD_START);
  28:main.c        ****         isButtonPressed=1;
  83              		.loc 1 28 0
  84 0014 0A4B     		ldr	r3, .L4+4
  85 0016 0122     		movs	r2, #1
  86 0018 1A70     		strb	r2, [r3]
  29:main.c        ****         tiny_printf("Button pressed");
  87              		.loc 1 29 0
  88 001a 084B     		ldr	r3, .L4
  89 001c 1800     		movs	r0, r3
  90 001e FFF7FEFF 		bl	tiny_printf
  91 0022 06E0     		b	.L3
  92              	.L2:
  30:main.c        ****     }
  31:main.c        ****     else
  32:main.c        ****     {
  33:main.c        ****         //DebounceTimer_TriggerCommand(DebounceTimer_MASK, DebounceTimer_CMD_STOP);
  34:main.c        ****         //tiny_printf("Capture Value %d\n", DebounceTimer_ReadCapture());
  35:main.c        ****         //DebounceTimer_TriggerCommand(DebounceTimer_MASK, DebounceTimer_CMD_RELOAD);
  36:main.c        ****         isButtonPressed=0;
  93              		.loc 1 36 0
  94 0024 064B     		ldr	r3, .L4+4
  95 0026 0022     		movs	r2, #0
  96 0028 1A70     		strb	r2, [r3]
  37:main.c        ****         tiny_printf("Button released");
  97              		.loc 1 37 0
  98 002a 064B     		ldr	r3, .L4+8
  99 002c 1800     		movs	r0, r3
 100 002e FFF7FEFF 		bl	tiny_printf
 101              	.L3:
  38:main.c        ****     }
  39:main.c        **** //    uint8_t toggledVal = LED_Read();
  40:main.c        **** //    LED_Write(!toggledVal);
  41:main.c        **** //    tiny_printf("Button Pressed %d\n", compareValue++);
  42:main.c        **** //    CyDelay(200);
  43:main.c        ****     /*
  44:main.c        ****     if (isConnected == 0x01 && notificationsEnabled == 0x01)
  45:main.c        ****     {
  46:main.c        ****         CYBLE_GATTS_HANDLE_VALUE_NTF_T ledHandle;
  47:main.c        ****         ledHandle.attrHandle = CYBLE_HOMEAUTOMATION_LED_CHAR_HANDLE;
  48:main.c        ****         ledHandle.value.val = &toggledVal;
  49:main.c        ****         ledHandle.value.len = 1;
  50:main.c        ****         CyBle_GattsWriteAttributeValue(&ledHandle, 0, &connectionHandle, 0);
  51:main.c        ****         CyBle_GattsNotification(connectionHandle, &ledHandle);
  52:main.c        ****     }*/
  53:main.c        ****     input_sw_ClearInterrupt();
 102              		.loc 1 53 0
 103 0032 FFF7FEFF 		bl	input_sw_ClearInterrupt
  54:main.c        **** }
 104              		.loc 1 54 0
 105 0036 C046     		nop
 106 0038 BD46     		mov	sp, r7
 107              		@ sp needed
 108 003a 80BD     		pop	{r7, pc}
 109              	.L5:
 110              		.align	2
 111              	.L4:
ARM GAS  C:\Users\munee\AppData\Local\Temp\ccxYelPU.s 			page 4


 112 003c 00000000 		.word	.LC0
 113 0040 00000000 		.word	isButtonPressed
 114 0044 10000000 		.word	.LC3
 115              		.cfi_endproc
 116              	.LFE35:
 117              		.size	switch_interrupt_handler, .-switch_interrupt_handler
 118              		.section	.rodata
 119              		.align	2
 120              	.LC5:
 121 0020 496E7465 		.ascii	"Interrupt reached\000"
 121      72727570 
 121      74207265 
 121      61636865 
 121      6400
 122              		.section	.text.debounceTimerInterruptHandler,"ax",%progbits
 123              		.align	2
 124              		.global	debounceTimerInterruptHandler
 125              		.code	16
 126              		.thumb_func
 127              		.type	debounceTimerInterruptHandler, %function
 128              	debounceTimerInterruptHandler:
 129              	.LFB36:
  55:main.c        **** 
  56:main.c        **** CY_ISR(debounceTimerInterruptHandler)
  57:main.c        **** {
 130              		.loc 1 57 0
 131              		.cfi_startproc
 132              		@ args = 0, pretend = 0, frame = 0
 133              		@ frame_needed = 1, uses_anonymous_args = 0
 134 0000 80B5     		push	{r7, lr}
 135              		.cfi_def_cfa_offset 8
 136              		.cfi_offset 7, -8
 137              		.cfi_offset 14, -4
 138 0002 00AF     		add	r7, sp, #0
 139              		.cfi_def_cfa_register 7
  58:main.c        ****     tiny_printf("Interrupt reached");
 140              		.loc 1 58 0
 141 0004 034B     		ldr	r3, .L7
 142 0006 1800     		movs	r0, r3
 143 0008 FFF7FEFF 		bl	tiny_printf
  59:main.c        **** }
 144              		.loc 1 59 0
 145 000c C046     		nop
 146 000e BD46     		mov	sp, r7
 147              		@ sp needed
 148 0010 80BD     		pop	{r7, pc}
 149              	.L8:
 150 0012 C046     		.align	2
 151              	.L7:
 152 0014 20000000 		.word	.LC5
 153              		.cfi_endproc
 154              	.LFE36:
 155              		.size	debounceTimerInterruptHandler, .-debounceTimerInterruptHandler
 156              		.section	.rodata
 157 0032 0000     		.align	2
 158              	.LC9:
 159 0034 44697363 		.ascii	"Disconnected\012\000"
ARM GAS  C:\Users\munee\AppData\Local\Temp\ccxYelPU.s 			page 5


 159      6F6E6E65 
 159      63746564 
 159      0A00
 160 0042 0000     		.align	2
 161              	.LC12:
 162 0044 44657669 		.ascii	"Device Connected\012\000"
 162      63652043 
 162      6F6E6E65 
 162      63746564 
 162      0A00
 163              		.global	__aeabi_ui2f
 164              		.global	__aeabi_fdiv
 165              		.global	__aeabi_fmul
 166              		.global	__aeabi_f2uiz
 167 0056 0000     		.align	2
 168              	.LC14:
 169 0058 4C454420 		.ascii	"LED OFF\012\000"
 169      4F46460A 
 169      00
 170 0061 000000   		.align	2
 171              	.LC16:
 172 0064 4C454420 		.ascii	"LED ON\012\000"
 172      4F4E0A00 
 173              		.align	2
 174              	.LC18:
 175 006c 4E204F4E 		.ascii	"N ON\012\000"
 175      0A00
 176 0072 0000     		.align	2
 177              	.LC20:
 178 0074 4E204F46 		.ascii	"N OFF\012\000"
 178      460A00
 179              		.section	.text.Stack_Handler,"ax",%progbits
 180              		.align	2
 181              		.global	Stack_Handler
 182              		.code	16
 183              		.thumb_func
 184              		.type	Stack_Handler, %function
 185              	Stack_Handler:
 186              	.LFB37:
  60:main.c        **** 
  61:main.c        **** 
  62:main.c        **** void Stack_Handler(uint32 eventCode, void *eventParam)
  63:main.c        **** {
 187              		.loc 1 63 0
 188              		.cfi_startproc
 189              		@ args = 0, pretend = 0, frame = 16
 190              		@ frame_needed = 1, uses_anonymous_args = 0
 191 0000 90B5     		push	{r4, r7, lr}
 192              		.cfi_def_cfa_offset 12
 193              		.cfi_offset 4, -12
 194              		.cfi_offset 7, -8
 195              		.cfi_offset 14, -4
 196 0002 85B0     		sub	sp, sp, #20
 197              		.cfi_def_cfa_offset 32
 198 0004 00AF     		add	r7, sp, #0
 199              		.cfi_def_cfa_register 7
 200 0006 7860     		str	r0, [r7, #4]
ARM GAS  C:\Users\munee\AppData\Local\Temp\ccxYelPU.s 			page 6


 201 0008 3960     		str	r1, [r7]
  64:main.c        ****     CYBLE_GATTS_WRITE_REQ_PARAM_T *wrReq;
  65:main.c        ****     
  66:main.c        ****     switch(eventCode)
 202              		.loc 1 66 0
 203 000a 7B68     		ldr	r3, [r7, #4]
 204 000c 282B     		cmp	r3, #40
 205 000e 08D0     		beq	.L11
 206 0010 02D8     		bhi	.L12
 207 0012 012B     		cmp	r3, #1
 208 0014 05D0     		beq	.L11
  67:main.c        ****     {
  68:main.c        ****         case CYBLE_EVT_STACK_ON:
  69:main.c        ****         case CYBLE_EVT_GAP_DEVICE_DISCONNECTED:
  70:main.c        ****             CyBle_GappStartAdvertisement(CYBLE_ADVERTISING_FAST);
  71:main.c        ****             isConnected = 0;
  72:main.c        ****             notificationsEnabled = 0;
  73:main.c        ****             tiny_printf("Disconnected\n");
  74:main.c        ****             break;
  75:main.c        ****         case CYBLE_EVT_GATT_CONNECT_IND:
  76:main.c        ****             connectionHandle = *(CYBLE_CONN_HANDLE_T*)eventParam;
  77:main.c        ****             tiny_printf("Device Connected\n");
  78:main.c        ****             isConnected = 1;
  79:main.c        ****             break;
  80:main.c        ****         case CYBLE_EVT_GATTS_WRITE_REQ:
  81:main.c        ****             wrReq = (CYBLE_GATTS_WRITE_REQ_PARAM_T*)eventParam;
  82:main.c        ****             if(wrReq->handleValPair.attrHandle == CYBLE_HOMEAUTOMATION_LED_CHAR_HANDLE)
  83:main.c        ****             {
  84:main.c        ****                 CyBle_GattsWriteAttributeValue(&wrReq->handleValPair, 0, &connectionHandle, CYBLE_G
  85:main.c        ****                 
  86:main.c        ****                 uint8_t receivedValue = wrReq->handleValPair.value.val[0];
  87:main.c        ****                 
  88:main.c        ****                 uint16_t compareValue = ((float)receivedValue / (float)255) * 12000;
  89:main.c        ****                 
  90:main.c        ****                 compareValue = 12000 - compareValue;
  91:main.c        ****                 
  92:main.c        ****                 
  93:main.c        ****                 //ledDimmer_WriteCompare(compareValue);
  94:main.c        ****                 tiny_printf((wrReq->handleValPair.value.val[0] == 0) ? "LED OFF\n" : "LED ON\n");
  95:main.c        ****             }
  96:main.c        ****             else if(wrReq->handleValPair.attrHandle == CYBLE_HOMEAUTOMATION_LED_CCCD_DESC_HANDLE)
  97:main.c        ****             {
  98:main.c        ****                 CyBle_GattsWriteAttributeValue(&wrReq->handleValPair, 0, &connectionHandle, CYBLE_G
  99:main.c        ****                 notificationsEnabled = wrReq->handleValPair.value.val[0];
 100:main.c        ****             
 101:main.c        ****                 tiny_printf((notificationsEnabled == 1) ? "N ON\n" : "N OFF\n");
 102:main.c        ****                 
 103:main.c        ****             }
 104:main.c        ****             CyBle_GattsWriteRsp(connectionHandle);
 105:main.c        ****             break;
 106:main.c        ****     }
 107:main.c        **** }
 209              		.loc 1 107 0
 210 0016 8AE0     		b	.L21
 211              	.L12:
  66:main.c        ****     {
 212              		.loc 1 66 0
ARM GAS  C:\Users\munee\AppData\Local\Temp\ccxYelPU.s 			page 7


 213 0018 412B     		cmp	r3, #65
 214 001a 10D0     		beq	.L13
 215 001c 4C2B     		cmp	r3, #76
 216 001e 1ED0     		beq	.L14
 217              		.loc 1 107 0
 218 0020 85E0     		b	.L21
 219              	.L11:
  70:main.c        ****             isConnected = 0;
 220              		.loc 1 70 0
 221 0022 0020     		movs	r0, #0
 222 0024 FFF7FEFF 		bl	CyBle_GappStartAdvertisement
  71:main.c        ****             notificationsEnabled = 0;
 223              		.loc 1 71 0
 224 0028 434B     		ldr	r3, .L22
 225 002a 0022     		movs	r2, #0
 226 002c 1A70     		strb	r2, [r3]
  72:main.c        ****             tiny_printf("Disconnected\n");
 227              		.loc 1 72 0
 228 002e 434B     		ldr	r3, .L22+4
 229 0030 0022     		movs	r2, #0
 230 0032 1A70     		strb	r2, [r3]
  73:main.c        ****             break;
 231              		.loc 1 73 0
 232 0034 424B     		ldr	r3, .L22+8
 233 0036 1800     		movs	r0, r3
 234 0038 FFF7FEFF 		bl	tiny_printf
  74:main.c        ****         case CYBLE_EVT_GATT_CONNECT_IND:
 235              		.loc 1 74 0
 236 003c 77E0     		b	.L10
 237              	.L13:
  76:main.c        ****             tiny_printf("Device Connected\n");
 238              		.loc 1 76 0
 239 003e 414A     		ldr	r2, .L22+12
 240 0040 3B68     		ldr	r3, [r7]
 241 0042 1000     		movs	r0, r2
 242 0044 1900     		movs	r1, r3
 243 0046 0223     		movs	r3, #2
 244 0048 1A00     		movs	r2, r3
 245 004a FFF7FEFF 		bl	memcpy
  77:main.c        ****             isConnected = 1;
 246              		.loc 1 77 0
 247 004e 3E4B     		ldr	r3, .L22+16
 248 0050 1800     		movs	r0, r3
 249 0052 FFF7FEFF 		bl	tiny_printf
  78:main.c        ****             break;
 250              		.loc 1 78 0
 251 0056 384B     		ldr	r3, .L22
 252 0058 0122     		movs	r2, #1
 253 005a 1A70     		strb	r2, [r3]
  79:main.c        ****         case CYBLE_EVT_GATTS_WRITE_REQ:
 254              		.loc 1 79 0
 255 005c 67E0     		b	.L10
 256              	.L14:
  81:main.c        ****             if(wrReq->handleValPair.attrHandle == CYBLE_HOMEAUTOMATION_LED_CHAR_HANDLE)
 257              		.loc 1 81 0
 258 005e 3B68     		ldr	r3, [r7]
 259 0060 FB60     		str	r3, [r7, #12]
ARM GAS  C:\Users\munee\AppData\Local\Temp\ccxYelPU.s 			page 8


  82:main.c        ****             {
 260              		.loc 1 82 0
 261 0062 FB68     		ldr	r3, [r7, #12]
 262 0064 9B89     		ldrh	r3, [r3, #12]
 263 0066 122B     		cmp	r3, #18
 264 0068 38D1     		bne	.L15
 265              	.LBB2:
  84:main.c        ****                 
 266              		.loc 1 84 0
 267 006a FB68     		ldr	r3, [r7, #12]
 268 006c 181D     		adds	r0, r3, #4
 269 006e 354A     		ldr	r2, .L22+12
 270 0070 0023     		movs	r3, #0
 271 0072 0021     		movs	r1, #0
 272 0074 FFF7FEFF 		bl	CyBle_GattsWriteAttributeValue
  86:main.c        ****                 
 273              		.loc 1 86 0
 274 0078 FB68     		ldr	r3, [r7, #12]
 275 007a 5A68     		ldr	r2, [r3, #4]
 276 007c 0B23     		movs	r3, #11
 277 007e FB18     		adds	r3, r7, r3
 278 0080 1278     		ldrb	r2, [r2]
 279 0082 1A70     		strb	r2, [r3]
  88:main.c        ****                 
 280              		.loc 1 88 0
 281 0084 0B23     		movs	r3, #11
 282 0086 FB18     		adds	r3, r7, r3
 283 0088 1B78     		ldrb	r3, [r3]
 284 008a 1800     		movs	r0, r3
 285 008c FFF7FEFF 		bl	__aeabi_ui2f
 286 0090 031C     		adds	r3, r0, #0
 287 0092 2E49     		ldr	r1, .L22+20
 288 0094 181C     		adds	r0, r3, #0
 289 0096 FFF7FEFF 		bl	__aeabi_fdiv
 290 009a 031C     		adds	r3, r0, #0
 291 009c 2C49     		ldr	r1, .L22+24
 292 009e 181C     		adds	r0, r3, #0
 293 00a0 FFF7FEFF 		bl	__aeabi_fmul
 294 00a4 031C     		adds	r3, r0, #0
 295 00a6 0822     		movs	r2, #8
 296 00a8 BC18     		adds	r4, r7, r2
 297 00aa 181C     		adds	r0, r3, #0
 298 00ac FFF7FEFF 		bl	__aeabi_f2uiz
 299 00b0 0300     		movs	r3, r0
 300 00b2 2380     		strh	r3, [r4]
  90:main.c        ****                 
 301              		.loc 1 90 0
 302 00b4 0823     		movs	r3, #8
 303 00b6 FB18     		adds	r3, r7, r3
 304 00b8 0822     		movs	r2, #8
 305 00ba BA18     		adds	r2, r7, r2
 306 00bc 1288     		ldrh	r2, [r2]
 307 00be 2549     		ldr	r1, .L22+28
 308 00c0 8A1A     		subs	r2, r1, r2
 309 00c2 1A80     		strh	r2, [r3]
  94:main.c        ****             }
 310              		.loc 1 94 0
ARM GAS  C:\Users\munee\AppData\Local\Temp\ccxYelPU.s 			page 9


 311 00c4 FB68     		ldr	r3, [r7, #12]
 312 00c6 5B68     		ldr	r3, [r3, #4]
 313 00c8 1B78     		ldrb	r3, [r3]
 314 00ca 002B     		cmp	r3, #0
 315 00cc 01D1     		bne	.L16
  94:main.c        ****             }
 316              		.loc 1 94 0 is_stmt 0 discriminator 1
 317 00ce 224B     		ldr	r3, .L22+32
 318 00d0 00E0     		b	.L17
 319              	.L16:
  94:main.c        ****             }
 320              		.loc 1 94 0 discriminator 2
 321 00d2 224B     		ldr	r3, .L22+36
 322              	.L17:
  94:main.c        ****             }
 323              		.loc 1 94 0 discriminator 4
 324 00d4 1800     		movs	r0, r3
 325 00d6 FFF7FEFF 		bl	tiny_printf
 326              	.LBE2:
 327 00da 19E0     		b	.L18
 328              	.L15:
  96:main.c        ****             {
 329              		.loc 1 96 0 is_stmt 1
 330 00dc FB68     		ldr	r3, [r7, #12]
 331 00de 9B89     		ldrh	r3, [r3, #12]
 332 00e0 132B     		cmp	r3, #19
 333 00e2 15D1     		bne	.L18
  98:main.c        ****                 notificationsEnabled = wrReq->handleValPair.value.val[0];
 334              		.loc 1 98 0
 335 00e4 FB68     		ldr	r3, [r7, #12]
 336 00e6 181D     		adds	r0, r3, #4
 337 00e8 164A     		ldr	r2, .L22+12
 338 00ea 0023     		movs	r3, #0
 339 00ec 0021     		movs	r1, #0
 340 00ee FFF7FEFF 		bl	CyBle_GattsWriteAttributeValue
  99:main.c        ****             
 341              		.loc 1 99 0
 342 00f2 FB68     		ldr	r3, [r7, #12]
 343 00f4 5B68     		ldr	r3, [r3, #4]
 344 00f6 1A78     		ldrb	r2, [r3]
 345 00f8 104B     		ldr	r3, .L22+4
 346 00fa 1A70     		strb	r2, [r3]
 101:main.c        ****                 
 347              		.loc 1 101 0
 348 00fc 0F4B     		ldr	r3, .L22+4
 349 00fe 1B78     		ldrb	r3, [r3]
 350 0100 012B     		cmp	r3, #1
 351 0102 01D1     		bne	.L19
 101:main.c        ****                 
 352              		.loc 1 101 0 is_stmt 0 discriminator 1
 353 0104 164B     		ldr	r3, .L22+40
 354 0106 00E0     		b	.L20
 355              	.L19:
 101:main.c        ****                 
 356              		.loc 1 101 0 discriminator 2
 357 0108 164B     		ldr	r3, .L22+44
 358              	.L20:
ARM GAS  C:\Users\munee\AppData\Local\Temp\ccxYelPU.s 			page 10


 101:main.c        ****                 
 359              		.loc 1 101 0 discriminator 4
 360 010a 1800     		movs	r0, r3
 361 010c FFF7FEFF 		bl	tiny_printf
 362              	.L18:
 104:main.c        ****             break;
 363              		.loc 1 104 0 is_stmt 1
 364 0110 0C4B     		ldr	r3, .L22+12
 365 0112 1A78     		ldrb	r2, [r3]
 366 0114 5B78     		ldrb	r3, [r3, #1]
 367 0116 1B02     		lsls	r3, r3, #8
 368 0118 1A43     		orrs	r2, r3
 369 011a 0023     		movs	r3, #0
 370 011c 1204     		lsls	r2, r2, #16
 371 011e 120C     		lsrs	r2, r2, #16
 372 0120 1B0C     		lsrs	r3, r3, #16
 373 0122 1B04     		lsls	r3, r3, #16
 374 0124 1343     		orrs	r3, r2
 375 0126 1800     		movs	r0, r3
 376 0128 FFF7FEFF 		bl	CyBle_GattsWriteRsp
 105:main.c        ****     }
 377              		.loc 1 105 0
 378 012c C046     		nop
 379              	.L10:
 380              	.L21:
 381              		.loc 1 107 0
 382 012e C046     		nop
 383 0130 BD46     		mov	sp, r7
 384 0132 05B0     		add	sp, sp, #20
 385              		@ sp needed
 386 0134 90BD     		pop	{r4, r7, pc}
 387              	.L23:
 388 0136 C046     		.align	2
 389              	.L22:
 390 0138 00000000 		.word	isConnected
 391 013c 00000000 		.word	notificationsEnabled
 392 0140 34000000 		.word	.LC9
 393 0144 00000000 		.word	connectionHandle
 394 0148 44000000 		.word	.LC12
 395 014c 00007F43 		.word	1132396544
 396 0150 00803B46 		.word	1178304512
 397 0154 E02E0000 		.word	12000
 398 0158 58000000 		.word	.LC14
 399 015c 64000000 		.word	.LC16
 400 0160 6C000000 		.word	.LC18
 401 0164 74000000 		.word	.LC20
 402              		.cfi_endproc
 403              	.LFE37:
 404              		.size	Stack_Handler, .-Stack_Handler
 405              		.section	.rodata
 406 007b 00       		.align	2
 407              	.LC22:
 408 007c 48656C6C 		.ascii	"Hello world\000"
 408      6F20776F 
 408      726C6400 
 409              		.section	.text.main,"ax",%progbits
 410              		.align	2
ARM GAS  C:\Users\munee\AppData\Local\Temp\ccxYelPU.s 			page 11


 411              		.global	main
 412              		.code	16
 413              		.thumb_func
 414              		.type	main, %function
 415              	main:
 416              	.LFB38:
 108:main.c        **** 
 109:main.c        **** 
 110:main.c        **** int main()
 111:main.c        **** {
 417              		.loc 1 111 0
 418              		.cfi_startproc
 419              		@ args = 0, pretend = 0, frame = 16
 420              		@ frame_needed = 1, uses_anonymous_args = 0
 421 0000 80B5     		push	{r7, lr}
 422              		.cfi_def_cfa_offset 8
 423              		.cfi_offset 7, -8
 424              		.cfi_offset 14, -4
 425 0002 84B0     		sub	sp, sp, #16
 426              		.cfi_def_cfa_offset 24
 427 0004 00AF     		add	r7, sp, #0
 428              		.cfi_def_cfa_register 7
 112:main.c        ****     /* Place your initialization/startup code here (e.g. MyInst_Start()) */
 113:main.c        ****     CyGlobalIntEnable;
 429              		.loc 1 113 0
 430              		.syntax divided
 431              	@ 113 "main.c" 1
 432 0006 62B6     		CPSIE   i
 433              	@ 0 "" 2
 114:main.c        ****     //ledDimmer_Start();
 115:main.c        ****     //sw_interrupt_StartEx(switch_interrupt_handler);
 116:main.c        ****     //DebounceTimer_Init();
 117:main.c        ****     //DebounceTimer_SetMode(DebounceTimer_MODE_TIMER_CAPTURE);
 118:main.c        ****     //DebounceTimer_SetPrescaler(DebounceTimer_PRESCALE_DIVBY1);
 119:main.c        ****     //DebounceTimer_SetInterrupt(DebounceTimer_INTR_MASK_CC_MATCH);
 120:main.c        ****     //DebounceTimer_SetOneShot(0);
 121:main.c        ****     //debounceTimerIntr_StartEx(debounceTimerInterruptHandler);
 122:main.c        ****     //DebounceTimer_Enable();
 123:main.c        ****     //button_interrupt_StartEx(button_interrupt);
 124:main.c        ****     
 125:main.c        ****     console_Start();
 434              		.loc 1 125 0
 435              		.thumb
 436              		.syntax unified
 437 0008 FFF7FEFF 		bl	console_Start
 126:main.c        ****     uint8_t introMessage[13] = {'H', 'E', '\r', '\n'};
 438              		.loc 1 126 0
 439 000c 3B00     		movs	r3, r7
 440 000e 1800     		movs	r0, r3
 441 0010 0D23     		movs	r3, #13
 442 0012 1A00     		movs	r2, r3
 443 0014 0021     		movs	r1, #0
 444 0016 FFF7FEFF 		bl	memset
 445 001a 3B00     		movs	r3, r7
 446 001c 4822     		movs	r2, #72
 447 001e 1A70     		strb	r2, [r3]
 448 0020 3B00     		movs	r3, r7
ARM GAS  C:\Users\munee\AppData\Local\Temp\ccxYelPU.s 			page 12


 449 0022 4522     		movs	r2, #69
 450 0024 5A70     		strb	r2, [r3, #1]
 451 0026 3B00     		movs	r3, r7
 452 0028 0D22     		movs	r2, #13
 453 002a 9A70     		strb	r2, [r3, #2]
 454 002c 3B00     		movs	r3, r7
 455 002e 0A22     		movs	r2, #10
 456 0030 DA70     		strb	r2, [r3, #3]
 457              	.L25:
 127:main.c        ****     //CYBLE_API_RESULT_T result = CyBle_Start(Stack_Handler);
 128:main.c        ****     for(;;)
 129:main.c        ****     {
 130:main.c        ****         LED_Write(!LED_Read());
 458              		.loc 1 130 0 discriminator 1
 459 0032 FFF7FEFF 		bl	LED_Read
 460 0036 0300     		movs	r3, r0
 461 0038 5A42     		rsbs	r2, r3, #0
 462 003a 5341     		adcs	r3, r3, r2
 463 003c DBB2     		uxtb	r3, r3
 464 003e 1800     		movs	r0, r3
 465 0040 FFF7FEFF 		bl	LED_Write
 131:main.c        ****         console_SpiUartPutArray(introMessage, 4);
 466              		.loc 1 131 0 discriminator 1
 467 0044 3B00     		movs	r3, r7
 468 0046 0421     		movs	r1, #4
 469 0048 1800     		movs	r0, r3
 470 004a FFF7FEFF 		bl	console_SpiUartPutArray
 132:main.c        ****         tiny_printf("Hello world");
 471              		.loc 1 132 0 discriminator 1
 472 004e 054B     		ldr	r3, .L26
 473 0050 1800     		movs	r0, r3
 474 0052 FFF7FEFF 		bl	tiny_printf
 133:main.c        ****         CyDelay(500);
 475              		.loc 1 133 0 discriminator 1
 476 0056 FA23     		movs	r3, #250
 477 0058 5B00     		lsls	r3, r3, #1
 478 005a 1800     		movs	r0, r3
 479 005c FFF7FEFF 		bl	CyDelay
 134:main.c        ****         //CyBle_ProcessEvents();
 135:main.c        ****     }
 480              		.loc 1 135 0 discriminator 1
 481 0060 E7E7     		b	.L25
 482              	.L27:
 483 0062 C046     		.align	2
 484              	.L26:
 485 0064 7C000000 		.word	.LC22
 486              		.cfi_endproc
 487              	.LFE38:
 488              		.size	main, .-main
 489              		.text
 490              	.Letext0:
 491              		.file 2 "c:\\program files (x86)\\cypress\\psoc creator\\4.2\\psoc creator\\import\\gnu\\arm\\5.4.
 492              		.file 3 "c:\\program files (x86)\\cypress\\psoc creator\\4.2\\psoc creator\\import\\gnu\\arm\\5.4.
 493              		.file 4 "Generated_Source\\PSoC4/cytypes.h"
 494              		.file 5 "Generated_Source\\PSoC4/BLE_1_StackGatt.h"
 495              		.file 6 "Generated_Source\\PSoC4/BLE_1_StackGattServer.h"
 496              		.file 7 "Generated_Source\\PSoC4/BLE_1_Stack.h"
ARM GAS  C:\Users\munee\AppData\Local\Temp\ccxYelPU.s 			page 13


 497              		.section	.debug_info,"",%progbits
 498              	.Ldebug_info0:
 499 0000 A2040000 		.4byte	0x4a2
 500 0004 0400     		.2byte	0x4
 501 0006 00000000 		.4byte	.Ldebug_abbrev0
 502 000a 04       		.byte	0x4
 503 000b 01       		.uleb128 0x1
 504 000c A6050000 		.4byte	.LASF120
 505 0010 0C       		.byte	0xc
 506 0011 7E050000 		.4byte	.LASF121
 507 0015 D30A0000 		.4byte	.LASF122
 508 0019 00000000 		.4byte	.Ldebug_ranges0+0
 509 001d 00000000 		.4byte	0
 510 0021 00000000 		.4byte	.Ldebug_line0
 511 0025 02       		.uleb128 0x2
 512 0026 01       		.byte	0x1
 513 0027 06       		.byte	0x6
 514 0028 2D020000 		.4byte	.LASF0
 515 002c 03       		.uleb128 0x3
 516 002d 27010000 		.4byte	.LASF3
 517 0031 02       		.byte	0x2
 518 0032 1D       		.byte	0x1d
 519 0033 37000000 		.4byte	0x37
 520 0037 02       		.uleb128 0x2
 521 0038 01       		.byte	0x1
 522 0039 08       		.byte	0x8
 523 003a 99080000 		.4byte	.LASF1
 524 003e 02       		.uleb128 0x2
 525 003f 02       		.byte	0x2
 526 0040 05       		.byte	0x5
 527 0041 CB080000 		.4byte	.LASF2
 528 0045 03       		.uleb128 0x3
 529 0046 F6090000 		.4byte	.LASF4
 530 004a 02       		.byte	0x2
 531 004b 2B       		.byte	0x2b
 532 004c 50000000 		.4byte	0x50
 533 0050 02       		.uleb128 0x2
 534 0051 02       		.byte	0x2
 535 0052 07       		.byte	0x7
 536 0053 BB040000 		.4byte	.LASF5
 537 0057 02       		.uleb128 0x2
 538 0058 04       		.byte	0x4
 539 0059 05       		.byte	0x5
 540 005a 43010000 		.4byte	.LASF6
 541 005e 02       		.uleb128 0x2
 542 005f 04       		.byte	0x4
 543 0060 07       		.byte	0x7
 544 0061 12040000 		.4byte	.LASF7
 545 0065 02       		.uleb128 0x2
 546 0066 08       		.byte	0x8
 547 0067 05       		.byte	0x5
 548 0068 1F020000 		.4byte	.LASF8
 549 006c 02       		.uleb128 0x2
 550 006d 08       		.byte	0x8
 551 006e 07       		.byte	0x7
 552 006f 4C010000 		.4byte	.LASF9
 553 0073 04       		.uleb128 0x4
ARM GAS  C:\Users\munee\AppData\Local\Temp\ccxYelPU.s 			page 14


 554 0074 04       		.byte	0x4
 555 0075 05       		.byte	0x5
 556 0076 696E7400 		.ascii	"int\000"
 557 007a 02       		.uleb128 0x2
 558 007b 04       		.byte	0x4
 559 007c 07       		.byte	0x7
 560 007d DD030000 		.4byte	.LASF10
 561 0081 03       		.uleb128 0x3
 562 0082 190B0000 		.4byte	.LASF11
 563 0086 03       		.byte	0x3
 564 0087 18       		.byte	0x18
 565 0088 2C000000 		.4byte	0x2c
 566 008c 03       		.uleb128 0x3
 567 008d 09040000 		.4byte	.LASF12
 568 0091 03       		.byte	0x3
 569 0092 24       		.byte	0x24
 570 0093 45000000 		.4byte	0x45
 571 0097 05       		.uleb128 0x5
 572 0098 EB020000 		.4byte	.LASF13
 573 009c 04       		.byte	0x4
 574 009d D201     		.2byte	0x1d2
 575 009f 37000000 		.4byte	0x37
 576 00a3 05       		.uleb128 0x5
 577 00a4 3F000000 		.4byte	.LASF14
 578 00a8 04       		.byte	0x4
 579 00a9 D301     		.2byte	0x1d3
 580 00ab 50000000 		.4byte	0x50
 581 00af 05       		.uleb128 0x5
 582 00b0 46030000 		.4byte	.LASF15
 583 00b4 04       		.byte	0x4
 584 00b5 D401     		.2byte	0x1d4
 585 00b7 5E000000 		.4byte	0x5e
 586 00bb 02       		.uleb128 0x2
 587 00bc 04       		.byte	0x4
 588 00bd 04       		.byte	0x4
 589 00be 7E080000 		.4byte	.LASF16
 590 00c2 02       		.uleb128 0x2
 591 00c3 08       		.byte	0x8
 592 00c4 04       		.byte	0x4
 593 00c5 10030000 		.4byte	.LASF17
 594 00c9 02       		.uleb128 0x2
 595 00ca 01       		.byte	0x1
 596 00cb 08       		.byte	0x8
 597 00cc CF090000 		.4byte	.LASF18
 598 00d0 02       		.uleb128 0x2
 599 00d1 08       		.byte	0x8
 600 00d2 04       		.byte	0x4
 601 00d3 B5090000 		.4byte	.LASF19
 602 00d7 02       		.uleb128 0x2
 603 00d8 04       		.byte	0x4
 604 00d9 07       		.byte	0x7
 605 00da 17070000 		.4byte	.LASF20
 606 00de 06       		.uleb128 0x6
 607 00df 04       		.byte	0x4
 608 00e0 07       		.uleb128 0x7
 609 00e1 04       		.byte	0x4
 610 00e2 97000000 		.4byte	0x97
ARM GAS  C:\Users\munee\AppData\Local\Temp\ccxYelPU.s 			page 15


 611 00e6 08       		.uleb128 0x8
 612 00e7 01       		.byte	0x1
 613 00e8 37000000 		.4byte	0x37
 614 00ec 07       		.byte	0x7
 615 00ed 3501     		.2byte	0x135
 616 00ef A4020000 		.4byte	0x2a4
 617 00f3 09       		.uleb128 0x9
 618 00f4 CE040000 		.4byte	.LASF21
 619 00f8 00       		.byte	0
 620 00f9 09       		.uleb128 0x9
 621 00fa 39020000 		.4byte	.LASF22
 622 00fe 01       		.byte	0x1
 623 00ff 09       		.uleb128 0x9
 624 0100 31010000 		.4byte	.LASF23
 625 0104 02       		.byte	0x2
 626 0105 09       		.uleb128 0x9
 627 0106 910A0000 		.4byte	.LASF24
 628 010a 03       		.byte	0x3
 629 010b 09       		.uleb128 0x9
 630 010c 76010000 		.4byte	.LASF25
 631 0110 04       		.byte	0x4
 632 0111 09       		.uleb128 0x9
 633 0112 23000000 		.4byte	.LASF26
 634 0116 05       		.byte	0x5
 635 0117 09       		.uleb128 0x9
 636 0118 03050000 		.4byte	.LASF27
 637 011c 06       		.byte	0x6
 638 011d 09       		.uleb128 0x9
 639 011e 71060000 		.4byte	.LASF28
 640 0122 20       		.byte	0x20
 641 0123 09       		.uleb128 0x9
 642 0124 75020000 		.4byte	.LASF29
 643 0128 21       		.byte	0x21
 644 0129 09       		.uleb128 0x9
 645 012a 3B050000 		.4byte	.LASF30
 646 012e 22       		.byte	0x22
 647 012f 09       		.uleb128 0x9
 648 0130 6B0A0000 		.4byte	.LASF31
 649 0134 23       		.byte	0x23
 650 0135 09       		.uleb128 0x9
 651 0136 D1070000 		.4byte	.LASF32
 652 013a 24       		.byte	0x24
 653 013b 09       		.uleb128 0x9
 654 013c 3E070000 		.4byte	.LASF33
 655 0140 25       		.byte	0x25
 656 0141 09       		.uleb128 0x9
 657 0142 C3020000 		.4byte	.LASF34
 658 0146 26       		.byte	0x26
 659 0147 09       		.uleb128 0x9
 660 0148 5F050000 		.4byte	.LASF35
 661 014c 27       		.byte	0x27
 662 014d 09       		.uleb128 0x9
 663 014e D4090000 		.4byte	.LASF36
 664 0152 28       		.byte	0x28
 665 0153 09       		.uleb128 0x9
 666 0154 D9010000 		.4byte	.LASF37
 667 0158 29       		.byte	0x29
ARM GAS  C:\Users\munee\AppData\Local\Temp\ccxYelPU.s 			page 16


 668 0159 09       		.uleb128 0x9
 669 015a 95000000 		.4byte	.LASF38
 670 015e 2A       		.byte	0x2a
 671 015f 09       		.uleb128 0x9
 672 0160 4C020000 		.4byte	.LASF39
 673 0164 2B       		.byte	0x2b
 674 0165 09       		.uleb128 0x9
 675 0166 530B0000 		.4byte	.LASF40
 676 016a 2C       		.byte	0x2c
 677 016b 09       		.uleb128 0x9
 678 016c F6010000 		.4byte	.LASF41
 679 0170 2D       		.byte	0x2d
 680 0171 09       		.uleb128 0x9
 681 0172 A7080000 		.4byte	.LASF42
 682 0176 2E       		.byte	0x2e
 683 0177 09       		.uleb128 0x9
 684 0178 DF000000 		.4byte	.LASF43
 685 017c 2F       		.byte	0x2f
 686 017d 09       		.uleb128 0x9
 687 017e 93070000 		.4byte	.LASF44
 688 0182 30       		.byte	0x30
 689 0183 09       		.uleb128 0x9
 690 0184 BB0B0000 		.4byte	.LASF45
 691 0188 31       		.byte	0x31
 692 0189 09       		.uleb128 0x9
 693 018a 72070000 		.4byte	.LASF46
 694 018e 32       		.byte	0x32
 695 018f 09       		.uleb128 0x9
 696 0190 8E090000 		.4byte	.LASF47
 697 0194 33       		.byte	0x33
 698 0195 09       		.uleb128 0x9
 699 0196 24040000 		.4byte	.LASF48
 700 019a 34       		.byte	0x34
 701 019b 09       		.uleb128 0x9
 702 019c B4070000 		.4byte	.LASF49
 703 01a0 35       		.byte	0x35
 704 01a1 09       		.uleb128 0x9
 705 01a2 85050000 		.4byte	.LASF50
 706 01a6 36       		.byte	0x36
 707 01a7 09       		.uleb128 0x9
 708 01a8 A3060000 		.4byte	.LASF51
 709 01ac 37       		.byte	0x37
 710 01ad 09       		.uleb128 0x9
 711 01ae 74090000 		.4byte	.LASF52
 712 01b2 40       		.byte	0x40
 713 01b3 09       		.uleb128 0x9
 714 01b4 34060000 		.4byte	.LASF53
 715 01b8 41       		.byte	0x41
 716 01b9 09       		.uleb128 0x9
 717 01ba FB0B0000 		.4byte	.LASF54
 718 01be 42       		.byte	0x42
 719 01bf 09       		.uleb128 0x9
 720 01c0 AA0A0000 		.4byte	.LASF55
 721 01c4 43       		.byte	0x43
 722 01c5 09       		.uleb128 0x9
 723 01c6 56040000 		.4byte	.LASF56
 724 01ca 44       		.byte	0x44
ARM GAS  C:\Users\munee\AppData\Local\Temp\ccxYelPU.s 			page 17


 725 01cb 09       		.uleb128 0x9
 726 01cc 57080000 		.4byte	.LASF57
 727 01d0 45       		.byte	0x45
 728 01d1 09       		.uleb128 0x9
 729 01d2 F6060000 		.4byte	.LASF58
 730 01d6 46       		.byte	0x46
 731 01d7 09       		.uleb128 0x9
 732 01d8 E5040000 		.4byte	.LASF59
 733 01dc 47       		.byte	0x47
 734 01dd 09       		.uleb128 0x9
 735 01de 2C0B0000 		.4byte	.LASF60
 736 01e2 48       		.byte	0x48
 737 01e3 09       		.uleb128 0x9
 738 01e4 8C020000 		.4byte	.LASF61
 739 01e8 49       		.byte	0x49
 740 01e9 09       		.uleb128 0x9
 741 01ea 4D0A0000 		.4byte	.LASF62
 742 01ee 4A       		.byte	0x4a
 743 01ef 09       		.uleb128 0x9
 744 01f0 08010000 		.4byte	.LASF63
 745 01f4 4B       		.byte	0x4b
 746 01f5 09       		.uleb128 0x9
 747 01f6 3C040000 		.4byte	.LASF64
 748 01fa 4C       		.byte	0x4c
 749 01fb 09       		.uleb128 0x9
 750 01fc 58070000 		.4byte	.LASF65
 751 0200 4D       		.byte	0x4d
 752 0201 09       		.uleb128 0x9
 753 0202 A5020000 		.4byte	.LASF66
 754 0206 4E       		.byte	0x4e
 755 0207 09       		.uleb128 0x9
 756 0208 1B090000 		.4byte	.LASF67
 757 020c 4F       		.byte	0x4f
 758 020d 09       		.uleb128 0x9
 759 020e 1C050000 		.4byte	.LASF68
 760 0212 50       		.byte	0x50
 761 0213 09       		.uleb128 0x9
 762 0214 F1020000 		.4byte	.LASF69
 763 0218 51       		.byte	0x51
 764 0219 09       		.uleb128 0x9
 765 021a ED070000 		.4byte	.LASF70
 766 021e 52       		.byte	0x52
 767 021f 09       		.uleb128 0x9
 768 0220 D5080000 		.4byte	.LASF71
 769 0224 53       		.byte	0x53
 770 0225 09       		.uleb128 0x9
 771 0226 53090000 		.4byte	.LASF72
 772 022a 54       		.byte	0x54
 773 022b 09       		.uleb128 0x9
 774 022c 74040000 		.4byte	.LASF73
 775 0230 55       		.byte	0x55
 776 0231 09       		.uleb128 0x9
 777 0232 BB030000 		.4byte	.LASF74
 778 0236 56       		.byte	0x56
 779 0237 09       		.uleb128 0x9
 780 0238 010A0000 		.4byte	.LASF75
 781 023c 57       		.byte	0x57
ARM GAS  C:\Users\munee\AppData\Local\Temp\ccxYelPU.s 			page 18


 782 023d 09       		.uleb128 0x9
 783 023e 98040000 		.4byte	.LASF76
 784 0242 58       		.byte	0x58
 785 0243 09       		.uleb128 0x9
 786 0244 B3010000 		.4byte	.LASF77
 787 0248 70       		.byte	0x70
 788 0249 09       		.uleb128 0x9
 789 024a 900B0000 		.4byte	.LASF78
 790 024e 71       		.byte	0x71
 791 024f 09       		.uleb128 0x9
 792 0250 55060000 		.4byte	.LASF79
 793 0254 72       		.byte	0x72
 794 0255 09       		.uleb128 0x9
 795 0256 D8060000 		.4byte	.LASF80
 796 025a 73       		.byte	0x73
 797 025b 09       		.uleb128 0x9
 798 025c 2D080000 		.4byte	.LASF81
 799 0260 74       		.byte	0x74
 800 0261 09       		.uleb128 0x9
 801 0262 17030000 		.4byte	.LASF82
 802 0266 75       		.byte	0x75
 803 0267 09       		.uleb128 0x9
 804 0268 BE000000 		.4byte	.LASF83
 805 026c 76       		.byte	0x76
 806 026d 09       		.uleb128 0x9
 807 026e 46000000 		.4byte	.LASF84
 808 0272 77       		.byte	0x77
 809 0273 09       		.uleb128 0x9
 810 0274 00000000 		.4byte	.LASF85
 811 0278 78       		.byte	0x78
 812 0279 09       		.uleb128 0x9
 813 027a 2A0A0000 		.4byte	.LASF86
 814 027e 79       		.byte	0x79
 815 027f 09       		.uleb128 0x9
 816 0280 86030000 		.4byte	.LASF87
 817 0284 7A       		.byte	0x7a
 818 0285 09       		.uleb128 0x9
 819 0286 8B010000 		.4byte	.LASF88
 820 028a FA       		.byte	0xfa
 821 028b 09       		.uleb128 0x9
 822 028c EA030000 		.4byte	.LASF89
 823 0290 FB       		.byte	0xfb
 824 0291 09       		.uleb128 0x9
 825 0292 FC080000 		.4byte	.LASF90
 826 0296 FC       		.byte	0xfc
 827 0297 09       		.uleb128 0x9
 828 0298 190C0000 		.4byte	.LASF91
 829 029c FD       		.byte	0xfd
 830 029d 09       		.uleb128 0x9
 831 029e 4D030000 		.4byte	.LASF92
 832 02a2 FF       		.byte	0xff
 833 02a3 00       		.byte	0
 834 02a4 05       		.uleb128 0x5
 835 02a5 DF0B0000 		.4byte	.LASF93
 836 02a9 05       		.byte	0x5
 837 02aa 8901     		.2byte	0x189
 838 02ac A3000000 		.4byte	0xa3
ARM GAS  C:\Users\munee\AppData\Local\Temp\ccxYelPU.s 			page 19


 839 02b0 0A       		.uleb128 0xa
 840 02b1 02       		.byte	0x2
 841 02b2 05       		.byte	0x5
 842 02b3 9301     		.2byte	0x193
 843 02b5 D4020000 		.4byte	0x2d4
 844 02b9 0B       		.uleb128 0xb
 845 02ba 770B0000 		.4byte	.LASF94
 846 02be 05       		.byte	0x5
 847 02bf 9A01     		.2byte	0x19a
 848 02c1 97000000 		.4byte	0x97
 849 02c5 00       		.byte	0
 850 02c6 0B       		.uleb128 0xb
 851 02c7 4F060000 		.4byte	.LASF95
 852 02cb 05       		.byte	0x5
 853 02cc A001     		.2byte	0x1a0
 854 02ce 97000000 		.4byte	0x97
 855 02d2 01       		.byte	0x1
 856 02d3 00       		.byte	0
 857 02d4 05       		.uleb128 0x5
 858 02d5 65000000 		.4byte	.LASF96
 859 02d9 05       		.byte	0x5
 860 02da A201     		.2byte	0x1a2
 861 02dc B0020000 		.4byte	0x2b0
 862 02e0 0A       		.uleb128 0xa
 863 02e1 08       		.byte	0x8
 864 02e2 05       		.byte	0x5
 865 02e3 BE01     		.2byte	0x1be
 866 02e5 11030000 		.4byte	0x311
 867 02e9 0C       		.uleb128 0xc
 868 02ea 76616C00 		.ascii	"val\000"
 869 02ee 05       		.byte	0x5
 870 02ef C101     		.2byte	0x1c1
 871 02f1 E0000000 		.4byte	0xe0
 872 02f5 00       		.byte	0
 873 02f6 0C       		.uleb128 0xc
 874 02f7 6C656E00 		.ascii	"len\000"
 875 02fb 05       		.byte	0x5
 876 02fc C401     		.2byte	0x1c4
 877 02fe A3000000 		.4byte	0xa3
 878 0302 04       		.byte	0x4
 879 0303 0B       		.uleb128 0xb
 880 0304 6B020000 		.4byte	.LASF97
 881 0308 05       		.byte	0x5
 882 0309 CB01     		.2byte	0x1cb
 883 030b A3000000 		.4byte	0xa3
 884 030f 06       		.byte	0x6
 885 0310 00       		.byte	0
 886 0311 05       		.uleb128 0x5
 887 0312 63010000 		.4byte	.LASF98
 888 0316 05       		.byte	0x5
 889 0317 CD01     		.2byte	0x1cd
 890 0319 E0020000 		.4byte	0x2e0
 891 031d 0A       		.uleb128 0xa
 892 031e 0C       		.byte	0xc
 893 031f 05       		.byte	0x5
 894 0320 D001     		.2byte	0x1d0
 895 0322 41030000 		.4byte	0x341
ARM GAS  C:\Users\munee\AppData\Local\Temp\ccxYelPU.s 			page 20


 896 0326 0B       		.uleb128 0xb
 897 0327 B5030000 		.4byte	.LASF99
 898 032b 05       		.byte	0x5
 899 032c D301     		.2byte	0x1d3
 900 032e 11030000 		.4byte	0x311
 901 0332 00       		.byte	0
 902 0333 0B       		.uleb128 0xb
 903 0334 AA030000 		.4byte	.LASF100
 904 0338 05       		.byte	0x5
 905 0339 D601     		.2byte	0x1d6
 906 033b A4020000 		.4byte	0x2a4
 907 033f 08       		.byte	0x8
 908 0340 00       		.byte	0
 909 0341 05       		.uleb128 0x5
 910 0342 0E080000 		.4byte	.LASF101
 911 0346 05       		.byte	0x5
 912 0347 D801     		.2byte	0x1d8
 913 0349 1D030000 		.4byte	0x31d
 914 034d 0D       		.uleb128 0xd
 915 034e 10       		.byte	0x10
 916 034f 06       		.byte	0x6
 917 0350 8A       		.byte	0x8a
 918 0351 6E030000 		.4byte	0x36e
 919 0355 0E       		.uleb128 0xe
 920 0356 79000000 		.4byte	.LASF102
 921 035a 06       		.byte	0x6
 922 035b 8D       		.byte	0x8d
 923 035c D4020000 		.4byte	0x2d4
 924 0360 00       		.byte	0
 925 0361 0E       		.uleb128 0xe
 926 0362 95060000 		.4byte	.LASF103
 927 0366 06       		.byte	0x6
 928 0367 90       		.byte	0x90
 929 0368 41030000 		.4byte	0x341
 930 036c 04       		.byte	0x4
 931 036d 00       		.byte	0
 932 036e 03       		.uleb128 0x3
 933 036f 20070000 		.4byte	.LASF104
 934 0373 06       		.byte	0x6
 935 0374 92       		.byte	0x92
 936 0375 4D030000 		.4byte	0x34d
 937 0379 0F       		.uleb128 0xf
 938 037a 3A090000 		.4byte	.LASF105
 939 037e 01       		.byte	0x1
 940 037f 16       		.byte	0x16
 941 0380 00000000 		.4byte	.LFB35
 942 0384 48000000 		.4byte	.LFE35-.LFB35
 943 0388 01       		.uleb128 0x1
 944 0389 9C       		.byte	0x9c
 945 038a 0F       		.uleb128 0xf
 946 038b 68030000 		.4byte	.LASF106
 947 038f 01       		.byte	0x1
 948 0390 38       		.byte	0x38
 949 0391 00000000 		.4byte	.LFB36
 950 0395 18000000 		.4byte	.LFE36-.LFB36
 951 0399 01       		.uleb128 0x1
 952 039a 9C       		.byte	0x9c
ARM GAS  C:\Users\munee\AppData\Local\Temp\ccxYelPU.s 			page 21


 953 039b 10       		.uleb128 0x10
 954 039c 38030000 		.4byte	.LASF112
 955 03a0 01       		.byte	0x1
 956 03a1 3E       		.byte	0x3e
 957 03a2 00000000 		.4byte	.LFB37
 958 03a6 68010000 		.4byte	.LFE37-.LFB37
 959 03aa 01       		.uleb128 0x1
 960 03ab 9C       		.byte	0x9c
 961 03ac 01040000 		.4byte	0x401
 962 03b0 11       		.uleb128 0x11
 963 03b1 A9010000 		.4byte	.LASF107
 964 03b5 01       		.byte	0x1
 965 03b6 3E       		.byte	0x3e
 966 03b7 AF000000 		.4byte	0xaf
 967 03bb 02       		.uleb128 0x2
 968 03bc 91       		.byte	0x91
 969 03bd 64       		.sleb128 -28
 970 03be 11       		.uleb128 0x11
 971 03bf C80A0000 		.4byte	.LASF108
 972 03c3 01       		.byte	0x1
 973 03c4 3E       		.byte	0x3e
 974 03c5 DE000000 		.4byte	0xde
 975 03c9 02       		.uleb128 0x2
 976 03ca 91       		.byte	0x91
 977 03cb 60       		.sleb128 -32
 978 03cc 12       		.uleb128 0x12
 979 03cd F6080000 		.4byte	.LASF109
 980 03d1 01       		.byte	0x1
 981 03d2 40       		.byte	0x40
 982 03d3 01040000 		.4byte	0x401
 983 03d7 02       		.uleb128 0x2
 984 03d8 91       		.byte	0x91
 985 03d9 6C       		.sleb128 -20
 986 03da 13       		.uleb128 0x13
 987 03db 6A000000 		.4byte	.LBB2
 988 03df 70000000 		.4byte	.LBE2-.LBB2
 989 03e3 12       		.uleb128 0x12
 990 03e4 C1090000 		.4byte	.LASF110
 991 03e8 01       		.byte	0x1
 992 03e9 56       		.byte	0x56
 993 03ea 81000000 		.4byte	0x81
 994 03ee 02       		.uleb128 0x2
 995 03ef 91       		.byte	0x91
 996 03f0 6B       		.sleb128 -21
 997 03f1 12       		.uleb128 0x12
 998 03f2 0E090000 		.4byte	.LASF111
 999 03f6 01       		.byte	0x1
 1000 03f7 58       		.byte	0x58
 1001 03f8 8C000000 		.4byte	0x8c
 1002 03fc 02       		.uleb128 0x2
 1003 03fd 91       		.byte	0x91
 1004 03fe 68       		.sleb128 -24
 1005 03ff 00       		.byte	0
 1006 0400 00       		.byte	0
 1007 0401 07       		.uleb128 0x7
 1008 0402 04       		.byte	0x4
 1009 0403 6E030000 		.4byte	0x36e
ARM GAS  C:\Users\munee\AppData\Local\Temp\ccxYelPU.s 			page 22


 1010 0407 14       		.uleb128 0x14
 1011 0408 B60B0000 		.4byte	.LASF113
 1012 040c 01       		.byte	0x1
 1013 040d 6E       		.byte	0x6e
 1014 040e 73000000 		.4byte	0x73
 1015 0412 00000000 		.4byte	.LFB38
 1016 0416 68000000 		.4byte	.LFE38-.LFB38
 1017 041a 01       		.uleb128 0x1
 1018 041b 9C       		.byte	0x9c
 1019 041c 2F040000 		.4byte	0x42f
 1020 0420 12       		.uleb128 0x12
 1021 0421 5B030000 		.4byte	.LASF114
 1022 0425 01       		.byte	0x1
 1023 0426 7E       		.byte	0x7e
 1024 0427 2F040000 		.4byte	0x42f
 1025 042b 02       		.uleb128 0x2
 1026 042c 91       		.byte	0x91
 1027 042d 68       		.sleb128 -24
 1028 042e 00       		.byte	0
 1029 042f 15       		.uleb128 0x15
 1030 0430 81000000 		.4byte	0x81
 1031 0434 3F040000 		.4byte	0x43f
 1032 0438 16       		.uleb128 0x16
 1033 0439 D7000000 		.4byte	0xd7
 1034 043d 0C       		.byte	0xc
 1035 043e 00       		.byte	0
 1036 043f 17       		.uleb128 0x17
 1037 0440 84000000 		.4byte	.LASF115
 1038 0444 01       		.byte	0x1
 1039 0445 0F       		.byte	0xf
 1040 0446 D4020000 		.4byte	0x2d4
 1041 044a 05       		.uleb128 0x5
 1042 044b 03       		.byte	0x3
 1043 044c 00000000 		.4byte	connectionHandle
 1044 0450 17       		.uleb128 0x17
 1045 0451 4B080000 		.4byte	.LASF116
 1046 0455 01       		.byte	0x1
 1047 0456 10       		.byte	0x10
 1048 0457 81000000 		.4byte	0x81
 1049 045b 05       		.uleb128 0x5
 1050 045c 03       		.byte	0x3
 1051 045d 00000000 		.4byte	isConnected
 1052 0461 17       		.uleb128 0x17
 1053 0462 84080000 		.4byte	.LASF117
 1054 0466 01       		.byte	0x1
 1055 0467 11       		.byte	0x11
 1056 0468 81000000 		.4byte	0x81
 1057 046c 05       		.uleb128 0x5
 1058 046d 03       		.byte	0x3
 1059 046e 00000000 		.4byte	notificationsEnabled
 1060 0472 17       		.uleb128 0x17
 1061 0473 0E090000 		.4byte	.LASF111
 1062 0477 01       		.byte	0x1
 1063 0478 12       		.byte	0x12
 1064 0479 81000000 		.4byte	0x81
 1065 047d 05       		.uleb128 0x5
 1066 047e 03       		.byte	0x3
ARM GAS  C:\Users\munee\AppData\Local\Temp\ccxYelPU.s 			page 23


 1067 047f 00000000 		.4byte	compareValue
 1068 0483 17       		.uleb128 0x17
 1069 0484 800B0000 		.4byte	.LASF118
 1070 0488 01       		.byte	0x1
 1071 0489 13       		.byte	0x13
 1072 048a 81000000 		.4byte	0x81
 1073 048e 05       		.uleb128 0x5
 1074 048f 03       		.byte	0x3
 1075 0490 00000000 		.4byte	isButtonPressed
 1076 0494 17       		.uleb128 0x17
 1077 0495 210B0000 		.4byte	.LASF119
 1078 0499 01       		.byte	0x1
 1079 049a 14       		.byte	0x14
 1080 049b 8C000000 		.4byte	0x8c
 1081 049f 05       		.uleb128 0x5
 1082 04a0 03       		.byte	0x3
 1083 04a1 00000000 		.4byte	delayValue
 1084 04a5 00       		.byte	0
 1085              		.section	.debug_abbrev,"",%progbits
 1086              	.Ldebug_abbrev0:
 1087 0000 01       		.uleb128 0x1
 1088 0001 11       		.uleb128 0x11
 1089 0002 01       		.byte	0x1
 1090 0003 25       		.uleb128 0x25
 1091 0004 0E       		.uleb128 0xe
 1092 0005 13       		.uleb128 0x13
 1093 0006 0B       		.uleb128 0xb
 1094 0007 03       		.uleb128 0x3
 1095 0008 0E       		.uleb128 0xe
 1096 0009 1B       		.uleb128 0x1b
 1097 000a 0E       		.uleb128 0xe
 1098 000b 55       		.uleb128 0x55
 1099 000c 17       		.uleb128 0x17
 1100 000d 11       		.uleb128 0x11
 1101 000e 01       		.uleb128 0x1
 1102 000f 10       		.uleb128 0x10
 1103 0010 17       		.uleb128 0x17
 1104 0011 00       		.byte	0
 1105 0012 00       		.byte	0
 1106 0013 02       		.uleb128 0x2
 1107 0014 24       		.uleb128 0x24
 1108 0015 00       		.byte	0
 1109 0016 0B       		.uleb128 0xb
 1110 0017 0B       		.uleb128 0xb
 1111 0018 3E       		.uleb128 0x3e
 1112 0019 0B       		.uleb128 0xb
 1113 001a 03       		.uleb128 0x3
 1114 001b 0E       		.uleb128 0xe
 1115 001c 00       		.byte	0
 1116 001d 00       		.byte	0
 1117 001e 03       		.uleb128 0x3
 1118 001f 16       		.uleb128 0x16
 1119 0020 00       		.byte	0
 1120 0021 03       		.uleb128 0x3
 1121 0022 0E       		.uleb128 0xe
 1122 0023 3A       		.uleb128 0x3a
 1123 0024 0B       		.uleb128 0xb
ARM GAS  C:\Users\munee\AppData\Local\Temp\ccxYelPU.s 			page 24


 1124 0025 3B       		.uleb128 0x3b
 1125 0026 0B       		.uleb128 0xb
 1126 0027 49       		.uleb128 0x49
 1127 0028 13       		.uleb128 0x13
 1128 0029 00       		.byte	0
 1129 002a 00       		.byte	0
 1130 002b 04       		.uleb128 0x4
 1131 002c 24       		.uleb128 0x24
 1132 002d 00       		.byte	0
 1133 002e 0B       		.uleb128 0xb
 1134 002f 0B       		.uleb128 0xb
 1135 0030 3E       		.uleb128 0x3e
 1136 0031 0B       		.uleb128 0xb
 1137 0032 03       		.uleb128 0x3
 1138 0033 08       		.uleb128 0x8
 1139 0034 00       		.byte	0
 1140 0035 00       		.byte	0
 1141 0036 05       		.uleb128 0x5
 1142 0037 16       		.uleb128 0x16
 1143 0038 00       		.byte	0
 1144 0039 03       		.uleb128 0x3
 1145 003a 0E       		.uleb128 0xe
 1146 003b 3A       		.uleb128 0x3a
 1147 003c 0B       		.uleb128 0xb
 1148 003d 3B       		.uleb128 0x3b
 1149 003e 05       		.uleb128 0x5
 1150 003f 49       		.uleb128 0x49
 1151 0040 13       		.uleb128 0x13
 1152 0041 00       		.byte	0
 1153 0042 00       		.byte	0
 1154 0043 06       		.uleb128 0x6
 1155 0044 0F       		.uleb128 0xf
 1156 0045 00       		.byte	0
 1157 0046 0B       		.uleb128 0xb
 1158 0047 0B       		.uleb128 0xb
 1159 0048 00       		.byte	0
 1160 0049 00       		.byte	0
 1161 004a 07       		.uleb128 0x7
 1162 004b 0F       		.uleb128 0xf
 1163 004c 00       		.byte	0
 1164 004d 0B       		.uleb128 0xb
 1165 004e 0B       		.uleb128 0xb
 1166 004f 49       		.uleb128 0x49
 1167 0050 13       		.uleb128 0x13
 1168 0051 00       		.byte	0
 1169 0052 00       		.byte	0
 1170 0053 08       		.uleb128 0x8
 1171 0054 04       		.uleb128 0x4
 1172 0055 01       		.byte	0x1
 1173 0056 0B       		.uleb128 0xb
 1174 0057 0B       		.uleb128 0xb
 1175 0058 49       		.uleb128 0x49
 1176 0059 13       		.uleb128 0x13
 1177 005a 3A       		.uleb128 0x3a
 1178 005b 0B       		.uleb128 0xb
 1179 005c 3B       		.uleb128 0x3b
 1180 005d 05       		.uleb128 0x5
ARM GAS  C:\Users\munee\AppData\Local\Temp\ccxYelPU.s 			page 25


 1181 005e 01       		.uleb128 0x1
 1182 005f 13       		.uleb128 0x13
 1183 0060 00       		.byte	0
 1184 0061 00       		.byte	0
 1185 0062 09       		.uleb128 0x9
 1186 0063 28       		.uleb128 0x28
 1187 0064 00       		.byte	0
 1188 0065 03       		.uleb128 0x3
 1189 0066 0E       		.uleb128 0xe
 1190 0067 1C       		.uleb128 0x1c
 1191 0068 0B       		.uleb128 0xb
 1192 0069 00       		.byte	0
 1193 006a 00       		.byte	0
 1194 006b 0A       		.uleb128 0xa
 1195 006c 13       		.uleb128 0x13
 1196 006d 01       		.byte	0x1
 1197 006e 0B       		.uleb128 0xb
 1198 006f 0B       		.uleb128 0xb
 1199 0070 3A       		.uleb128 0x3a
 1200 0071 0B       		.uleb128 0xb
 1201 0072 3B       		.uleb128 0x3b
 1202 0073 05       		.uleb128 0x5
 1203 0074 01       		.uleb128 0x1
 1204 0075 13       		.uleb128 0x13
 1205 0076 00       		.byte	0
 1206 0077 00       		.byte	0
 1207 0078 0B       		.uleb128 0xb
 1208 0079 0D       		.uleb128 0xd
 1209 007a 00       		.byte	0
 1210 007b 03       		.uleb128 0x3
 1211 007c 0E       		.uleb128 0xe
 1212 007d 3A       		.uleb128 0x3a
 1213 007e 0B       		.uleb128 0xb
 1214 007f 3B       		.uleb128 0x3b
 1215 0080 05       		.uleb128 0x5
 1216 0081 49       		.uleb128 0x49
 1217 0082 13       		.uleb128 0x13
 1218 0083 38       		.uleb128 0x38
 1219 0084 0B       		.uleb128 0xb
 1220 0085 00       		.byte	0
 1221 0086 00       		.byte	0
 1222 0087 0C       		.uleb128 0xc
 1223 0088 0D       		.uleb128 0xd
 1224 0089 00       		.byte	0
 1225 008a 03       		.uleb128 0x3
 1226 008b 08       		.uleb128 0x8
 1227 008c 3A       		.uleb128 0x3a
 1228 008d 0B       		.uleb128 0xb
 1229 008e 3B       		.uleb128 0x3b
 1230 008f 05       		.uleb128 0x5
 1231 0090 49       		.uleb128 0x49
 1232 0091 13       		.uleb128 0x13
 1233 0092 38       		.uleb128 0x38
 1234 0093 0B       		.uleb128 0xb
 1235 0094 00       		.byte	0
 1236 0095 00       		.byte	0
 1237 0096 0D       		.uleb128 0xd
ARM GAS  C:\Users\munee\AppData\Local\Temp\ccxYelPU.s 			page 26


 1238 0097 13       		.uleb128 0x13
 1239 0098 01       		.byte	0x1
 1240 0099 0B       		.uleb128 0xb
 1241 009a 0B       		.uleb128 0xb
 1242 009b 3A       		.uleb128 0x3a
 1243 009c 0B       		.uleb128 0xb
 1244 009d 3B       		.uleb128 0x3b
 1245 009e 0B       		.uleb128 0xb
 1246 009f 01       		.uleb128 0x1
 1247 00a0 13       		.uleb128 0x13
 1248 00a1 00       		.byte	0
 1249 00a2 00       		.byte	0
 1250 00a3 0E       		.uleb128 0xe
 1251 00a4 0D       		.uleb128 0xd
 1252 00a5 00       		.byte	0
 1253 00a6 03       		.uleb128 0x3
 1254 00a7 0E       		.uleb128 0xe
 1255 00a8 3A       		.uleb128 0x3a
 1256 00a9 0B       		.uleb128 0xb
 1257 00aa 3B       		.uleb128 0x3b
 1258 00ab 0B       		.uleb128 0xb
 1259 00ac 49       		.uleb128 0x49
 1260 00ad 13       		.uleb128 0x13
 1261 00ae 38       		.uleb128 0x38
 1262 00af 0B       		.uleb128 0xb
 1263 00b0 00       		.byte	0
 1264 00b1 00       		.byte	0
 1265 00b2 0F       		.uleb128 0xf
 1266 00b3 2E       		.uleb128 0x2e
 1267 00b4 00       		.byte	0
 1268 00b5 3F       		.uleb128 0x3f
 1269 00b6 19       		.uleb128 0x19
 1270 00b7 03       		.uleb128 0x3
 1271 00b8 0E       		.uleb128 0xe
 1272 00b9 3A       		.uleb128 0x3a
 1273 00ba 0B       		.uleb128 0xb
 1274 00bb 3B       		.uleb128 0x3b
 1275 00bc 0B       		.uleb128 0xb
 1276 00bd 27       		.uleb128 0x27
 1277 00be 19       		.uleb128 0x19
 1278 00bf 11       		.uleb128 0x11
 1279 00c0 01       		.uleb128 0x1
 1280 00c1 12       		.uleb128 0x12
 1281 00c2 06       		.uleb128 0x6
 1282 00c3 40       		.uleb128 0x40
 1283 00c4 18       		.uleb128 0x18
 1284 00c5 9642     		.uleb128 0x2116
 1285 00c7 19       		.uleb128 0x19
 1286 00c8 00       		.byte	0
 1287 00c9 00       		.byte	0
 1288 00ca 10       		.uleb128 0x10
 1289 00cb 2E       		.uleb128 0x2e
 1290 00cc 01       		.byte	0x1
 1291 00cd 3F       		.uleb128 0x3f
 1292 00ce 19       		.uleb128 0x19
 1293 00cf 03       		.uleb128 0x3
 1294 00d0 0E       		.uleb128 0xe
ARM GAS  C:\Users\munee\AppData\Local\Temp\ccxYelPU.s 			page 27


 1295 00d1 3A       		.uleb128 0x3a
 1296 00d2 0B       		.uleb128 0xb
 1297 00d3 3B       		.uleb128 0x3b
 1298 00d4 0B       		.uleb128 0xb
 1299 00d5 27       		.uleb128 0x27
 1300 00d6 19       		.uleb128 0x19
 1301 00d7 11       		.uleb128 0x11
 1302 00d8 01       		.uleb128 0x1
 1303 00d9 12       		.uleb128 0x12
 1304 00da 06       		.uleb128 0x6
 1305 00db 40       		.uleb128 0x40
 1306 00dc 18       		.uleb128 0x18
 1307 00dd 9642     		.uleb128 0x2116
 1308 00df 19       		.uleb128 0x19
 1309 00e0 01       		.uleb128 0x1
 1310 00e1 13       		.uleb128 0x13
 1311 00e2 00       		.byte	0
 1312 00e3 00       		.byte	0
 1313 00e4 11       		.uleb128 0x11
 1314 00e5 05       		.uleb128 0x5
 1315 00e6 00       		.byte	0
 1316 00e7 03       		.uleb128 0x3
 1317 00e8 0E       		.uleb128 0xe
 1318 00e9 3A       		.uleb128 0x3a
 1319 00ea 0B       		.uleb128 0xb
 1320 00eb 3B       		.uleb128 0x3b
 1321 00ec 0B       		.uleb128 0xb
 1322 00ed 49       		.uleb128 0x49
 1323 00ee 13       		.uleb128 0x13
 1324 00ef 02       		.uleb128 0x2
 1325 00f0 18       		.uleb128 0x18
 1326 00f1 00       		.byte	0
 1327 00f2 00       		.byte	0
 1328 00f3 12       		.uleb128 0x12
 1329 00f4 34       		.uleb128 0x34
 1330 00f5 00       		.byte	0
 1331 00f6 03       		.uleb128 0x3
 1332 00f7 0E       		.uleb128 0xe
 1333 00f8 3A       		.uleb128 0x3a
 1334 00f9 0B       		.uleb128 0xb
 1335 00fa 3B       		.uleb128 0x3b
 1336 00fb 0B       		.uleb128 0xb
 1337 00fc 49       		.uleb128 0x49
 1338 00fd 13       		.uleb128 0x13
 1339 00fe 02       		.uleb128 0x2
 1340 00ff 18       		.uleb128 0x18
 1341 0100 00       		.byte	0
 1342 0101 00       		.byte	0
 1343 0102 13       		.uleb128 0x13
 1344 0103 0B       		.uleb128 0xb
 1345 0104 01       		.byte	0x1
 1346 0105 11       		.uleb128 0x11
 1347 0106 01       		.uleb128 0x1
 1348 0107 12       		.uleb128 0x12
 1349 0108 06       		.uleb128 0x6
 1350 0109 00       		.byte	0
 1351 010a 00       		.byte	0
ARM GAS  C:\Users\munee\AppData\Local\Temp\ccxYelPU.s 			page 28


 1352 010b 14       		.uleb128 0x14
 1353 010c 2E       		.uleb128 0x2e
 1354 010d 01       		.byte	0x1
 1355 010e 3F       		.uleb128 0x3f
 1356 010f 19       		.uleb128 0x19
 1357 0110 03       		.uleb128 0x3
 1358 0111 0E       		.uleb128 0xe
 1359 0112 3A       		.uleb128 0x3a
 1360 0113 0B       		.uleb128 0xb
 1361 0114 3B       		.uleb128 0x3b
 1362 0115 0B       		.uleb128 0xb
 1363 0116 49       		.uleb128 0x49
 1364 0117 13       		.uleb128 0x13
 1365 0118 11       		.uleb128 0x11
 1366 0119 01       		.uleb128 0x1
 1367 011a 12       		.uleb128 0x12
 1368 011b 06       		.uleb128 0x6
 1369 011c 40       		.uleb128 0x40
 1370 011d 18       		.uleb128 0x18
 1371 011e 9642     		.uleb128 0x2116
 1372 0120 19       		.uleb128 0x19
 1373 0121 01       		.uleb128 0x1
 1374 0122 13       		.uleb128 0x13
 1375 0123 00       		.byte	0
 1376 0124 00       		.byte	0
 1377 0125 15       		.uleb128 0x15
 1378 0126 01       		.uleb128 0x1
 1379 0127 01       		.byte	0x1
 1380 0128 49       		.uleb128 0x49
 1381 0129 13       		.uleb128 0x13
 1382 012a 01       		.uleb128 0x1
 1383 012b 13       		.uleb128 0x13
 1384 012c 00       		.byte	0
 1385 012d 00       		.byte	0
 1386 012e 16       		.uleb128 0x16
 1387 012f 21       		.uleb128 0x21
 1388 0130 00       		.byte	0
 1389 0131 49       		.uleb128 0x49
 1390 0132 13       		.uleb128 0x13
 1391 0133 2F       		.uleb128 0x2f
 1392 0134 0B       		.uleb128 0xb
 1393 0135 00       		.byte	0
 1394 0136 00       		.byte	0
 1395 0137 17       		.uleb128 0x17
 1396 0138 34       		.uleb128 0x34
 1397 0139 00       		.byte	0
 1398 013a 03       		.uleb128 0x3
 1399 013b 0E       		.uleb128 0xe
 1400 013c 3A       		.uleb128 0x3a
 1401 013d 0B       		.uleb128 0xb
 1402 013e 3B       		.uleb128 0x3b
 1403 013f 0B       		.uleb128 0xb
 1404 0140 49       		.uleb128 0x49
 1405 0141 13       		.uleb128 0x13
 1406 0142 3F       		.uleb128 0x3f
 1407 0143 19       		.uleb128 0x19
 1408 0144 02       		.uleb128 0x2
ARM GAS  C:\Users\munee\AppData\Local\Temp\ccxYelPU.s 			page 29


 1409 0145 18       		.uleb128 0x18
 1410 0146 00       		.byte	0
 1411 0147 00       		.byte	0
 1412 0148 00       		.byte	0
 1413              		.section	.debug_aranges,"",%progbits
 1414 0000 34000000 		.4byte	0x34
 1415 0004 0200     		.2byte	0x2
 1416 0006 00000000 		.4byte	.Ldebug_info0
 1417 000a 04       		.byte	0x4
 1418 000b 00       		.byte	0
 1419 000c 0000     		.2byte	0
 1420 000e 0000     		.2byte	0
 1421 0010 00000000 		.4byte	.LFB35
 1422 0014 48000000 		.4byte	.LFE35-.LFB35
 1423 0018 00000000 		.4byte	.LFB36
 1424 001c 18000000 		.4byte	.LFE36-.LFB36
 1425 0020 00000000 		.4byte	.LFB37
 1426 0024 68010000 		.4byte	.LFE37-.LFB37
 1427 0028 00000000 		.4byte	.LFB38
 1428 002c 68000000 		.4byte	.LFE38-.LFB38
 1429 0030 00000000 		.4byte	0
 1430 0034 00000000 		.4byte	0
 1431              		.section	.debug_ranges,"",%progbits
 1432              	.Ldebug_ranges0:
 1433 0000 00000000 		.4byte	.LFB35
 1434 0004 48000000 		.4byte	.LFE35
 1435 0008 00000000 		.4byte	.LFB36
 1436 000c 18000000 		.4byte	.LFE36
 1437 0010 00000000 		.4byte	.LFB37
 1438 0014 68010000 		.4byte	.LFE37
 1439 0018 00000000 		.4byte	.LFB38
 1440 001c 68000000 		.4byte	.LFE38
 1441 0020 00000000 		.4byte	0
 1442 0024 00000000 		.4byte	0
 1443              		.section	.debug_line,"",%progbits
 1444              	.Ldebug_line0:
 1445 0000 33020000 		.section	.debug_str,"MS",%progbits,1
 1445      02007F01 
 1445      00000201 
 1445      FB0E0D00 
 1445      01010101 
 1446              	.LASF85:
 1447 0000 4359424C 		.ascii	"CYBLE_EVT_L2CAP_CBFC_RX_CREDIT_IND\000"
 1447      455F4556 
 1447      545F4C32 
 1447      4341505F 
 1447      43424643 
 1448              	.LASF26:
 1449 0023 4359424C 		.ascii	"CYBLE_EVT_STACK_BUSY_STATUS\000"
 1449      455F4556 
 1449      545F5354 
 1449      41434B5F 
 1449      42555359 
 1450              	.LASF14:
 1451 003f 75696E74 		.ascii	"uint16\000"
 1451      313600
 1452              	.LASF84:
ARM GAS  C:\Users\munee\AppData\Local\Temp\ccxYelPU.s 			page 30


 1453 0046 4359424C 		.ascii	"CYBLE_EVT_L2CAP_CBFC_DATA_READ\000"
 1453      455F4556 
 1453      545F4C32 
 1453      4341505F 
 1453      43424643 
 1454              	.LASF96:
 1455 0065 4359424C 		.ascii	"CYBLE_CONN_HANDLE_T\000"
 1455      455F434F 
 1455      4E4E5F48 
 1455      414E444C 
 1455      455F5400 
 1456              	.LASF102:
 1457 0079 636F6E6E 		.ascii	"connHandle\000"
 1457      48616E64 
 1457      6C6500
 1458              	.LASF115:
 1459 0084 636F6E6E 		.ascii	"connectionHandle\000"
 1459      65637469 
 1459      6F6E4861 
 1459      6E646C65 
 1459      00
 1460              	.LASF38:
 1461 0095 4359424C 		.ascii	"CYBLE_EVT_GAP_CONNECTION_UPDATE_COMPLETE\000"
 1461      455F4556 
 1461      545F4741 
 1461      505F434F 
 1461      4E4E4543 
 1462              	.LASF83:
 1463 00be 4359424C 		.ascii	"CYBLE_EVT_L2CAP_CBFC_DISCONN_CNF\000"
 1463      455F4556 
 1463      545F4C32 
 1463      4341505F 
 1463      43424643 
 1464              	.LASF43:
 1465 00df 4359424C 		.ascii	"CYBLE_EVT_GAP_OOB_GENERATED_NOTIFICATION\000"
 1465      455F4556 
 1465      545F4741 
 1465      505F4F4F 
 1465      425F4745 
 1466              	.LASF63:
 1467 0108 4359424C 		.ascii	"CYBLE_EVT_GATTC_READ_MULTI_RSP\000"
 1467      455F4556 
 1467      545F4741 
 1467      5454435F 
 1467      52454144 
 1468              	.LASF3:
 1469 0127 5F5F7569 		.ascii	"__uint8_t\000"
 1469      6E74385F 
 1469      7400
 1470              	.LASF23:
 1471 0131 4359424C 		.ascii	"CYBLE_EVT_TIMEOUT\000"
 1471      455F4556 
 1471      545F5449 
 1471      4D454F55 
 1471      5400
 1472              	.LASF6:
 1473 0143 6C6F6E67 		.ascii	"long int\000"
ARM GAS  C:\Users\munee\AppData\Local\Temp\ccxYelPU.s 			page 31


 1473      20696E74 
 1473      00
 1474              	.LASF9:
 1475 014c 6C6F6E67 		.ascii	"long long unsigned int\000"
 1475      206C6F6E 
 1475      6720756E 
 1475      7369676E 
 1475      65642069 
 1476              	.LASF98:
 1477 0163 4359424C 		.ascii	"CYBLE_GATT_VALUE_T\000"
 1477      455F4741 
 1477      54545F56 
 1477      414C5545 
 1477      5F5400
 1478              	.LASF25:
 1479 0176 4359424C 		.ascii	"CYBLE_EVT_HCI_STATUS\000"
 1479      455F4556 
 1479      545F4843 
 1479      495F5354 
 1479      41545553 
 1480              	.LASF88:
 1481 018b 4359424C 		.ascii	"CYBLE_EVT_PENDING_FLASH_WRITE\000"
 1481      455F4556 
 1481      545F5045 
 1481      4E44494E 
 1481      475F464C 
 1482              	.LASF107:
 1483 01a9 6576656E 		.ascii	"eventCode\000"
 1483      74436F64 
 1483      6500
 1484              	.LASF77:
 1485 01b3 4359424C 		.ascii	"CYBLE_EVT_L2CAP_CONN_PARAM_UPDATE_REQ\000"
 1485      455F4556 
 1485      545F4C32 
 1485      4341505F 
 1485      434F4E4E 
 1486              	.LASF37:
 1487 01d9 4359424C 		.ascii	"CYBLE_EVT_GAP_ENCRYPT_CHANGE\000"
 1487      455F4556 
 1487      545F4741 
 1487      505F454E 
 1487      43525950 
 1488              	.LASF41:
 1489 01f6 4359424C 		.ascii	"CYBLE_EVT_GAP_NUMERIC_COMPARISON_REQUEST\000"
 1489      455F4556 
 1489      545F4741 
 1489      505F4E55 
 1489      4D455249 
 1490              	.LASF8:
 1491 021f 6C6F6E67 		.ascii	"long long int\000"
 1491      206C6F6E 
 1491      6720696E 
 1491      7400
 1492              	.LASF0:
 1493 022d 7369676E 		.ascii	"signed char\000"
 1493      65642063 
 1493      68617200 
ARM GAS  C:\Users\munee\AppData\Local\Temp\ccxYelPU.s 			page 32


 1494              	.LASF22:
 1495 0239 4359424C 		.ascii	"CYBLE_EVT_STACK_ON\000"
 1495      455F4556 
 1495      545F5354 
 1495      41434B5F 
 1495      4F4E00
 1496              	.LASF39:
 1497 024c 4359424C 		.ascii	"CYBLE_EVT_GAPC_SCAN_START_STOP\000"
 1497      455F4556 
 1497      545F4741 
 1497      50435F53 
 1497      43414E5F 
 1498              	.LASF97:
 1499 026b 61637475 		.ascii	"actualLen\000"
 1499      616C4C65 
 1499      6E00
 1500              	.LASF29:
 1501 0275 4359424C 		.ascii	"CYBLE_EVT_GAP_AUTH_REQ\000"
 1501      455F4556 
 1501      545F4741 
 1501      505F4155 
 1501      54485F52 
 1502              	.LASF61:
 1503 028c 4359424C 		.ascii	"CYBLE_EVT_GATTC_READ_RSP\000"
 1503      455F4556 
 1503      545F4741 
 1503      5454435F 
 1503      52454144 
 1504              	.LASF66:
 1505 02a5 4359424C 		.ascii	"CYBLE_EVT_GATTS_WRITE_CMD_REQ\000"
 1505      455F4556 
 1505      545F4741 
 1505      5454535F 
 1505      57524954 
 1506              	.LASF34:
 1507 02c3 4359424C 		.ascii	"CYBLE_EVT_GAPP_ADVERTISEMENT_START_STOP\000"
 1507      455F4556 
 1507      545F4741 
 1507      50505F41 
 1507      44564552 
 1508              	.LASF13:
 1509 02eb 75696E74 		.ascii	"uint8\000"
 1509      3800
 1510              	.LASF69:
 1511 02f1 4359424C 		.ascii	"CYBLE_EVT_GATTC_EXEC_WRITE_RSP\000"
 1511      455F4556 
 1511      545F4741 
 1511      5454435F 
 1511      45584543 
 1512              	.LASF17:
 1513 0310 646F7562 		.ascii	"double\000"
 1513      6C6500
 1514              	.LASF82:
 1515 0317 4359424C 		.ascii	"CYBLE_EVT_L2CAP_CBFC_DISCONN_IND\000"
 1515      455F4556 
 1515      545F4C32 
 1515      4341505F 
ARM GAS  C:\Users\munee\AppData\Local\Temp\ccxYelPU.s 			page 33


 1515      43424643 
 1516              	.LASF112:
 1517 0338 53746163 		.ascii	"Stack_Handler\000"
 1517      6B5F4861 
 1517      6E646C65 
 1517      7200
 1518              	.LASF15:
 1519 0346 75696E74 		.ascii	"uint32\000"
 1519      333200
 1520              	.LASF92:
 1521 034d 4359424C 		.ascii	"CYBLE_EVT_MAX\000"
 1521      455F4556 
 1521      545F4D41 
 1521      5800
 1522              	.LASF114:
 1523 035b 696E7472 		.ascii	"introMessage\000"
 1523      6F4D6573 
 1523      73616765 
 1523      00
 1524              	.LASF106:
 1525 0368 6465626F 		.ascii	"debounceTimerInterruptHandler\000"
 1525      756E6365 
 1525      54696D65 
 1525      72496E74 
 1525      65727275 
 1526              	.LASF87:
 1527 0386 4359424C 		.ascii	"CYBLE_EVT_L2CAP_CBFC_DATA_WRITE_IND\000"
 1527      455F4556 
 1527      545F4C32 
 1527      4341505F 
 1527      43424643 
 1528              	.LASF100:
 1529 03aa 61747472 		.ascii	"attrHandle\000"
 1529      48616E64 
 1529      6C6500
 1530              	.LASF99:
 1531 03b5 76616C75 		.ascii	"value\000"
 1531      6500
 1532              	.LASF74:
 1533 03bb 4359424C 		.ascii	"CYBLE_EVT_GATTC_STOP_CMD_COMPLETE\000"
 1533      455F4556 
 1533      545F4741 
 1533      5454435F 
 1533      53544F50 
 1534              	.LASF10:
 1535 03dd 756E7369 		.ascii	"unsigned int\000"
 1535      676E6564 
 1535      20696E74 
 1535      00
 1536              	.LASF89:
 1537 03ea 4359424C 		.ascii	"CYBLE_EVT_LE_PING_AUTH_TIMEOUT\000"
 1537      455F4556 
 1537      545F4C45 
 1537      5F50494E 
 1537      475F4155 
 1538              	.LASF12:
 1539 0409 75696E74 		.ascii	"uint16_t\000"
ARM GAS  C:\Users\munee\AppData\Local\Temp\ccxYelPU.s 			page 34


 1539      31365F74 
 1539      00
 1540              	.LASF7:
 1541 0412 6C6F6E67 		.ascii	"long unsigned int\000"
 1541      20756E73 
 1541      69676E65 
 1541      6420696E 
 1541      7400
 1542              	.LASF48:
 1543 0424 4359424C 		.ascii	"CYBLE_EVT_GAP_CONN_ESTB\000"
 1543      455F4556 
 1543      545F4741 
 1543      505F434F 
 1543      4E4E5F45 
 1544              	.LASF64:
 1545 043c 4359424C 		.ascii	"CYBLE_EVT_GATTS_WRITE_REQ\000"
 1545      455F4556 
 1545      545F4741 
 1545      5454535F 
 1545      57524954 
 1546              	.LASF56:
 1547 0456 4359424C 		.ascii	"CYBLE_EVT_GATTC_XCHNG_MTU_RSP\000"
 1547      455F4556 
 1547      545F4741 
 1547      5454435F 
 1547      5843484E 
 1548              	.LASF73:
 1549 0474 4359424C 		.ascii	"CYBLE_EVT_GATTS_DATA_SIGNED_CMD_REQ\000"
 1549      455F4556 
 1549      545F4741 
 1549      5454535F 
 1549      44415441 
 1550              	.LASF76:
 1551 0498 4359424C 		.ascii	"CYBLE_EVT_GATTC_LONG_PROCEDURE_END\000"
 1551      455F4556 
 1551      545F4741 
 1551      5454435F 
 1551      4C4F4E47 
 1552              	.LASF5:
 1553 04bb 73686F72 		.ascii	"short unsigned int\000"
 1553      7420756E 
 1553      7369676E 
 1553      65642069 
 1553      6E7400
 1554              	.LASF21:
 1555 04ce 4359424C 		.ascii	"CYBLE_EVT_HOST_INVALID\000"
 1555      455F4556 
 1555      545F484F 
 1555      53545F49 
 1555      4E56414C 
 1556              	.LASF59:
 1557 04e5 4359424C 		.ascii	"CYBLE_EVT_GATTC_FIND_INFO_RSP\000"
 1557      455F4556 
 1557      545F4741 
 1557      5454435F 
 1557      46494E44 
 1558              	.LASF27:
ARM GAS  C:\Users\munee\AppData\Local\Temp\ccxYelPU.s 			page 35


 1559 0503 4359424C 		.ascii	"CYBLE_EVT_MEMORY_REQUEST\000"
 1559      455F4556 
 1559      545F4D45 
 1559      4D4F5259 
 1559      5F524551 
 1560              	.LASF68:
 1561 051c 4359424C 		.ascii	"CYBLE_EVT_GATTS_EXEC_WRITE_REQ\000"
 1561      455F4556 
 1561      545F4741 
 1561      5454535F 
 1561      45584543 
 1562              	.LASF30:
 1563 053b 4359424C 		.ascii	"CYBLE_EVT_GAP_PASSKEY_ENTRY_REQUEST\000"
 1563      455F4556 
 1563      545F4741 
 1563      505F5041 
 1563      53534B45 
 1564              	.LASF35:
 1565 055f 4359424C 		.ascii	"CYBLE_EVT_GAP_DEVICE_CONNECTED\000"
 1565      455F4556 
 1565      545F4741 
 1565      505F4445 
 1565      56494345 
 1566              	.LASF121:
 1567 057e 6D61696E 		.ascii	"main.c\000"
 1567      2E6300
 1568              	.LASF50:
 1569 0585 4359424C 		.ascii	"CYBLE_EVT_GAP_AUTH_REQ_REPLY_ERR\000"
 1569      455F4556 
 1569      545F4741 
 1569      505F4155 
 1569      54485F52 
 1570              	.LASF120:
 1571 05a6 474E5520 		.ascii	"GNU C11 5.4.1 20160609 (release) [ARM/embedded-5-br"
 1571      43313120 
 1571      352E342E 
 1571      31203230 
 1571      31363036 
 1572 05d9 616E6368 		.ascii	"anch revision 237715] -mcpu=cortex-m0 -mthumb -g -O"
 1572      20726576 
 1572      6973696F 
 1572      6E203233 
 1572      37373135 
 1573 060c 30202D66 		.ascii	"0 -ffunction-sections -ffat-lto-objects\000"
 1573      66756E63 
 1573      74696F6E 
 1573      2D736563 
 1573      74696F6E 
 1574              	.LASF53:
 1575 0634 4359424C 		.ascii	"CYBLE_EVT_GATT_CONNECT_IND\000"
 1575      455F4556 
 1575      545F4741 
 1575      54545F43 
 1575      4F4E4E45 
 1576              	.LASF95:
 1577 064f 61747449 		.ascii	"attId\000"
 1577      6400
ARM GAS  C:\Users\munee\AppData\Local\Temp\ccxYelPU.s 			page 36


 1578              	.LASF79:
 1579 0655 4359424C 		.ascii	"CYBLE_EVT_L2CAP_COMMAND_REJ\000"
 1579      455F4556 
 1579      545F4C32 
 1579      4341505F 
 1579      434F4D4D 
 1580              	.LASF28:
 1581 0671 4359424C 		.ascii	"CYBLE_EVT_GAPC_SCAN_PROGRESS_RESULT\000"
 1581      455F4556 
 1581      545F4741 
 1581      50435F53 
 1581      43414E5F 
 1582              	.LASF103:
 1583 0695 68616E64 		.ascii	"handleValPair\000"
 1583      6C655661 
 1583      6C506169 
 1583      7200
 1584              	.LASF51:
 1585 06a3 4359424C 		.ascii	"CYBLE_EVT_GAP_SMP_LOC_P256_KEYS_GEN_AND_SET_COMPLET"
 1585      455F4556 
 1585      545F4741 
 1585      505F534D 
 1585      505F4C4F 
 1586 06d6 4500     		.ascii	"E\000"
 1587              	.LASF80:
 1588 06d8 4359424C 		.ascii	"CYBLE_EVT_L2CAP_CBFC_CONN_IND\000"
 1588      455F4556 
 1588      545F4C32 
 1588      4341505F 
 1588      43424643 
 1589              	.LASF58:
 1590 06f6 4359424C 		.ascii	"CYBLE_EVT_GATTC_READ_BY_TYPE_RSP\000"
 1590      455F4556 
 1590      545F4741 
 1590      5454435F 
 1590      52454144 
 1591              	.LASF20:
 1592 0717 73697A65 		.ascii	"sizetype\000"
 1592      74797065 
 1592      00
 1593              	.LASF104:
 1594 0720 4359424C 		.ascii	"CYBLE_GATTS_WRITE_REQ_PARAM_T\000"
 1594      455F4741 
 1594      5454535F 
 1594      57524954 
 1594      455F5245 
 1595              	.LASF33:
 1596 073e 4359424C 		.ascii	"CYBLE_EVT_GAP_AUTH_FAILED\000"
 1596      455F4556 
 1596      545F4741 
 1596      505F4155 
 1596      54485F46 
 1597              	.LASF65:
 1598 0758 4359424C 		.ascii	"CYBLE_EVT_GATTC_WRITE_RSP\000"
 1598      455F4556 
 1598      545F4741 
 1598      5454435F 
ARM GAS  C:\Users\munee\AppData\Local\Temp\ccxYelPU.s 			page 37


 1598      57524954 
 1599              	.LASF46:
 1600 0772 4359424C 		.ascii	"CYBLE_EVT_GAPC_DIRECT_ADV_REPORT\000"
 1600      455F4556 
 1600      545F4741 
 1600      50435F44 
 1600      49524543 
 1601              	.LASF44:
 1602 0793 4359424C 		.ascii	"CYBLE_EVT_GAP_DATA_LENGTH_CHANGE\000"
 1602      455F4556 
 1602      545F4741 
 1602      505F4441 
 1602      54415F4C 
 1603              	.LASF49:
 1604 07b4 4359424C 		.ascii	"CYBLE_EVT_GAP_SCAN_REQ_RECVD\000"
 1604      455F4556 
 1604      545F4741 
 1604      505F5343 
 1604      414E5F52 
 1605              	.LASF32:
 1606 07d1 4359424C 		.ascii	"CYBLE_EVT_GAP_AUTH_COMPLETE\000"
 1606      455F4556 
 1606      545F4741 
 1606      505F4155 
 1606      54485F43 
 1607              	.LASF70:
 1608 07ed 4359424C 		.ascii	"CYBLE_EVT_GATTC_HANDLE_VALUE_NTF\000"
 1608      455F4556 
 1608      545F4741 
 1608      5454435F 
 1608      48414E44 
 1609              	.LASF101:
 1610 080e 4359424C 		.ascii	"CYBLE_GATT_HANDLE_VALUE_PAIR_T\000"
 1610      455F4741 
 1610      54545F48 
 1610      414E444C 
 1610      455F5641 
 1611              	.LASF81:
 1612 082d 4359424C 		.ascii	"CYBLE_EVT_L2CAP_CBFC_CONN_CNF\000"
 1612      455F4556 
 1612      545F4C32 
 1612      4341505F 
 1612      43424643 
 1613              	.LASF116:
 1614 084b 6973436F 		.ascii	"isConnected\000"
 1614      6E6E6563 
 1614      74656400 
 1615              	.LASF57:
 1616 0857 4359424C 		.ascii	"CYBLE_EVT_GATTC_READ_BY_GROUP_TYPE_RSP\000"
 1616      455F4556 
 1616      545F4741 
 1616      5454435F 
 1616      52454144 
 1617              	.LASF16:
 1618 087e 666C6F61 		.ascii	"float\000"
 1618      7400
 1619              	.LASF117:
ARM GAS  C:\Users\munee\AppData\Local\Temp\ccxYelPU.s 			page 38


 1620 0884 6E6F7469 		.ascii	"notificationsEnabled\000"
 1620      66696361 
 1620      74696F6E 
 1620      73456E61 
 1620      626C6564 
 1621              	.LASF1:
 1622 0899 756E7369 		.ascii	"unsigned char\000"
 1622      676E6564 
 1622      20636861 
 1622      7200
 1623              	.LASF42:
 1624 08a7 4359424C 		.ascii	"CYBLE_EVT_GAP_KEYPRESS_NOTIFICATION\000"
 1624      455F4556 
 1624      545F4741 
 1624      505F4B45 
 1624      59505245 
 1625              	.LASF2:
 1626 08cb 73686F72 		.ascii	"short int\000"
 1626      7420696E 
 1626      7400
 1627              	.LASF71:
 1628 08d5 4359424C 		.ascii	"CYBLE_EVT_GATTC_HANDLE_VALUE_IND\000"
 1628      455F4556 
 1628      545F4741 
 1628      5454435F 
 1628      48414E44 
 1629              	.LASF109:
 1630 08f6 77725265 		.ascii	"wrReq\000"
 1630      7100
 1631              	.LASF90:
 1632 08fc 4359424C 		.ascii	"CYBLE_EVT_HCI_PKT\000"
 1632      455F4556 
 1632      545F4843 
 1632      495F504B 
 1632      5400
 1633              	.LASF111:
 1634 090e 636F6D70 		.ascii	"compareValue\000"
 1634      61726556 
 1634      616C7565 
 1634      00
 1635              	.LASF67:
 1636 091b 4359424C 		.ascii	"CYBLE_EVT_GATTS_PREP_WRITE_REQ\000"
 1636      455F4556 
 1636      545F4741 
 1636      5454535F 
 1636      50524550 
 1637              	.LASF105:
 1638 093a 73776974 		.ascii	"switch_interrupt_handler\000"
 1638      63685F69 
 1638      6E746572 
 1638      72757074 
 1638      5F68616E 
 1639              	.LASF72:
 1640 0953 4359424C 		.ascii	"CYBLE_EVT_GATTS_HANDLE_VALUE_CNF\000"
 1640      455F4556 
 1640      545F4741 
 1640      5454535F 
ARM GAS  C:\Users\munee\AppData\Local\Temp\ccxYelPU.s 			page 39


 1640      48414E44 
 1641              	.LASF52:
 1642 0974 4359424C 		.ascii	"CYBLE_EVT_GATTC_ERROR_RSP\000"
 1642      455F4556 
 1642      545F4741 
 1642      5454435F 
 1642      4552524F 
 1643              	.LASF47:
 1644 098e 4359424C 		.ascii	"CYBLE_EVT_GAP_SMP_NEGOTIATED_AUTH_INFO\000"
 1644      455F4556 
 1644      545F4741 
 1644      505F534D 
 1644      505F4E45 
 1645              	.LASF19:
 1646 09b5 6C6F6E67 		.ascii	"long double\000"
 1646      20646F75 
 1646      626C6500 
 1647              	.LASF110:
 1648 09c1 72656365 		.ascii	"receivedValue\000"
 1648      69766564 
 1648      56616C75 
 1648      6500
 1649              	.LASF18:
 1650 09cf 63686172 		.ascii	"char\000"
 1650      00
 1651              	.LASF36:
 1652 09d4 4359424C 		.ascii	"CYBLE_EVT_GAP_DEVICE_DISCONNECTED\000"
 1652      455F4556 
 1652      545F4741 
 1652      505F4445 
 1652      56494345 
 1653              	.LASF4:
 1654 09f6 5F5F7569 		.ascii	"__uint16_t\000"
 1654      6E743136 
 1654      5F7400
 1655              	.LASF75:
 1656 0a01 4359424C 		.ascii	"CYBLE_EVT_GATTS_READ_CHAR_VAL_ACCESS_REQ\000"
 1656      455F4556 
 1656      545F4741 
 1656      5454535F 
 1656      52454144 
 1657              	.LASF86:
 1658 0a2a 4359424C 		.ascii	"CYBLE_EVT_L2CAP_CBFC_TX_CREDIT_IND\000"
 1658      455F4556 
 1658      545F4C32 
 1658      4341505F 
 1658      43424643 
 1659              	.LASF62:
 1660 0a4d 4359424C 		.ascii	"CYBLE_EVT_GATTC_READ_BLOB_RSP\000"
 1660      455F4556 
 1660      545F4741 
 1660      5454435F 
 1660      52454144 
 1661              	.LASF31:
 1662 0a6b 4359424C 		.ascii	"CYBLE_EVT_GAP_PASSKEY_DISPLAY_REQUEST\000"
 1662      455F4556 
 1662      545F4741 
ARM GAS  C:\Users\munee\AppData\Local\Temp\ccxYelPU.s 			page 40


 1662      505F5041 
 1662      53534B45 
 1663              	.LASF24:
 1664 0a91 4359424C 		.ascii	"CYBLE_EVT_HARDWARE_ERROR\000"
 1664      455F4556 
 1664      545F4841 
 1664      52445741 
 1664      52455F45 
 1665              	.LASF55:
 1666 0aaa 4359424C 		.ascii	"CYBLE_EVT_GATTS_XCNHG_MTU_REQ\000"
 1666      455F4556 
 1666      545F4741 
 1666      5454535F 
 1666      58434E48 
 1667              	.LASF108:
 1668 0ac8 6576656E 		.ascii	"eventParam\000"
 1668      74506172 
 1668      616D00
 1669              	.LASF122:
 1670 0ad3 433A5C55 		.ascii	"C:\\Users\\munee\\OneDrive\\Documents\\cypress\\CY8"
 1670      73657273 
 1670      5C6D756E 
 1670      65655C4F 
 1670      6E654472 
 1671 0b00 435F3134 		.ascii	"C_149KIT\\BLEModule.cydsn\000"
 1671      394B4954 
 1671      5C424C45 
 1671      4D6F6475 
 1671      6C652E63 
 1672              	.LASF11:
 1673 0b19 75696E74 		.ascii	"uint8_t\000"
 1673      385F7400 
 1674              	.LASF119:
 1675 0b21 64656C61 		.ascii	"delayValue\000"
 1675      7956616C 
 1675      756500
 1676              	.LASF60:
 1677 0b2c 4359424C 		.ascii	"CYBLE_EVT_GATTC_FIND_BY_TYPE_VALUE_RSP\000"
 1677      455F4556 
 1677      545F4741 
 1677      5454435F 
 1677      46494E44 
 1678              	.LASF40:
 1679 0b53 4359424C 		.ascii	"CYBLE_EVT_GAP_KEYINFO_EXCHNGE_CMPLT\000"
 1679      455F4556 
 1679      545F4741 
 1679      505F4B45 
 1679      59494E46 
 1680              	.LASF94:
 1681 0b77 62644861 		.ascii	"bdHandle\000"
 1681      6E646C65 
 1681      00
 1682              	.LASF118:
 1683 0b80 69734275 		.ascii	"isButtonPressed\000"
 1683      74746F6E 
 1683      50726573 
 1683      73656400 
ARM GAS  C:\Users\munee\AppData\Local\Temp\ccxYelPU.s 			page 41


 1684              	.LASF78:
 1685 0b90 4359424C 		.ascii	"CYBLE_EVT_L2CAP_CONN_PARAM_UPDATE_RSP\000"
 1685      455F4556 
 1685      545F4C32 
 1685      4341505F 
 1685      434F4E4E 
 1686              	.LASF113:
 1687 0bb6 6D61696E 		.ascii	"main\000"
 1687      00
 1688              	.LASF45:
 1689 0bbb 4359424C 		.ascii	"CYBLE_EVT_GAP_ENHANCE_CONN_COMPLETE\000"
 1689      455F4556 
 1689      545F4741 
 1689      505F454E 
 1689      48414E43 
 1690              	.LASF93:
 1691 0bdf 4359424C 		.ascii	"CYBLE_GATT_DB_ATTR_HANDLE_T\000"
 1691      455F4741 
 1691      54545F44 
 1691      425F4154 
 1691      54525F48 
 1692              	.LASF54:
 1693 0bfb 4359424C 		.ascii	"CYBLE_EVT_GATT_DISCONNECT_IND\000"
 1693      455F4556 
 1693      545F4741 
 1693      54545F44 
 1693      4953434F 
 1694              	.LASF91:
 1695 0c19 4359424C 		.ascii	"CYBLE_EVT_FLASH_CORRUPT\000"
 1695      455F4556 
 1695      545F464C 
 1695      4153485F 
 1695      434F5252 
 1696              		.ident	"GCC: (GNU Tools for ARM Embedded Processors) 5.4.1 20160609 (release) [ARM/embedded-5-bran
